{"/home/alessandrodev/Workspace/types-ddd-v2/lib/core/index.ts": {"path":"/home/alessandrodev/Workspace/types-ddd-v2/lib/core/index.ts","all":false,"statementMap":{"0":{"start":{"line":1,"column":0},"end":{"line":1,"column":36}},"1":{"start":{"line":2,"column":0},"end":{"line":2,"column":114}},"2":{"start":{"line":3,"column":0},"end":{"line":3,"column":52}},"3":{"start":{"line":4,"column":0},"end":{"line":4,"column":0}},"4":{"start":{"line":5,"column":0},"end":{"line":5,"column":50}},"5":{"start":{"line":6,"column":0},"end":{"line":6,"column":30}},"6":{"start":{"line":7,"column":0},"end":{"line":7,"column":34}},"7":{"start":{"line":8,"column":0},"end":{"line":8,"column":47}},"8":{"start":{"line":9,"column":0},"end":{"line":9,"column":52}},"9":{"start":{"line":10,"column":0},"end":{"line":10,"column":43}},"10":{"start":{"line":11,"column":0},"end":{"line":11,"column":0}},"11":{"start":{"line":12,"column":0},"end":{"line":12,"column":50}},"12":{"start":{"line":13,"column":0},"end":{"line":13,"column":25}},"13":{"start":{"line":14,"column":0},"end":{"line":14,"column":41}},"14":{"start":{"line":15,"column":0},"end":{"line":15,"column":28}},"15":{"start":{"line":16,"column":0},"end":{"line":16,"column":78}},"16":{"start":{"line":17,"column":0},"end":{"line":17,"column":60}},"17":{"start":{"line":18,"column":0},"end":{"line":18,"column":2}},"18":{"start":{"line":19,"column":0},"end":{"line":19,"column":0}},"19":{"start":{"line":20,"column":0},"end":{"line":20,"column":67}},"20":{"start":{"line":21,"column":0},"end":{"line":21,"column":33}},"21":{"start":{"line":22,"column":0},"end":{"line":22,"column":2}},"22":{"start":{"line":23,"column":0},"end":{"line":23,"column":0}},"23":{"start":{"line":24,"column":0},"end":{"line":24,"column":21}},"24":{"start":{"line":25,"column":0},"end":{"line":25,"column":35}},"25":{"start":{"line":26,"column":0},"end":{"line":26,"column":53}},"26":{"start":{"line":27,"column":0},"end":{"line":27,"column":2}},"27":{"start":{"line":28,"column":0},"end":{"line":28,"column":0}},"28":{"start":{"line":29,"column":0},"end":{"line":29,"column":21}},"29":{"start":{"line":30,"column":0},"end":{"line":30,"column":35}},"30":{"start":{"line":31,"column":0},"end":{"line":31,"column":38}},"31":{"start":{"line":32,"column":0},"end":{"line":32,"column":2}},"32":{"start":{"line":33,"column":0},"end":{"line":33,"column":0}},"33":{"start":{"line":34,"column":0},"end":{"line":34,"column":21}},"34":{"start":{"line":35,"column":0},"end":{"line":35,"column":28}},"35":{"start":{"line":36,"column":0},"end":{"line":36,"column":2}},"36":{"start":{"line":37,"column":0},"end":{"line":37,"column":0}},"37":{"start":{"line":38,"column":0},"end":{"line":38,"column":12}},"38":{"start":{"line":39,"column":0},"end":{"line":39,"column":23}},"39":{"start":{"line":40,"column":0},"end":{"line":40,"column":64}},"40":{"start":{"line":41,"column":0},"end":{"line":41,"column":30}},"41":{"start":{"line":42,"column":0},"end":{"line":42,"column":41}},"42":{"start":{"line":43,"column":0},"end":{"line":43,"column":4}},"43":{"start":{"line":44,"column":0},"end":{"line":44,"column":40}},"44":{"start":{"line":45,"column":0},"end":{"line":45,"column":28}},"45":{"start":{"line":46,"column":0},"end":{"line":46,"column":70}},"46":{"start":{"line":47,"column":0},"end":{"line":47,"column":27}},"47":{"start":{"line":48,"column":0},"end":{"line":48,"column":4}},"48":{"start":{"line":49,"column":0},"end":{"line":49,"column":57}},"49":{"start":{"line":50,"column":0},"end":{"line":50,"column":17}},"50":{"start":{"line":51,"column":0},"end":{"line":51,"column":22}},"51":{"start":{"line":52,"column":0},"end":{"line":52,"column":2}},"52":{"start":{"line":53,"column":0},"end":{"line":53,"column":0}},"53":{"start":{"line":54,"column":0},"end":{"line":54,"column":12}},"54":{"start":{"line":55,"column":0},"end":{"line":55,"column":23}},"55":{"start":{"line":56,"column":0},"end":{"line":56,"column":79}},"56":{"start":{"line":57,"column":0},"end":{"line":57,"column":30}},"57":{"start":{"line":58,"column":0},"end":{"line":58,"column":41}},"58":{"start":{"line":59,"column":0},"end":{"line":59,"column":4}},"59":{"start":{"line":60,"column":0},"end":{"line":60,"column":40}},"60":{"start":{"line":61,"column":0},"end":{"line":61,"column":28}},"61":{"start":{"line":62,"column":0},"end":{"line":62,"column":70}},"62":{"start":{"line":63,"column":0},"end":{"line":63,"column":27}},"63":{"start":{"line":64,"column":0},"end":{"line":64,"column":4}},"64":{"start":{"line":65,"column":0},"end":{"line":65,"column":57}},"65":{"start":{"line":66,"column":0},"end":{"line":66,"column":16}},"66":{"start":{"line":67,"column":0},"end":{"line":67,"column":21}},"67":{"start":{"line":68,"column":0},"end":{"line":68,"column":2}},"68":{"start":{"line":69,"column":0},"end":{"line":69,"column":0}},"69":{"start":{"line":70,"column":0},"end":{"line":70,"column":13}},"70":{"start":{"line":71,"column":0},"end":{"line":71,"column":31}},"71":{"start":{"line":72,"column":0},"end":{"line":72,"column":2}},"72":{"start":{"line":73,"column":0},"end":{"line":73,"column":0}},"73":{"start":{"line":74,"column":0},"end":{"line":74,"column":12}},"74":{"start":{"line":75,"column":0},"end":{"line":75,"column":32}},"75":{"start":{"line":76,"column":0},"end":{"line":76,"column":2}},"76":{"start":{"line":77,"column":0},"end":{"line":77,"column":0}},"77":{"start":{"line":78,"column":0},"end":{"line":78,"column":25}},"78":{"start":{"line":79,"column":0},"end":{"line":79,"column":60}},"79":{"start":{"line":80,"column":0},"end":{"line":80,"column":26}},"80":{"start":{"line":81,"column":0},"end":{"line":81,"column":15}},"81":{"start":{"line":82,"column":0},"end":{"line":82,"column":3}},"82":{"start":{"line":83,"column":0},"end":{"line":83,"column":24}},"83":{"start":{"line":84,"column":0},"end":{"line":84,"column":14}},"84":{"start":{"line":85,"column":0},"end":{"line":85,"column":2}},"85":{"start":{"line":86,"column":0},"end":{"line":86,"column":0}},"86":{"start":{"line":87,"column":0},"end":{"line":87,"column":24}},"87":{"start":{"line":88,"column":0},"end":{"line":88,"column":75}},"88":{"start":{"line":89,"column":0},"end":{"line":89,"column":36}},"89":{"start":{"line":90,"column":0},"end":{"line":90,"column":15}},"90":{"start":{"line":91,"column":0},"end":{"line":91,"column":3}},"91":{"start":{"line":92,"column":0},"end":{"line":92,"column":39}},"92":{"start":{"line":93,"column":0},"end":{"line":93,"column":14}},"93":{"start":{"line":94,"column":0},"end":{"line":94,"column":2}},"94":{"start":{"line":95,"column":0},"end":{"line":95,"column":0}},"95":{"start":{"line":96,"column":0},"end":{"line":96,"column":23}},"96":{"start":{"line":97,"column":0},"end":{"line":97,"column":36}},"97":{"start":{"line":98,"column":0},"end":{"line":98,"column":25}},"98":{"start":{"line":99,"column":0},"end":{"line":99,"column":14}},"99":{"start":{"line":100,"column":0},"end":{"line":100,"column":2}},"100":{"start":{"line":101,"column":0},"end":{"line":101,"column":0}},"101":{"start":{"line":102,"column":0},"end":{"line":102,"column":33}},"102":{"start":{"line":103,"column":0},"end":{"line":103,"column":24}},"103":{"start":{"line":104,"column":0},"end":{"line":104,"column":14}},"104":{"start":{"line":105,"column":0},"end":{"line":105,"column":2}},"105":{"start":{"line":106,"column":0},"end":{"line":106,"column":0}},"106":{"start":{"line":107,"column":0},"end":{"line":107,"column":28}},"107":{"start":{"line":108,"column":0},"end":{"line":108,"column":29}},"108":{"start":{"line":109,"column":0},"end":{"line":109,"column":2}},"109":{"start":{"line":110,"column":0},"end":{"line":110,"column":0}},"110":{"start":{"line":111,"column":0},"end":{"line":111,"column":35}},"111":{"start":{"line":112,"column":0},"end":{"line":112,"column":25}},"112":{"start":{"line":113,"column":0},"end":{"line":113,"column":27}},"113":{"start":{"line":114,"column":0},"end":{"line":114,"column":14}},"114":{"start":{"line":115,"column":0},"end":{"line":115,"column":2}},"115":{"start":{"line":116,"column":0},"end":{"line":116,"column":0}},"116":{"start":{"line":117,"column":0},"end":{"line":117,"column":28}},"117":{"start":{"line":118,"column":0},"end":{"line":118,"column":64}},"118":{"start":{"line":119,"column":0},"end":{"line":119,"column":19}},"119":{"start":{"line":120,"column":0},"end":{"line":120,"column":14}},"120":{"start":{"line":121,"column":0},"end":{"line":121,"column":2}},"121":{"start":{"line":122,"column":0},"end":{"line":122,"column":0}},"122":{"start":{"line":123,"column":0},"end":{"line":123,"column":29}},"123":{"start":{"line":124,"column":0},"end":{"line":124,"column":52}},"124":{"start":{"line":125,"column":0},"end":{"line":125,"column":21}},"125":{"start":{"line":126,"column":0},"end":{"line":126,"column":14}},"126":{"start":{"line":127,"column":0},"end":{"line":127,"column":2}},"127":{"start":{"line":128,"column":0},"end":{"line":128,"column":0}},"128":{"start":{"line":129,"column":0},"end":{"line":129,"column":22}},"129":{"start":{"line":130,"column":0},"end":{"line":130,"column":20}},"130":{"start":{"line":131,"column":0},"end":{"line":131,"column":2}},"131":{"start":{"line":132,"column":0},"end":{"line":132,"column":0}},"132":{"start":{"line":133,"column":0},"end":{"line":133,"column":18}},"133":{"start":{"line":134,"column":0},"end":{"line":134,"column":27}},"134":{"start":{"line":135,"column":0},"end":{"line":135,"column":2}},"135":{"start":{"line":136,"column":0},"end":{"line":136,"column":1}},"136":{"start":{"line":137,"column":0},"end":{"line":137,"column":0}},"137":{"start":{"line":138,"column":0},"end":{"line":138,"column":3}},"138":{"start":{"line":139,"column":0},"end":{"line":139,"column":83}},"139":{"start":{"line":140,"column":0},"end":{"line":140,"column":28}},"140":{"start":{"line":141,"column":0},"end":{"line":141,"column":74}},"141":{"start":{"line":142,"column":0},"end":{"line":142,"column":3}},"142":{"start":{"line":143,"column":0},"end":{"line":143,"column":69}},"143":{"start":{"line":144,"column":0},"end":{"line":144,"column":0}},"144":{"start":{"line":145,"column":0},"end":{"line":145,"column":38}},"145":{"start":{"line":146,"column":0},"end":{"line":146,"column":38}},"146":{"start":{"line":147,"column":0},"end":{"line":147,"column":34}},"147":{"start":{"line":148,"column":0},"end":{"line":148,"column":35}},"148":{"start":{"line":149,"column":0},"end":{"line":149,"column":33}},"149":{"start":{"line":150,"column":0},"end":{"line":150,"column":0}},"150":{"start":{"line":151,"column":0},"end":{"line":151,"column":77}},"151":{"start":{"line":152,"column":0},"end":{"line":152,"column":30}},"152":{"start":{"line":153,"column":0},"end":{"line":153,"column":31}},"153":{"start":{"line":154,"column":0},"end":{"line":154,"column":28}},"154":{"start":{"line":155,"column":0},"end":{"line":155,"column":30}},"155":{"start":{"line":156,"column":0},"end":{"line":156,"column":34}},"156":{"start":{"line":157,"column":0},"end":{"line":157,"column":2}},"157":{"start":{"line":158,"column":0},"end":{"line":158,"column":0}},"158":{"start":{"line":159,"column":0},"end":{"line":159,"column":75}},"159":{"start":{"line":160,"column":0},"end":{"line":160,"column":78}},"160":{"start":{"line":161,"column":0},"end":{"line":161,"column":2}},"161":{"start":{"line":162,"column":0},"end":{"line":162,"column":0}},"162":{"start":{"line":163,"column":0},"end":{"line":163,"column":72}},"163":{"start":{"line":164,"column":0},"end":{"line":164,"column":80}},"164":{"start":{"line":165,"column":0},"end":{"line":165,"column":2}},"165":{"start":{"line":166,"column":0},"end":{"line":166,"column":0}},"166":{"start":{"line":167,"column":0},"end":{"line":167,"column":95}},"167":{"start":{"line":168,"column":0},"end":{"line":168,"column":100}},"168":{"start":{"line":169,"column":0},"end":{"line":169,"column":2}},"169":{"start":{"line":170,"column":0},"end":{"line":170,"column":0}},"170":{"start":{"line":171,"column":0},"end":{"line":171,"column":83}},"171":{"start":{"line":172,"column":0},"end":{"line":172,"column":41}},"172":{"start":{"line":173,"column":0},"end":{"line":173,"column":110}},"173":{"start":{"line":174,"column":0},"end":{"line":174,"column":30}},"174":{"start":{"line":175,"column":0},"end":{"line":175,"column":41}},"175":{"start":{"line":176,"column":0},"end":{"line":176,"column":55}},"176":{"start":{"line":177,"column":0},"end":{"line":177,"column":3}},"177":{"start":{"line":178,"column":0},"end":{"line":178,"column":26}},"178":{"start":{"line":179,"column":0},"end":{"line":179,"column":2}},"179":{"start":{"line":180,"column":0},"end":{"line":180,"column":0}},"180":{"start":{"line":181,"column":0},"end":{"line":181,"column":45}},"181":{"start":{"line":182,"column":0},"end":{"line":182,"column":10}},"182":{"start":{"line":183,"column":0},"end":{"line":183,"column":55}},"183":{"start":{"line":184,"column":0},"end":{"line":184,"column":75}},"184":{"start":{"line":185,"column":0},"end":{"line":185,"column":72}},"185":{"start":{"line":186,"column":0},"end":{"line":186,"column":5}},"186":{"start":{"line":187,"column":0},"end":{"line":187,"column":26}},"187":{"start":{"line":188,"column":0},"end":{"line":188,"column":12}},"188":{"start":{"line":189,"column":0},"end":{"line":189,"column":57}},"189":{"start":{"line":190,"column":0},"end":{"line":190,"column":81}},"190":{"start":{"line":191,"column":0},"end":{"line":191,"column":78}},"191":{"start":{"line":192,"column":0},"end":{"line":192,"column":6}},"192":{"start":{"line":193,"column":0},"end":{"line":193,"column":5}},"193":{"start":{"line":194,"column":0},"end":{"line":194,"column":4}},"194":{"start":{"line":195,"column":0},"end":{"line":195,"column":4}},"195":{"start":{"line":196,"column":0},"end":{"line":196,"column":2}},"196":{"start":{"line":197,"column":0},"end":{"line":197,"column":0}},"197":{"start":{"line":198,"column":0},"end":{"line":198,"column":13}},"198":{"start":{"line":199,"column":0},"end":{"line":199,"column":25}},"199":{"start":{"line":200,"column":0},"end":{"line":200,"column":2}},"200":{"start":{"line":201,"column":0},"end":{"line":201,"column":0}},"201":{"start":{"line":202,"column":0},"end":{"line":202,"column":13}},"202":{"start":{"line":203,"column":0},"end":{"line":203,"column":26}},"203":{"start":{"line":204,"column":0},"end":{"line":204,"column":2}},"204":{"start":{"line":205,"column":0},"end":{"line":205,"column":0}},"205":{"start":{"line":206,"column":0},"end":{"line":206,"column":23}},"206":{"start":{"line":207,"column":0},"end":{"line":207,"column":25}},"207":{"start":{"line":208,"column":0},"end":{"line":208,"column":2}},"208":{"start":{"line":209,"column":0},"end":{"line":209,"column":0}},"209":{"start":{"line":210,"column":0},"end":{"line":210,"column":23}},"210":{"start":{"line":211,"column":0},"end":{"line":211,"column":25}},"211":{"start":{"line":212,"column":0},"end":{"line":212,"column":2}},"212":{"start":{"line":213,"column":0},"end":{"line":213,"column":0}},"213":{"start":{"line":214,"column":0},"end":{"line":214,"column":16}},"214":{"start":{"line":215,"column":0},"end":{"line":215,"column":24}},"215":{"start":{"line":216,"column":0},"end":{"line":216,"column":2}},"216":{"start":{"line":217,"column":0},"end":{"line":217,"column":0}},"217":{"start":{"line":218,"column":0},"end":{"line":218,"column":22}},"218":{"start":{"line":219,"column":0},"end":{"line":219,"column":10}},"219":{"start":{"line":220,"column":0},"end":{"line":220,"column":30}},"220":{"start":{"line":221,"column":0},"end":{"line":221,"column":30}},"221":{"start":{"line":222,"column":0},"end":{"line":222,"column":32}},"222":{"start":{"line":223,"column":0},"end":{"line":223,"column":34}},"223":{"start":{"line":224,"column":0},"end":{"line":224,"column":32}},"224":{"start":{"line":225,"column":0},"end":{"line":225,"column":3}},"225":{"start":{"line":226,"column":0},"end":{"line":226,"column":2}},"226":{"start":{"line":227,"column":0},"end":{"line":227,"column":1}},"227":{"start":{"line":228,"column":0},"end":{"line":228,"column":0}},"228":{"start":{"line":229,"column":0},"end":{"line":229,"column":39}},"229":{"start":{"line":230,"column":0},"end":{"line":230,"column":24}},"230":{"start":{"line":231,"column":0},"end":{"line":231,"column":43}},"231":{"start":{"line":232,"column":0},"end":{"line":232,"column":0}},"232":{"start":{"line":233,"column":0},"end":{"line":233,"column":62}},"233":{"start":{"line":234,"column":0},"end":{"line":234,"column":21}},"234":{"start":{"line":235,"column":0},"end":{"line":235,"column":27}},"235":{"start":{"line":236,"column":0},"end":{"line":236,"column":28}},"236":{"start":{"line":237,"column":0},"end":{"line":237,"column":28}},"237":{"start":{"line":238,"column":0},"end":{"line":238,"column":16}},"238":{"start":{"line":239,"column":0},"end":{"line":239,"column":3}},"239":{"start":{"line":240,"column":0},"end":{"line":240,"column":2}},"240":{"start":{"line":241,"column":0},"end":{"line":241,"column":0}},"241":{"start":{"line":242,"column":0},"end":{"line":242,"column":37}},"242":{"start":{"line":243,"column":0},"end":{"line":243,"column":25}},"243":{"start":{"line":244,"column":0},"end":{"line":244,"column":2}},"244":{"start":{"line":245,"column":0},"end":{"line":245,"column":0}},"245":{"start":{"line":246,"column":0},"end":{"line":246,"column":4}},"246":{"start":{"line":247,"column":0},"end":{"line":247,"column":4}},"247":{"start":{"line":248,"column":0},"end":{"line":248,"column":47}},"248":{"start":{"line":249,"column":0},"end":{"line":249,"column":34}},"249":{"start":{"line":250,"column":0},"end":{"line":250,"column":4}},"250":{"start":{"line":251,"column":0},"end":{"line":251,"column":24}},"251":{"start":{"line":252,"column":0},"end":{"line":252,"column":83}},"252":{"start":{"line":253,"column":0},"end":{"line":253,"column":25}},"253":{"start":{"line":254,"column":0},"end":{"line":254,"column":2}},"254":{"start":{"line":255,"column":0},"end":{"line":255,"column":0}},"255":{"start":{"line":256,"column":0},"end":{"line":256,"column":4}},"256":{"start":{"line":257,"column":0},"end":{"line":257,"column":4}},"257":{"start":{"line":258,"column":0},"end":{"line":258,"column":44}},"258":{"start":{"line":259,"column":0},"end":{"line":259,"column":63}},"259":{"start":{"line":260,"column":0},"end":{"line":260,"column":4}},"260":{"start":{"line":261,"column":0},"end":{"line":261,"column":41}},"261":{"start":{"line":262,"column":0},"end":{"line":262,"column":10}},"262":{"start":{"line":263,"column":0},"end":{"line":263,"column":6}},"263":{"start":{"line":264,"column":0},"end":{"line":264,"column":6}},"264":{"start":{"line":265,"column":0},"end":{"line":265,"column":47}},"265":{"start":{"line":266,"column":0},"end":{"line":266,"column":125}},"266":{"start":{"line":267,"column":0},"end":{"line":267,"column":15}},"267":{"start":{"line":268,"column":0},"end":{"line":268,"column":36}},"268":{"start":{"line":269,"column":0},"end":{"line":269,"column":32}},"269":{"start":{"line":270,"column":0},"end":{"line":270,"column":6}},"270":{"start":{"line":271,"column":0},"end":{"line":271,"column":81}},"271":{"start":{"line":272,"column":0},"end":{"line":272,"column":52}},"272":{"start":{"line":273,"column":0},"end":{"line":273,"column":43}},"273":{"start":{"line":274,"column":0},"end":{"line":274,"column":41}},"274":{"start":{"line":275,"column":0},"end":{"line":275,"column":5}},"275":{"start":{"line":276,"column":0},"end":{"line":276,"column":28}},"276":{"start":{"line":277,"column":0},"end":{"line":277,"column":16}},"277":{"start":{"line":278,"column":0},"end":{"line":278,"column":4}},"278":{"start":{"line":279,"column":0},"end":{"line":279,"column":3}},"279":{"start":{"line":280,"column":0},"end":{"line":280,"column":2}},"280":{"start":{"line":281,"column":0},"end":{"line":281,"column":0}},"281":{"start":{"line":282,"column":0},"end":{"line":282,"column":110}},"282":{"start":{"line":283,"column":0},"end":{"line":283,"column":41}},"283":{"start":{"line":284,"column":0},"end":{"line":284,"column":39}},"284":{"start":{"line":285,"column":0},"end":{"line":285,"column":3}},"285":{"start":{"line":286,"column":0},"end":{"line":286,"column":26}},"286":{"start":{"line":287,"column":0},"end":{"line":287,"column":14}},"287":{"start":{"line":288,"column":0},"end":{"line":288,"column":2}},"288":{"start":{"line":289,"column":0},"end":{"line":289,"column":1}},"289":{"start":{"line":290,"column":0},"end":{"line":290,"column":0}},"290":{"start":{"line":291,"column":0},"end":{"line":291,"column":53}},"291":{"start":{"line":292,"column":0},"end":{"line":292,"column":19}},"292":{"start":{"line":293,"column":0},"end":{"line":293,"column":25}},"293":{"start":{"line":294,"column":0},"end":{"line":294,"column":26}},"294":{"start":{"line":295,"column":0},"end":{"line":295,"column":40}},"295":{"start":{"line":296,"column":0},"end":{"line":296,"column":0}},"296":{"start":{"line":297,"column":0},"end":{"line":297,"column":30}},"297":{"start":{"line":298,"column":0},"end":{"line":298,"column":31}},"298":{"start":{"line":299,"column":0},"end":{"line":299,"column":34}},"299":{"start":{"line":300,"column":0},"end":{"line":300,"column":29}},"300":{"start":{"line":301,"column":0},"end":{"line":301,"column":38}},"301":{"start":{"line":302,"column":0},"end":{"line":302,"column":22}},"302":{"start":{"line":303,"column":0},"end":{"line":303,"column":15}},"303":{"start":{"line":304,"column":0},"end":{"line":304,"column":3}},"304":{"start":{"line":305,"column":0},"end":{"line":305,"column":36}},"305":{"start":{"line":306,"column":0},"end":{"line":306,"column":22}},"306":{"start":{"line":307,"column":0},"end":{"line":307,"column":14}},"307":{"start":{"line":308,"column":0},"end":{"line":308,"column":3}},"308":{"start":{"line":309,"column":0},"end":{"line":309,"column":0}},"309":{"start":{"line":310,"column":0},"end":{"line":310,"column":27}},"310":{"start":{"line":311,"column":0},"end":{"line":311,"column":21}},"311":{"start":{"line":312,"column":0},"end":{"line":312,"column":2}},"312":{"start":{"line":313,"column":0},"end":{"line":313,"column":0}},"313":{"start":{"line":314,"column":0},"end":{"line":314,"column":25}},"314":{"start":{"line":315,"column":0},"end":{"line":315,"column":17}},"315":{"start":{"line":316,"column":0},"end":{"line":316,"column":51}},"316":{"start":{"line":317,"column":0},"end":{"line":317,"column":2}},"317":{"start":{"line":318,"column":0},"end":{"line":318,"column":41}},"318":{"start":{"line":319,"column":0},"end":{"line":319,"column":40}},"319":{"start":{"line":320,"column":0},"end":{"line":320,"column":3}},"320":{"start":{"line":321,"column":0},"end":{"line":321,"column":0}},"321":{"start":{"line":322,"column":0},"end":{"line":322,"column":56}},"322":{"start":{"line":323,"column":0},"end":{"line":323,"column":36}},"323":{"start":{"line":324,"column":0},"end":{"line":324,"column":0}},"324":{"start":{"line":325,"column":0},"end":{"line":325,"column":40}},"325":{"start":{"line":326,"column":0},"end":{"line":326,"column":32}},"326":{"start":{"line":327,"column":0},"end":{"line":327,"column":28}},"327":{"start":{"line":328,"column":0},"end":{"line":328,"column":3}},"328":{"start":{"line":329,"column":0},"end":{"line":329,"column":0}},"329":{"start":{"line":330,"column":0},"end":{"line":330,"column":39}},"330":{"start":{"line":331,"column":0},"end":{"line":331,"column":41}},"331":{"start":{"line":332,"column":0},"end":{"line":332,"column":2}},"332":{"start":{"line":333,"column":0},"end":{"line":333,"column":0}},"333":{"start":{"line":334,"column":0},"end":{"line":334,"column":17}},"334":{"start":{"line":335,"column":0},"end":{"line":335,"column":21}},"335":{"start":{"line":336,"column":0},"end":{"line":336,"column":2}},"336":{"start":{"line":337,"column":0},"end":{"line":337,"column":0}},"337":{"start":{"line":338,"column":0},"end":{"line":338,"column":23}},"338":{"start":{"line":339,"column":0},"end":{"line":339,"column":21}},"339":{"start":{"line":340,"column":0},"end":{"line":340,"column":2}},"340":{"start":{"line":341,"column":0},"end":{"line":341,"column":0}},"341":{"start":{"line":342,"column":0},"end":{"line":342,"column":24}},"342":{"start":{"line":343,"column":0},"end":{"line":343,"column":25}},"343":{"start":{"line":344,"column":0},"end":{"line":344,"column":2}},"344":{"start":{"line":345,"column":0},"end":{"line":345,"column":0}},"345":{"start":{"line":346,"column":0},"end":{"line":346,"column":23}},"346":{"start":{"line":347,"column":0},"end":{"line":347,"column":52}},"347":{"start":{"line":348,"column":0},"end":{"line":348,"column":57}},"348":{"start":{"line":349,"column":0},"end":{"line":349,"column":2}},"349":{"start":{"line":350,"column":0},"end":{"line":350,"column":0}},"350":{"start":{"line":351,"column":0},"end":{"line":351,"column":37}},"351":{"start":{"line":352,"column":0},"end":{"line":352,"column":46}},"352":{"start":{"line":353,"column":0},"end":{"line":353,"column":49}},"353":{"start":{"line":354,"column":0},"end":{"line":354,"column":15}},"354":{"start":{"line":355,"column":0},"end":{"line":355,"column":2}},"355":{"start":{"line":356,"column":0},"end":{"line":356,"column":1}},"356":{"start":{"line":357,"column":0},"end":{"line":357,"column":41}},"357":{"start":{"line":358,"column":0},"end":{"line":358,"column":59}},"358":{"start":{"line":359,"column":0},"end":{"line":359,"column":33}},"359":{"start":{"line":360,"column":0},"end":{"line":360,"column":31}},"360":{"start":{"line":361,"column":0},"end":{"line":361,"column":17}},"361":{"start":{"line":362,"column":0},"end":{"line":362,"column":2}},"362":{"start":{"line":363,"column":0},"end":{"line":363,"column":0}},"363":{"start":{"line":364,"column":0},"end":{"line":364,"column":29}},"364":{"start":{"line":365,"column":0},"end":{"line":365,"column":41}},"365":{"start":{"line":366,"column":0},"end":{"line":366,"column":21}},"366":{"start":{"line":367,"column":0},"end":{"line":367,"column":44}},"367":{"start":{"line":368,"column":0},"end":{"line":368,"column":2}},"368":{"start":{"line":369,"column":0},"end":{"line":369,"column":0}},"369":{"start":{"line":370,"column":0},"end":{"line":370,"column":24}},"370":{"start":{"line":371,"column":0},"end":{"line":371,"column":56}},"371":{"start":{"line":372,"column":0},"end":{"line":372,"column":2}},"372":{"start":{"line":373,"column":0},"end":{"line":373,"column":0}},"373":{"start":{"line":374,"column":0},"end":{"line":374,"column":60}},"374":{"start":{"line":375,"column":0},"end":{"line":375,"column":25}},"375":{"start":{"line":376,"column":0},"end":{"line":376,"column":48}},"376":{"start":{"line":377,"column":0},"end":{"line":377,"column":16}},"377":{"start":{"line":378,"column":0},"end":{"line":378,"column":13}},"378":{"start":{"line":379,"column":0},"end":{"line":379,"column":3}},"379":{"start":{"line":380,"column":0},"end":{"line":380,"column":0}},"380":{"start":{"line":381,"column":0},"end":{"line":381,"column":66}},"381":{"start":{"line":382,"column":0},"end":{"line":382,"column":47}},"382":{"start":{"line":383,"column":0},"end":{"line":383,"column":2}},"383":{"start":{"line":384,"column":0},"end":{"line":384,"column":1}},"384":{"start":{"line":385,"column":0},"end":{"line":385,"column":0}},"385":{"start":{"line":386,"column":0},"end":{"line":386,"column":81}},"386":{"start":{"line":387,"column":0},"end":{"line":387,"column":24}},"387":{"start":{"line":388,"column":0},"end":{"line":388,"column":32}},"388":{"start":{"line":389,"column":0},"end":{"line":389,"column":63}},"389":{"start":{"line":390,"column":0},"end":{"line":390,"column":56}},"390":{"start":{"line":391,"column":0},"end":{"line":391,"column":0}},"391":{"start":{"line":392,"column":0},"end":{"line":392,"column":76}},"392":{"start":{"line":393,"column":0},"end":{"line":393,"column":23}},"393":{"start":{"line":394,"column":0},"end":{"line":394,"column":21}},"394":{"start":{"line":395,"column":0},"end":{"line":395,"column":27}},"395":{"start":{"line":396,"column":0},"end":{"line":396,"column":2}},"396":{"start":{"line":397,"column":0},"end":{"line":397,"column":0}},"397":{"start":{"line":398,"column":0},"end":{"line":398,"column":30}},"398":{"start":{"line":399,"column":0},"end":{"line":399,"column":18}},"399":{"start":{"line":400,"column":0},"end":{"line":400,"column":2}},"400":{"start":{"line":401,"column":0},"end":{"line":401,"column":0}},"401":{"start":{"line":402,"column":0},"end":{"line":402,"column":32}},"402":{"start":{"line":403,"column":0},"end":{"line":403,"column":78}},"403":{"start":{"line":404,"column":0},"end":{"line":404,"column":2}},"404":{"start":{"line":405,"column":0},"end":{"line":405,"column":0}},"405":{"start":{"line":406,"column":0},"end":{"line":406,"column":19}},"406":{"start":{"line":407,"column":0},"end":{"line":407,"column":23}},"407":{"start":{"line":408,"column":0},"end":{"line":408,"column":2}},"408":{"start":{"line":409,"column":0},"end":{"line":409,"column":0}},"409":{"start":{"line":410,"column":0},"end":{"line":410,"column":77}},"410":{"start":{"line":411,"column":0},"end":{"line":411,"column":86}},"411":{"start":{"line":412,"column":0},"end":{"line":412,"column":3}},"412":{"start":{"line":413,"column":0},"end":{"line":413,"column":1}},"413":{"start":{"line":414,"column":0},"end":{"line":414,"column":0}},"414":{"start":{"line":415,"column":0},"end":{"line":415,"column":73}},"415":{"start":{"line":416,"column":0},"end":{"line":416,"column":0}},"416":{"start":{"line":417,"column":0},"end":{"line":417,"column":76}},"417":{"start":{"line":418,"column":0},"end":{"line":418,"column":27}},"418":{"start":{"line":419,"column":0},"end":{"line":419,"column":2}},"419":{"start":{"line":420,"column":0},"end":{"line":420,"column":0}},"420":{"start":{"line":421,"column":0},"end":{"line":421,"column":39}},"421":{"start":{"line":422,"column":0},"end":{"line":422,"column":81}},"422":{"start":{"line":423,"column":0},"end":{"line":423,"column":2}},"423":{"start":{"line":424,"column":0},"end":{"line":424,"column":1}},"424":{"start":{"line":425,"column":0},"end":{"line":425,"column":80}},"425":{"start":{"line":426,"column":0},"end":{"line":426,"column":89}},"426":{"start":{"line":427,"column":0},"end":{"line":427,"column":3}},"427":{"start":{"line":428,"column":0},"end":{"line":428,"column":1}},"428":{"start":{"line":429,"column":0},"end":{"line":429,"column":0}},"429":{"start":{"line":430,"column":0},"end":{"line":430,"column":75}},"430":{"start":{"line":431,"column":0},"end":{"line":431,"column":24}},"431":{"start":{"line":432,"column":0},"end":{"line":432,"column":63}},"432":{"start":{"line":433,"column":0},"end":{"line":433,"column":56}},"433":{"start":{"line":434,"column":0},"end":{"line":434,"column":0}},"434":{"start":{"line":435,"column":0},"end":{"line":435,"column":62}},"435":{"start":{"line":436,"column":0},"end":{"line":436,"column":23}},"436":{"start":{"line":437,"column":0},"end":{"line":437,"column":21}},"437":{"start":{"line":438,"column":0},"end":{"line":438,"column":2}},"438":{"start":{"line":439,"column":0},"end":{"line":439,"column":1}},"439":{"start":{"line":440,"column":0},"end":{"line":440,"column":49}},"440":{"start":{"line":441,"column":0},"end":{"line":441,"column":81}},"441":{"start":{"line":442,"column":0},"end":{"line":442,"column":3}},"442":{"start":{"line":443,"column":0},"end":{"line":443,"column":0}},"443":{"start":{"line":444,"column":0},"end":{"line":444,"column":69}},"444":{"start":{"line":445,"column":0},"end":{"line":445,"column":89}},"445":{"start":{"line":446,"column":0},"end":{"line":446,"column":3}},"446":{"start":{"line":447,"column":0},"end":{"line":447,"column":1}}},"s":{"0":1,"1":1,"2":1,"3":1,"4":1,"5":1,"6":0,"7":0,"8":0,"9":1,"10":1,"11":1,"12":0,"13":0,"14":0,"15":0,"16":0,"17":0,"18":1,"19":1,"20":0,"21":0,"22":1,"23":1,"24":0,"25":0,"26":0,"27":1,"28":1,"29":0,"30":0,"31":0,"32":1,"33":1,"34":0,"35":0,"36":1,"37":1,"38":0,"39":0,"40":0,"41":0,"42":0,"43":0,"44":0,"45":0,"46":0,"47":0,"48":0,"49":0,"50":0,"51":0,"52":1,"53":1,"54":0,"55":0,"56":0,"57":0,"58":0,"59":0,"60":0,"61":0,"62":0,"63":0,"64":0,"65":0,"66":0,"67":0,"68":1,"69":1,"70":0,"71":0,"72":1,"73":1,"74":0,"75":0,"76":1,"77":1,"78":0,"79":0,"80":0,"81":0,"82":0,"83":0,"84":0,"85":1,"86":1,"87":0,"88":0,"89":0,"90":0,"91":0,"92":0,"93":0,"94":1,"95":1,"96":0,"97":0,"98":0,"99":0,"100":1,"101":1,"102":0,"103":0,"104":0,"105":1,"106":1,"107":0,"108":0,"109":1,"110":1,"111":0,"112":0,"113":0,"114":0,"115":1,"116":1,"117":0,"118":0,"119":0,"120":0,"121":1,"122":1,"123":0,"124":0,"125":0,"126":0,"127":1,"128":1,"129":0,"130":0,"131":1,"132":1,"133":0,"134":0,"135":1,"136":1,"137":1,"138":1,"139":1,"140":1,"141":1,"142":1,"143":1,"144":1,"145":4,"146":4,"147":4,"148":1,"149":1,"150":1,"151":4,"152":4,"153":4,"154":4,"155":4,"156":4,"157":1,"158":1,"159":3,"160":3,"161":1,"162":1,"163":1,"164":1,"165":1,"166":1,"167":0,"168":0,"169":1,"170":1,"171":0,"172":0,"173":0,"174":0,"175":0,"176":0,"177":0,"178":0,"179":1,"180":1,"181":0,"182":0,"183":0,"184":0,"185":0,"186":0,"187":0,"188":0,"189":0,"190":0,"191":0,"192":0,"193":0,"194":0,"195":0,"196":1,"197":1,"198":13,"199":13,"200":1,"201":1,"202":1,"203":1,"204":1,"205":1,"206":0,"207":0,"208":1,"209":1,"210":0,"211":0,"212":1,"213":1,"214":0,"215":0,"216":1,"217":1,"218":0,"219":0,"220":0,"221":0,"222":0,"223":0,"224":0,"225":0,"226":1,"227":1,"228":1,"229":1,"230":1,"231":1,"232":1,"233":3,"234":3,"235":3,"236":3,"237":3,"238":3,"239":3,"240":1,"241":1,"242":0,"243":0,"244":1,"245":1,"246":1,"247":1,"248":1,"249":1,"250":1,"251":7,"252":7,"253":7,"254":1,"255":1,"256":1,"257":1,"258":1,"259":1,"260":1,"261":2,"262":2,"263":2,"264":2,"265":2,"266":2,"267":2,"268":2,"269":2,"270":2,"271":2,"272":2,"273":0,"274":0,"275":2,"276":2,"277":2,"278":2,"279":2,"280":1,"281":1,"282":2,"283":0,"284":0,"285":2,"286":2,"287":2,"288":1,"289":1,"290":1,"291":1,"292":4,"293":4,"294":1,"295":1,"296":1,"297":4,"298":4,"299":2,"300":2,"301":2,"302":2,"303":2,"304":2,"305":2,"306":2,"307":1,"308":1,"309":1,"310":0,"311":0,"312":1,"313":1,"314":0,"315":0,"316":0,"317":0,"318":0,"319":0,"320":0,"321":0,"322":0,"323":0,"324":0,"325":0,"326":0,"327":0,"328":0,"329":0,"330":0,"331":0,"332":1,"333":1,"334":2,"335":2,"336":1,"337":1,"338":2,"339":2,"340":1,"341":1,"342":0,"343":0,"344":1,"345":1,"346":0,"347":0,"348":0,"349":1,"350":1,"351":0,"352":0,"353":0,"354":0,"355":1,"356":1,"357":0,"358":0,"359":0,"360":0,"361":0,"362":1,"363":1,"364":0,"365":0,"366":0,"367":0,"368":1,"369":1,"370":0,"371":0,"372":1,"373":1,"374":0,"375":0,"376":0,"377":0,"378":1,"379":1,"380":1,"381":4,"382":4,"383":1,"384":1,"385":1,"386":1,"387":3,"388":3,"389":1,"390":1,"391":1,"392":3,"393":3,"394":3,"395":3,"396":1,"397":1,"398":4,"399":4,"400":1,"401":1,"402":0,"403":0,"404":1,"405":1,"406":2,"407":2,"408":1,"409":1,"410":0,"411":1,"412":1,"413":1,"414":1,"415":1,"416":1,"417":3,"418":3,"419":1,"420":1,"421":1,"422":1,"423":1,"424":1,"425":1,"426":1,"427":1,"428":1,"429":1,"430":1,"431":0,"432":1,"433":1,"434":1,"435":0,"436":0,"437":0,"438":1,"439":1,"440":0,"441":1,"442":1,"443":1,"444":0,"445":1,"446":1},"branchMap":{"0":{"type":"branch","line":6,"loc":{"start":{"line":6,"column":9},"end":{"line":10,"column":33}},"locations":[{"start":{"line":6,"column":9},"end":{"line":10,"column":33}}]},"1":{"type":"branch","line":145,"loc":{"start":{"line":145,"column":18},"end":{"line":149,"column":27}},"locations":[{"start":{"line":145,"column":18},"end":{"line":149,"column":27}}]},"2":{"type":"branch","line":151,"loc":{"start":{"line":151,"column":1},"end":{"line":157,"column":2}},"locations":[{"start":{"line":151,"column":1},"end":{"line":157,"column":2}}]},"3":{"type":"branch","line":154,"loc":{"start":{"line":154,"column":19},"end":{"line":154,"column":27}},"locations":[{"start":{"line":154,"column":19},"end":{"line":154,"column":27}}]},"4":{"type":"branch","line":155,"loc":{"start":{"line":155,"column":21},"end":{"line":155,"column":29}},"locations":[{"start":{"line":155,"column":21},"end":{"line":155,"column":29}}]},"5":{"type":"branch","line":159,"loc":{"start":{"line":159,"column":15},"end":{"line":161,"column":2}},"locations":[{"start":{"line":159,"column":15},"end":{"line":161,"column":2}}]},"6":{"type":"branch","line":163,"loc":{"start":{"line":163,"column":15},"end":{"line":165,"column":2}},"locations":[{"start":{"line":163,"column":15},"end":{"line":165,"column":2}}]},"7":{"type":"branch","line":198,"loc":{"start":{"line":198,"column":1},"end":{"line":200,"column":2}},"locations":[{"start":{"line":198,"column":1},"end":{"line":200,"column":2}}]},"8":{"type":"branch","line":202,"loc":{"start":{"line":202,"column":1},"end":{"line":204,"column":2}},"locations":[{"start":{"line":202,"column":1},"end":{"line":204,"column":2}}]},"9":{"type":"branch","line":230,"loc":{"start":{"line":230,"column":11},"end":{"line":231,"column":17}},"locations":[{"start":{"line":230,"column":11},"end":{"line":231,"column":17}}]},"10":{"type":"branch","line":233,"loc":{"start":{"line":233,"column":1},"end":{"line":240,"column":2}},"locations":[{"start":{"line":233,"column":1},"end":{"line":240,"column":2}}]},"11":{"type":"branch","line":251,"loc":{"start":{"line":251,"column":1},"end":{"line":254,"column":2}},"locations":[{"start":{"line":251,"column":1},"end":{"line":254,"column":2}}]},"12":{"type":"branch","line":252,"loc":{"start":{"line":252,"column":38},"end":{"line":252,"column":83}},"locations":[{"start":{"line":252,"column":38},"end":{"line":252,"column":83}}]},"13":{"type":"branch","line":261,"loc":{"start":{"line":261,"column":1},"end":{"line":280,"column":2}},"locations":[{"start":{"line":261,"column":1},"end":{"line":280,"column":2}}]},"14":{"type":"branch","line":271,"loc":{"start":{"line":271,"column":12},"end":{"line":278,"column":4}},"locations":[{"start":{"line":271,"column":12},"end":{"line":278,"column":4}}]},"15":{"type":"branch","line":272,"loc":{"start":{"line":272,"column":40},"end":{"line":272,"column":52}},"locations":[{"start":{"line":272,"column":40},"end":{"line":272,"column":52}}]},"16":{"type":"branch","line":273,"loc":{"start":{"line":273,"column":42},"end":{"line":275,"column":5}},"locations":[{"start":{"line":273,"column":42},"end":{"line":275,"column":5}}]},"17":{"type":"branch","line":282,"loc":{"start":{"line":282,"column":1},"end":{"line":288,"column":2}},"locations":[{"start":{"line":282,"column":1},"end":{"line":288,"column":2}}]},"18":{"type":"branch","line":283,"loc":{"start":{"line":283,"column":40},"end":{"line":285,"column":3}},"locations":[{"start":{"line":283,"column":40},"end":{"line":285,"column":3}}]},"19":{"type":"branch","line":292,"loc":{"start":{"line":292,"column":9},"end":{"line":295,"column":39}},"locations":[{"start":{"line":292,"column":9},"end":{"line":295,"column":39}}]},"20":{"type":"branch","line":297,"loc":{"start":{"line":297,"column":1},"end":{"line":308,"column":2}},"locations":[{"start":{"line":297,"column":1},"end":{"line":308,"column":2}}]},"21":{"type":"branch","line":299,"loc":{"start":{"line":299,"column":33},"end":{"line":308,"column":2}},"locations":[{"start":{"line":299,"column":33},"end":{"line":308,"column":2}}]},"22":{"type":"branch","line":334,"loc":{"start":{"line":334,"column":1},"end":{"line":336,"column":2}},"locations":[{"start":{"line":334,"column":1},"end":{"line":336,"column":2}}]},"23":{"type":"branch","line":338,"loc":{"start":{"line":338,"column":1},"end":{"line":340,"column":2}},"locations":[{"start":{"line":338,"column":1},"end":{"line":340,"column":2}}]},"24":{"type":"branch","line":381,"loc":{"start":{"line":381,"column":15},"end":{"line":383,"column":2}},"locations":[{"start":{"line":381,"column":15},"end":{"line":383,"column":2}}]},"25":{"type":"branch","line":387,"loc":{"start":{"line":387,"column":11},"end":{"line":390,"column":55}},"locations":[{"start":{"line":387,"column":11},"end":{"line":390,"column":55}}]},"26":{"type":"branch","line":389,"loc":{"start":{"line":389,"column":8},"end":{"line":389,"column":62}},"locations":[{"start":{"line":389,"column":8},"end":{"line":389,"column":62}}]},"27":{"type":"branch","line":392,"loc":{"start":{"line":392,"column":1},"end":{"line":396,"column":2}},"locations":[{"start":{"line":392,"column":1},"end":{"line":396,"column":2}}]},"28":{"type":"branch","line":398,"loc":{"start":{"line":398,"column":1},"end":{"line":400,"column":2}},"locations":[{"start":{"line":398,"column":1},"end":{"line":400,"column":2}}]},"29":{"type":"branch","line":406,"loc":{"start":{"line":406,"column":1},"end":{"line":408,"column":2}},"locations":[{"start":{"line":406,"column":1},"end":{"line":408,"column":2}}]},"30":{"type":"branch","line":417,"loc":{"start":{"line":417,"column":1},"end":{"line":419,"column":2}},"locations":[{"start":{"line":417,"column":1},"end":{"line":419,"column":2}}]},"31":{"type":"branch","line":421,"loc":{"start":{"line":421,"column":8},"end":{"line":423,"column":2}},"locations":[{"start":{"line":421,"column":8},"end":{"line":423,"column":2}}]},"32":{"type":"branch","line":422,"loc":{"start":{"line":422,"column":55},"end":{"line":422,"column":59}},"locations":[{"start":{"line":422,"column":55},"end":{"line":422,"column":59}}]},"33":{"type":"branch","line":425,"loc":{"start":{"line":425,"column":15},"end":{"line":427,"column":2}},"locations":[{"start":{"line":425,"column":15},"end":{"line":427,"column":2}}]},"34":{"type":"branch","line":431,"loc":{"start":{"line":431,"column":11},"end":{"line":433,"column":55}},"locations":[{"start":{"line":431,"column":11},"end":{"line":433,"column":55}}]},"35":{"type":"branch","line":432,"loc":{"start":{"line":432,"column":8},"end":{"line":432,"column":62}},"locations":[{"start":{"line":432,"column":8},"end":{"line":432,"column":62}}]}},"b":{"0":[0],"1":[4],"2":[4],"3":[1],"4":[3],"5":[3],"6":[1],"7":[13],"8":[1],"9":[3],"10":[3],"11":[7],"12":[0],"13":[2],"14":[2],"15":[0],"16":[0],"17":[2],"18":[0],"19":[4],"20":[4],"21":[2],"22":[2],"23":[2],"24":[4],"25":[3],"26":[1],"27":[3],"28":[4],"29":[2],"30":[3],"31":[1],"32":[0],"33":[1],"34":[0],"35":[1]},"fnMap":{"0":{"name":"<instance_members_initializer>","decl":{"start":{"line":6,"column":9},"end":{"line":10,"column":33}},"loc":{"start":{"line":6,"column":9},"end":{"line":10,"column":33}},"line":6},"1":{"name":"Iterator","decl":{"start":{"line":12,"column":1},"end":{"line":18,"column":2}},"loc":{"start":{"line":12,"column":1},"end":{"line":18,"column":2}},"line":12},"2":{"name":"create","decl":{"start":{"line":20,"column":15},"end":{"line":22,"column":2}},"loc":{"start":{"line":20,"column":15},"end":{"line":22,"column":2}},"line":20},"3":{"name":"hasNext","decl":{"start":{"line":24,"column":1},"end":{"line":27,"column":2}},"loc":{"start":{"line":24,"column":1},"end":{"line":27,"column":2}},"line":24},"4":{"name":"hasPrev","decl":{"start":{"line":29,"column":1},"end":{"line":32,"column":2}},"loc":{"start":{"line":29,"column":1},"end":{"line":32,"column":2}},"line":29},"5":{"name":"isEmpty","decl":{"start":{"line":34,"column":1},"end":{"line":36,"column":2}},"loc":{"start":{"line":34,"column":1},"end":{"line":36,"column":2}},"line":34},"6":{"name":"next","decl":{"start":{"line":38,"column":1},"end":{"line":52,"column":2}},"loc":{"start":{"line":38,"column":1},"end":{"line":52,"column":2}},"line":38},"7":{"name":"prev","decl":{"start":{"line":54,"column":1},"end":{"line":68,"column":2}},"loc":{"start":{"line":54,"column":1},"end":{"line":68,"column":2}},"line":54},"8":{"name":"first","decl":{"start":{"line":70,"column":1},"end":{"line":72,"column":2}},"loc":{"start":{"line":70,"column":1},"end":{"line":72,"column":2}},"line":70},"9":{"name":"last","decl":{"start":{"line":74,"column":1},"end":{"line":76,"column":2}},"loc":{"start":{"line":74,"column":1},"end":{"line":76,"column":2}},"line":74},"10":{"name":"toFirst","decl":{"start":{"line":78,"column":1},"end":{"line":85,"column":2}},"loc":{"start":{"line":78,"column":1},"end":{"line":85,"column":2}},"line":78},"11":{"name":"toLast","decl":{"start":{"line":87,"column":1},"end":{"line":94,"column":2}},"loc":{"start":{"line":87,"column":1},"end":{"line":94,"column":2}},"line":87},"12":{"name":"clear","decl":{"start":{"line":96,"column":1},"end":{"line":100,"column":2}},"loc":{"start":{"line":96,"column":1},"end":{"line":100,"column":2}},"line":96},"13":{"name":"addToEnd","decl":{"start":{"line":102,"column":1},"end":{"line":105,"column":2}},"loc":{"start":{"line":102,"column":1},"end":{"line":105,"column":2}},"line":102},"14":{"name":"add","decl":{"start":{"line":107,"column":1},"end":{"line":109,"column":2}},"loc":{"start":{"line":107,"column":1},"end":{"line":109,"column":2}},"line":107},"15":{"name":"addToStart","decl":{"start":{"line":111,"column":1},"end":{"line":115,"column":2}},"loc":{"start":{"line":111,"column":1},"end":{"line":115,"column":2}},"line":111},"16":{"name":"removeLast","decl":{"start":{"line":117,"column":1},"end":{"line":121,"column":2}},"loc":{"start":{"line":117,"column":1},"end":{"line":121,"column":2}},"line":117},"17":{"name":"removeFirst","decl":{"start":{"line":123,"column":1},"end":{"line":127,"column":2}},"loc":{"start":{"line":123,"column":1},"end":{"line":127,"column":2}},"line":123},"18":{"name":"toArray","decl":{"start":{"line":129,"column":1},"end":{"line":131,"column":2}},"loc":{"start":{"line":129,"column":1},"end":{"line":131,"column":2}},"line":129},"19":{"name":"total","decl":{"start":{"line":133,"column":1},"end":{"line":135,"column":2}},"loc":{"start":{"line":133,"column":1},"end":{"line":135,"column":2}},"line":133},"20":{"name":"<instance_members_initializer>","decl":{"start":{"line":145,"column":18},"end":{"line":149,"column":27}},"loc":{"start":{"line":145,"column":18},"end":{"line":149,"column":27}},"line":145},"21":{"name":"Result","decl":{"start":{"line":151,"column":1},"end":{"line":157,"column":2}},"loc":{"start":{"line":151,"column":1},"end":{"line":157,"column":2}},"line":151},"22":{"name":"success","decl":{"start":{"line":159,"column":15},"end":{"line":161,"column":2}},"loc":{"start":{"line":159,"column":15},"end":{"line":161,"column":2}},"line":159},"23":{"name":"fail","decl":{"start":{"line":163,"column":15},"end":{"line":165,"column":2}},"loc":{"start":{"line":163,"column":15},"end":{"line":165,"column":2}},"line":163},"24":{"name":"iterate","decl":{"start":{"line":167,"column":15},"end":{"line":169,"column":2}},"loc":{"start":{"line":167,"column":15},"end":{"line":169,"column":2}},"line":167},"25":{"name":"combine","decl":{"start":{"line":171,"column":15},"end":{"line":179,"column":2}},"loc":{"start":{"line":171,"column":15},"end":{"line":179,"column":2}},"line":171},"26":{"name":"execute","decl":{"start":{"line":181,"column":1},"end":{"line":196,"column":2}},"loc":{"start":{"line":181,"column":1},"end":{"line":196,"column":2}},"line":181},"27":{"name":"value","decl":{"start":{"line":198,"column":1},"end":{"line":200,"column":2}},"loc":{"start":{"line":198,"column":1},"end":{"line":200,"column":2}},"line":198},"28":{"name":"error","decl":{"start":{"line":202,"column":1},"end":{"line":204,"column":2}},"loc":{"start":{"line":202,"column":1},"end":{"line":204,"column":2}},"line":202},"29":{"name":"isFailure","decl":{"start":{"line":206,"column":1},"end":{"line":208,"column":2}},"loc":{"start":{"line":206,"column":1},"end":{"line":208,"column":2}},"line":206},"30":{"name":"isSuccess","decl":{"start":{"line":210,"column":1},"end":{"line":212,"column":2}},"loc":{"start":{"line":210,"column":1},"end":{"line":212,"column":2}},"line":210},"31":{"name":"metaData","decl":{"start":{"line":214,"column":1},"end":{"line":216,"column":2}},"loc":{"start":{"line":214,"column":1},"end":{"line":216,"column":2}},"line":214},"32":{"name":"toObject","decl":{"start":{"line":218,"column":1},"end":{"line":226,"column":2}},"loc":{"start":{"line":218,"column":1},"end":{"line":226,"column":2}},"line":218},"33":{"name":"<instance_members_initializer>","decl":{"start":{"line":230,"column":11},"end":{"line":231,"column":17}},"loc":{"start":{"line":230,"column":11},"end":{"line":231,"column":17}},"line":230},"34":{"name":"GettersAndSetters","decl":{"start":{"line":233,"column":1},"end":{"line":240,"column":2}},"loc":{"start":{"line":233,"column":1},"end":{"line":240,"column":2}},"line":233},"35":{"name":"getter","decl":{"start":{"line":242,"column":11},"end":{"line":244,"column":2}},"loc":{"start":{"line":242,"column":11},"end":{"line":244,"column":2}},"line":242},"36":{"name":"get","decl":{"start":{"line":251,"column":1},"end":{"line":254,"column":2}},"loc":{"start":{"line":251,"column":1},"end":{"line":254,"column":2}},"line":251},"37":{"name":"set","decl":{"start":{"line":261,"column":1},"end":{"line":280,"column":2}},"loc":{"start":{"line":261,"column":1},"end":{"line":280,"column":2}},"line":261},"38":{"name":"toValue","decl":{"start":{"line":271,"column":12},"end":{"line":278,"column":4}},"loc":{"start":{"line":271,"column":12},"end":{"line":278,"column":4}},"line":271},"39":{"name":"updateTo","decl":{"start":{"line":282,"column":1},"end":{"line":288,"column":2}},"loc":{"start":{"line":282,"column":1},"end":{"line":288,"column":2}},"line":282},"40":{"name":"<instance_members_initializer>","decl":{"start":{"line":292,"column":9},"end":{"line":295,"column":39}},"loc":{"start":{"line":292,"column":9},"end":{"line":295,"column":39}},"line":292},"41":{"name":"ID","decl":{"start":{"line":297,"column":1},"end":{"line":308,"column":2}},"loc":{"start":{"line":297,"column":1},"end":{"line":308,"column":2}},"line":297},"42":{"name":"setAsNew","decl":{"start":{"line":310,"column":9},"end":{"line":312,"column":2}},"loc":{"start":{"line":310,"column":9},"end":{"line":312,"column":2}},"line":310},"43":{"name":"toShort","decl":{"start":{"line":314,"column":1},"end":{"line":332,"column":2}},"loc":{"start":{"line":314,"column":1},"end":{"line":332,"column":2}},"line":314},"44":{"name":"get value","decl":{"start":{"line":334,"column":1},"end":{"line":336,"column":2}},"loc":{"start":{"line":334,"column":1},"end":{"line":336,"column":2}},"line":334},"45":{"name":"get isNew","decl":{"start":{"line":338,"column":1},"end":{"line":340,"column":2}},"loc":{"start":{"line":338,"column":1},"end":{"line":340,"column":2}},"line":338},"46":{"name":"get createdAt","decl":{"start":{"line":342,"column":1},"end":{"line":344,"column":2}},"loc":{"start":{"line":342,"column":1},"end":{"line":344,"column":2}},"line":342},"47":{"name":"isShortID","decl":{"start":{"line":346,"column":1},"end":{"line":349,"column":2}},"loc":{"start":{"line":346,"column":1},"end":{"line":349,"column":2}},"line":346},"48":{"name":"equal","decl":{"start":{"line":351,"column":1},"end":{"line":355,"column":2}},"loc":{"start":{"line":351,"column":1},"end":{"line":355,"column":2}},"line":351},"49":{"name":"deepEqual","decl":{"start":{"line":357,"column":1},"end":{"line":362,"column":2}},"loc":{"start":{"line":357,"column":1},"end":{"line":362,"column":2}},"line":357},"50":{"name":"cloneAsNew","decl":{"start":{"line":364,"column":1},"end":{"line":368,"column":2}},"loc":{"start":{"line":364,"column":1},"end":{"line":368,"column":2}},"line":364},"51":{"name":"clone","decl":{"start":{"line":370,"column":1},"end":{"line":372,"column":2}},"loc":{"start":{"line":370,"column":1},"end":{"line":372,"column":2}},"line":370},"52":{"name":"createShort","decl":{"start":{"line":374,"column":15},"end":{"line":379,"column":2}},"loc":{"start":{"line":374,"column":15},"end":{"line":379,"column":2}},"line":374},"53":{"name":"create","decl":{"start":{"line":381,"column":15},"end":{"line":383,"column":2}},"loc":{"start":{"line":381,"column":15},"end":{"line":383,"column":2}},"line":381},"54":{"name":"<instance_members_initializer>","decl":{"start":{"line":387,"column":11},"end":{"line":390,"column":55}},"loc":{"start":{"line":387,"column":11},"end":{"line":390,"column":55}},"line":387},"55":{"name":"<static_initializer>","decl":{"start":{"line":389,"column":8},"end":{"line":389,"column":62}},"loc":{"start":{"line":389,"column":8},"end":{"line":389,"column":62}},"line":389},"56":{"name":"Entity","decl":{"start":{"line":392,"column":1},"end":{"line":396,"column":2}},"loc":{"start":{"line":392,"column":1},"end":{"line":396,"column":2}},"line":392},"57":{"name":"get id","decl":{"start":{"line":398,"column":1},"end":{"line":400,"column":2}},"loc":{"start":{"line":398,"column":1},"end":{"line":400,"column":2}},"line":398},"58":{"name":"hashCode","decl":{"start":{"line":402,"column":1},"end":{"line":404,"column":2}},"loc":{"start":{"line":402,"column":1},"end":{"line":404,"column":2}},"line":402},"59":{"name":"isNew","decl":{"start":{"line":406,"column":1},"end":{"line":408,"column":2}},"loc":{"start":{"line":406,"column":1},"end":{"line":408,"column":2}},"line":406},"60":{"name":"create","decl":{"start":{"line":410,"column":15},"end":{"line":412,"column":2}},"loc":{"start":{"line":410,"column":15},"end":{"line":412,"column":2}},"line":410},"61":{"name":"Aggregate","decl":{"start":{"line":417,"column":1},"end":{"line":419,"column":2}},"loc":{"start":{"line":417,"column":1},"end":{"line":419,"column":2}},"line":417},"62":{"name":"hashCode","decl":{"start":{"line":421,"column":8},"end":{"line":423,"column":2}},"loc":{"start":{"line":421,"column":8},"end":{"line":423,"column":2}},"line":421},"63":{"name":"create","decl":{"start":{"line":425,"column":15},"end":{"line":427,"column":2}},"loc":{"start":{"line":425,"column":15},"end":{"line":427,"column":2}},"line":425},"64":{"name":"<instance_members_initializer>","decl":{"start":{"line":431,"column":11},"end":{"line":433,"column":55}},"loc":{"start":{"line":431,"column":11},"end":{"line":433,"column":55}},"line":431},"65":{"name":"<static_initializer>","decl":{"start":{"line":432,"column":8},"end":{"line":432,"column":62}},"loc":{"start":{"line":432,"column":8},"end":{"line":432,"column":62}},"line":432},"66":{"name":"ValueObject","decl":{"start":{"line":435,"column":1},"end":{"line":438,"column":2}},"loc":{"start":{"line":435,"column":1},"end":{"line":438,"column":2}},"line":435},"67":{"name":"isValidValue","decl":{"start":{"line":440,"column":15},"end":{"line":442,"column":2}},"loc":{"start":{"line":440,"column":15},"end":{"line":442,"column":2}},"line":440},"68":{"name":"create","decl":{"start":{"line":444,"column":15},"end":{"line":446,"column":2}},"loc":{"start":{"line":444,"column":15},"end":{"line":446,"column":2}},"line":444}},"f":{"0":0,"1":0,"2":0,"3":0,"4":0,"5":0,"6":0,"7":0,"8":0,"9":0,"10":0,"11":0,"12":0,"13":0,"14":0,"15":0,"16":0,"17":0,"18":0,"19":0,"20":4,"21":4,"22":3,"23":1,"24":0,"25":0,"26":0,"27":13,"28":1,"29":0,"30":0,"31":0,"32":0,"33":3,"34":3,"35":0,"36":7,"37":2,"38":2,"39":2,"40":4,"41":4,"42":0,"43":0,"44":2,"45":2,"46":0,"47":0,"48":0,"49":0,"50":0,"51":0,"52":0,"53":4,"54":3,"55":1,"56":3,"57":4,"58":0,"59":2,"60":0,"61":3,"62":1,"63":1,"64":0,"65":1,"66":0,"67":0,"68":0}}
,"/home/alessandrodev/Workspace/types-ddd-v2/lib/utils/check-types.ts": {"path":"/home/alessandrodev/Workspace/types-ddd-v2/lib/utils/check-types.ts","all":false,"statementMap":{"0":{"start":{"line":1,"column":0},"end":{"line":1,"column":61}},"1":{"start":{"line":2,"column":0},"end":{"line":2,"column":0}},"2":{"start":{"line":3,"column":0},"end":{"line":3,"column":27}},"3":{"start":{"line":4,"column":0},"end":{"line":4,"column":39}},"4":{"start":{"line":5,"column":0},"end":{"line":5,"column":25}},"5":{"start":{"line":6,"column":0},"end":{"line":6,"column":0}},"6":{"start":{"line":7,"column":0},"end":{"line":7,"column":39}},"7":{"start":{"line":8,"column":0},"end":{"line":8,"column":31}},"8":{"start":{"line":9,"column":0},"end":{"line":9,"column":38}},"9":{"start":{"line":10,"column":0},"end":{"line":10,"column":3}},"10":{"start":{"line":11,"column":0},"end":{"line":11,"column":23}},"11":{"start":{"line":12,"column":0},"end":{"line":12,"column":2}},"12":{"start":{"line":13,"column":0},"end":{"line":13,"column":0}},"13":{"start":{"line":14,"column":0},"end":{"line":14,"column":31}},"14":{"start":{"line":15,"column":0},"end":{"line":15,"column":30}},"15":{"start":{"line":16,"column":0},"end":{"line":16,"column":2}},"16":{"start":{"line":17,"column":0},"end":{"line":17,"column":32}},"17":{"start":{"line":18,"column":0},"end":{"line":18,"column":35}},"18":{"start":{"line":19,"column":0},"end":{"line":19,"column":2}},"19":{"start":{"line":20,"column":0},"end":{"line":20,"column":32}},"20":{"start":{"line":21,"column":0},"end":{"line":21,"column":35}},"21":{"start":{"line":22,"column":0},"end":{"line":22,"column":2}},"22":{"start":{"line":23,"column":0},"end":{"line":23,"column":30}},"23":{"start":{"line":24,"column":0},"end":{"line":24,"column":31}},"24":{"start":{"line":25,"column":0},"end":{"line":25,"column":2}},"25":{"start":{"line":26,"column":0},"end":{"line":26,"column":32}},"26":{"start":{"line":27,"column":0},"end":{"line":27,"column":7}},"27":{"start":{"line":28,"column":0},"end":{"line":28,"column":43}},"28":{"start":{"line":29,"column":0},"end":{"line":29,"column":46}},"29":{"start":{"line":30,"column":0},"end":{"line":30,"column":65}},"30":{"start":{"line":31,"column":0},"end":{"line":31,"column":49}},"31":{"start":{"line":32,"column":0},"end":{"line":32,"column":43}},"32":{"start":{"line":33,"column":0},"end":{"line":33,"column":45}},"33":{"start":{"line":34,"column":0},"end":{"line":34,"column":51}},"34":{"start":{"line":35,"column":0},"end":{"line":35,"column":55}},"35":{"start":{"line":36,"column":0},"end":{"line":36,"column":37}},"36":{"start":{"line":37,"column":0},"end":{"line":37,"column":96}},"37":{"start":{"line":38,"column":0},"end":{"line":38,"column":4}},"38":{"start":{"line":39,"column":0},"end":{"line":39,"column":19}},"39":{"start":{"line":40,"column":0},"end":{"line":40,"column":17}},"40":{"start":{"line":41,"column":0},"end":{"line":41,"column":3}},"41":{"start":{"line":42,"column":0},"end":{"line":42,"column":2}},"42":{"start":{"line":43,"column":0},"end":{"line":43,"column":30}},"43":{"start":{"line":44,"column":0},"end":{"line":44,"column":24}},"44":{"start":{"line":45,"column":0},"end":{"line":45,"column":2}},"45":{"start":{"line":46,"column":0},"end":{"line":46,"column":35}},"46":{"start":{"line":47,"column":0},"end":{"line":47,"column":38}},"47":{"start":{"line":48,"column":0},"end":{"line":48,"column":2}},"48":{"start":{"line":49,"column":0},"end":{"line":49,"column":33}},"49":{"start":{"line":50,"column":0},"end":{"line":50,"column":36}},"50":{"start":{"line":51,"column":0},"end":{"line":51,"column":2}},"51":{"start":{"line":52,"column":0},"end":{"line":52,"column":34}},"52":{"start":{"line":53,"column":0},"end":{"line":53,"column":37}},"53":{"start":{"line":54,"column":0},"end":{"line":54,"column":2}},"54":{"start":{"line":55,"column":0},"end":{"line":55,"column":32}},"55":{"start":{"line":56,"column":0},"end":{"line":56,"column":43}},"56":{"start":{"line":57,"column":0},"end":{"line":57,"column":46}},"57":{"start":{"line":58,"column":0},"end":{"line":58,"column":2}},"58":{"start":{"line":59,"column":0},"end":{"line":59,"column":35}},"59":{"start":{"line":60,"column":0},"end":{"line":60,"column":36}},"60":{"start":{"line":61,"column":0},"end":{"line":61,"column":2}},"61":{"start":{"line":62,"column":0},"end":{"line":62,"column":37}},"62":{"start":{"line":63,"column":0},"end":{"line":63,"column":38}},"63":{"start":{"line":64,"column":0},"end":{"line":64,"column":2}},"64":{"start":{"line":65,"column":0},"end":{"line":65,"column":32}},"65":{"start":{"line":66,"column":0},"end":{"line":66,"column":35}},"66":{"start":{"line":67,"column":0},"end":{"line":67,"column":2}},"67":{"start":{"line":68,"column":0},"end":{"line":68,"column":28}},"68":{"start":{"line":69,"column":0},"end":{"line":69,"column":29}},"69":{"start":{"line":70,"column":0},"end":{"line":70,"column":2}},"70":{"start":{"line":71,"column":0},"end":{"line":71,"column":25}},"71":{"start":{"line":72,"column":0},"end":{"line":72,"column":10}},"72":{"start":{"line":73,"column":0},"end":{"line":73,"column":59}},"73":{"start":{"line":74,"column":0},"end":{"line":74,"column":61}},"74":{"start":{"line":75,"column":0},"end":{"line":75,"column":58}},"75":{"start":{"line":76,"column":0},"end":{"line":76,"column":64}},"76":{"start":{"line":77,"column":0},"end":{"line":77,"column":67}},"77":{"start":{"line":78,"column":0},"end":{"line":78,"column":104}},"78":{"start":{"line":79,"column":0},"end":{"line":79,"column":42}},"79":{"start":{"line":80,"column":0},"end":{"line":80,"column":41}},"80":{"start":{"line":81,"column":0},"end":{"line":81,"column":43}},"81":{"start":{"line":82,"column":0},"end":{"line":82,"column":63}},"82":{"start":{"line":83,"column":0},"end":{"line":83,"column":3}},"83":{"start":{"line":84,"column":0},"end":{"line":84,"column":2}},"84":{"start":{"line":85,"column":0},"end":{"line":85,"column":25}},"85":{"start":{"line":86,"column":0},"end":{"line":86,"column":10}},"86":{"start":{"line":87,"column":0},"end":{"line":87,"column":77}},"87":{"start":{"line":88,"column":0},"end":{"line":88,"column":83}},"88":{"start":{"line":89,"column":0},"end":{"line":89,"column":74}},"89":{"start":{"line":90,"column":0},"end":{"line":90,"column":80}},"90":{"start":{"line":91,"column":0},"end":{"line":91,"column":75}},"91":{"start":{"line":92,"column":0},"end":{"line":92,"column":105}},"92":{"start":{"line":93,"column":0},"end":{"line":93,"column":135}},"93":{"start":{"line":94,"column":0},"end":{"line":94,"column":49}},"94":{"start":{"line":95,"column":0},"end":{"line":95,"column":3}},"95":{"start":{"line":96,"column":0},"end":{"line":96,"column":2}},"96":{"start":{"line":97,"column":0},"end":{"line":97,"column":21}},"97":{"start":{"line":98,"column":0},"end":{"line":98,"column":10}},"98":{"start":{"line":99,"column":0},"end":{"line":99,"column":78}},"99":{"start":{"line":100,"column":0},"end":{"line":100,"column":84}},"100":{"start":{"line":101,"column":0},"end":{"line":101,"column":59}},"101":{"start":{"line":102,"column":0},"end":{"line":102,"column":60}},"102":{"start":{"line":103,"column":0},"end":{"line":103,"column":88}},"103":{"start":{"line":104,"column":0},"end":{"line":104,"column":37}},"104":{"start":{"line":105,"column":0},"end":{"line":105,"column":76}},"105":{"start":{"line":106,"column":0},"end":{"line":106,"column":77}},"106":{"start":{"line":107,"column":0},"end":{"line":107,"column":83}},"107":{"start":{"line":108,"column":0},"end":{"line":108,"column":3}},"108":{"start":{"line":109,"column":0},"end":{"line":109,"column":2}},"109":{"start":{"line":110,"column":0},"end":{"line":110,"column":1}}},"s":{"0":1,"1":1,"2":1,"3":1,"4":1,"5":1,"6":1,"7":5,"8":1,"9":1,"10":5,"11":5,"12":1,"13":1,"14":0,"15":0,"16":1,"17":0,"18":0,"19":1,"20":0,"21":0,"22":1,"23":0,"24":0,"25":1,"26":0,"27":0,"28":0,"29":0,"30":0,"31":0,"32":0,"33":0,"34":0,"35":0,"36":0,"37":0,"38":0,"39":0,"40":0,"41":0,"42":1,"43":0,"44":0,"45":1,"46":0,"47":0,"48":1,"49":0,"50":0,"51":1,"52":0,"53":0,"54":1,"55":0,"56":0,"57":0,"58":1,"59":0,"60":0,"61":1,"62":0,"63":0,"64":1,"65":0,"66":0,"67":1,"68":0,"69":0,"70":1,"71":0,"72":0,"73":0,"74":0,"75":0,"76":0,"77":0,"78":0,"79":0,"80":0,"81":0,"82":0,"83":0,"84":1,"85":0,"86":0,"87":0,"88":0,"89":0,"90":0,"91":0,"92":0,"93":0,"94":0,"95":0,"96":1,"97":0,"98":0,"99":0,"100":0,"101":0,"102":0,"103":0,"104":0,"105":0,"106":0,"107":0,"108":0,"109":1},"branchMap":{"0":{"type":"branch","line":4,"loc":{"start":{"line":4,"column":9},"end":{"line":4,"column":24}},"locations":[{"start":{"line":4,"column":9},"end":{"line":4,"column":24}}]},"1":{"type":"branch","line":5,"loc":{"start":{"line":5,"column":1},"end":{"line":5,"column":25}},"locations":[{"start":{"line":5,"column":1},"end":{"line":5,"column":25}}]},"2":{"type":"branch","line":7,"loc":{"start":{"line":7,"column":15},"end":{"line":12,"column":2}},"locations":[{"start":{"line":7,"column":15},"end":{"line":12,"column":2}}]},"3":{"type":"branch","line":8,"loc":{"start":{"line":8,"column":30},"end":{"line":10,"column":3}},"locations":[{"start":{"line":8,"column":30},"end":{"line":10,"column":3}}]}},"b":{"0":[1],"1":[1],"2":[5],"3":[1]},"fnMap":{"0":{"name":"<static_initializer>","decl":{"start":{"line":4,"column":9},"end":{"line":4,"column":24}},"loc":{"start":{"line":4,"column":9},"end":{"line":4,"column":24}},"line":4},"1":{"name":"ValidateType","decl":{"start":{"line":5,"column":1},"end":{"line":5,"column":25}},"loc":{"start":{"line":5,"column":1},"end":{"line":5,"column":25}},"line":5},"2":{"name":"create","decl":{"start":{"line":7,"column":15},"end":{"line":12,"column":2}},"loc":{"start":{"line":7,"column":15},"end":{"line":12,"column":2}},"line":7},"3":{"name":"isArray","decl":{"start":{"line":14,"column":1},"end":{"line":16,"column":2}},"loc":{"start":{"line":14,"column":1},"end":{"line":16,"column":2}},"line":14},"4":{"name":"isString","decl":{"start":{"line":17,"column":1},"end":{"line":19,"column":2}},"loc":{"start":{"line":17,"column":1},"end":{"line":19,"column":2}},"line":17},"5":{"name":"isNumber","decl":{"start":{"line":20,"column":1},"end":{"line":22,"column":2}},"loc":{"start":{"line":20,"column":1},"end":{"line":22,"column":2}},"line":20},"6":{"name":"isDate","decl":{"start":{"line":23,"column":1},"end":{"line":25,"column":2}},"loc":{"start":{"line":23,"column":1},"end":{"line":25,"column":2}},"line":23},"7":{"name":"isObject","decl":{"start":{"line":26,"column":1},"end":{"line":42,"column":2}},"loc":{"start":{"line":26,"column":1},"end":{"line":42,"column":2}},"line":26},"8":{"name":"isNull","decl":{"start":{"line":43,"column":1},"end":{"line":45,"column":2}},"loc":{"start":{"line":43,"column":1},"end":{"line":45,"column":2}},"line":43},"9":{"name":"isUndefined","decl":{"start":{"line":46,"column":1},"end":{"line":48,"column":2}},"loc":{"start":{"line":46,"column":1},"end":{"line":48,"column":2}},"line":46},"10":{"name":"isBoolean","decl":{"start":{"line":49,"column":1},"end":{"line":51,"column":2}},"loc":{"start":{"line":49,"column":1},"end":{"line":51,"column":2}},"line":49},"11":{"name":"isFunction","decl":{"start":{"line":52,"column":1},"end":{"line":54,"column":2}},"loc":{"start":{"line":52,"column":1},"end":{"line":54,"column":2}},"line":52},"12":{"name":"isEntity","decl":{"start":{"line":55,"column":1},"end":{"line":58,"column":2}},"loc":{"start":{"line":55,"column":1},"end":{"line":58,"column":2}},"line":55},"13":{"name":"isAggregate","decl":{"start":{"line":59,"column":1},"end":{"line":61,"column":2}},"loc":{"start":{"line":59,"column":1},"end":{"line":61,"column":2}},"line":59},"14":{"name":"isValueObject","decl":{"start":{"line":62,"column":1},"end":{"line":64,"column":2}},"loc":{"start":{"line":62,"column":1},"end":{"line":64,"column":2}},"line":62},"15":{"name":"isSymbol","decl":{"start":{"line":65,"column":1},"end":{"line":67,"column":2}},"loc":{"start":{"line":65,"column":1},"end":{"line":67,"column":2}},"line":65},"16":{"name":"isID","decl":{"start":{"line":68,"column":1},"end":{"line":70,"column":2}},"loc":{"start":{"line":68,"column":1},"end":{"line":70,"column":2}},"line":68},"17":{"name":"number","decl":{"start":{"line":71,"column":1},"end":{"line":84,"column":2}},"loc":{"start":{"line":71,"column":1},"end":{"line":84,"column":2}},"line":71},"18":{"name":"string","decl":{"start":{"line":85,"column":1},"end":{"line":96,"column":2}},"loc":{"start":{"line":85,"column":1},"end":{"line":96,"column":2}},"line":85},"19":{"name":"date","decl":{"start":{"line":97,"column":1},"end":{"line":109,"column":2}},"loc":{"start":{"line":97,"column":1},"end":{"line":109,"column":2}},"line":97}},"f":{"0":1,"1":1,"2":5,"3":0,"4":0,"5":0,"6":0,"7":0,"8":0,"9":0,"10":0,"11":0,"12":0,"13":0,"14":0,"15":0,"16":0,"17":0,"18":0,"19":0}}
}
