{"/home/alessandrodev/Workspace/types-ddd-v2/lib/core/index.ts": {"path":"/home/alessandrodev/Workspace/types-ddd-v2/lib/core/index.ts","all":false,"statementMap":{"0":{"start":{"line":1,"column":0},"end":{"line":1,"column":36}},"1":{"start":{"line":2,"column":0},"end":{"line":2,"column":8}},"2":{"start":{"line":3,"column":0},"end":{"line":3,"column":25}},"3":{"start":{"line":4,"column":0},"end":{"line":4,"column":10}},"4":{"start":{"line":5,"column":0},"end":{"line":5,"column":11}},"5":{"start":{"line":6,"column":0},"end":{"line":6,"column":11}},"6":{"start":{"line":7,"column":0},"end":{"line":7,"column":9}},"7":{"start":{"line":8,"column":0},"end":{"line":8,"column":16}},"8":{"start":{"line":9,"column":0},"end":{"line":9,"column":13}},"9":{"start":{"line":10,"column":0},"end":{"line":10,"column":15}},"10":{"start":{"line":11,"column":0},"end":{"line":11,"column":16}},"11":{"start":{"line":12,"column":0},"end":{"line":12,"column":15}},"12":{"start":{"line":13,"column":0},"end":{"line":13,"column":24}},"13":{"start":{"line":14,"column":0},"end":{"line":14,"column":52}},"14":{"start":{"line":15,"column":0},"end":{"line":15,"column":0}},"15":{"start":{"line":16,"column":0},"end":{"line":16,"column":3}},"16":{"start":{"line":17,"column":0},"end":{"line":17,"column":124}},"17":{"start":{"line":18,"column":0},"end":{"line":18,"column":47}},"18":{"start":{"line":19,"column":0},"end":{"line":19,"column":3}},"19":{"start":{"line":20,"column":0},"end":{"line":20,"column":50}},"20":{"start":{"line":21,"column":0},"end":{"line":21,"column":30}},"21":{"start":{"line":22,"column":0},"end":{"line":22,"column":34}},"22":{"start":{"line":23,"column":0},"end":{"line":23,"column":47}},"23":{"start":{"line":24,"column":0},"end":{"line":24,"column":52}},"24":{"start":{"line":25,"column":0},"end":{"line":25,"column":43}},"25":{"start":{"line":26,"column":0},"end":{"line":26,"column":0}},"26":{"start":{"line":27,"column":0},"end":{"line":27,"column":50}},"27":{"start":{"line":28,"column":0},"end":{"line":28,"column":25}},"28":{"start":{"line":29,"column":0},"end":{"line":29,"column":41}},"29":{"start":{"line":30,"column":0},"end":{"line":30,"column":28}},"30":{"start":{"line":31,"column":0},"end":{"line":31,"column":78}},"31":{"start":{"line":32,"column":0},"end":{"line":32,"column":60}},"32":{"start":{"line":33,"column":0},"end":{"line":33,"column":2}},"33":{"start":{"line":34,"column":0},"end":{"line":34,"column":0}},"34":{"start":{"line":35,"column":0},"end":{"line":35,"column":4}},"35":{"start":{"line":36,"column":0},"end":{"line":36,"column":27}},"36":{"start":{"line":37,"column":0},"end":{"line":37,"column":39}},"37":{"start":{"line":38,"column":0},"end":{"line":38,"column":30}},"38":{"start":{"line":39,"column":0},"end":{"line":39,"column":4}},"39":{"start":{"line":40,"column":0},"end":{"line":40,"column":0}},"40":{"start":{"line":41,"column":0},"end":{"line":41,"column":4}},"41":{"start":{"line":42,"column":0},"end":{"line":42,"column":4}},"42":{"start":{"line":43,"column":0},"end":{"line":43,"column":43}},"43":{"start":{"line":44,"column":0},"end":{"line":44,"column":77}},"44":{"start":{"line":45,"column":0},"end":{"line":45,"column":195}},"45":{"start":{"line":46,"column":0},"end":{"line":46,"column":180}},"46":{"start":{"line":47,"column":0},"end":{"line":47,"column":34}},"47":{"start":{"line":48,"column":0},"end":{"line":48,"column":4}},"48":{"start":{"line":49,"column":0},"end":{"line":49,"column":67}},"49":{"start":{"line":50,"column":0},"end":{"line":50,"column":33}},"50":{"start":{"line":51,"column":0},"end":{"line":51,"column":2}},"51":{"start":{"line":52,"column":0},"end":{"line":52,"column":0}},"52":{"start":{"line":53,"column":0},"end":{"line":53,"column":4}},"53":{"start":{"line":54,"column":0},"end":{"line":54,"column":79}},"54":{"start":{"line":55,"column":0},"end":{"line":55,"column":67}},"55":{"start":{"line":56,"column":0},"end":{"line":56,"column":4}},"56":{"start":{"line":57,"column":0},"end":{"line":57,"column":21}},"57":{"start":{"line":58,"column":0},"end":{"line":58,"column":35}},"58":{"start":{"line":59,"column":0},"end":{"line":59,"column":53}},"59":{"start":{"line":60,"column":0},"end":{"line":60,"column":2}},"60":{"start":{"line":61,"column":0},"end":{"line":61,"column":4}},"61":{"start":{"line":62,"column":0},"end":{"line":62,"column":80}},"62":{"start":{"line":63,"column":0},"end":{"line":63,"column":67}},"63":{"start":{"line":64,"column":0},"end":{"line":64,"column":4}},"64":{"start":{"line":65,"column":0},"end":{"line":65,"column":21}},"65":{"start":{"line":66,"column":0},"end":{"line":66,"column":35}},"66":{"start":{"line":67,"column":0},"end":{"line":67,"column":38}},"67":{"start":{"line":68,"column":0},"end":{"line":68,"column":2}},"68":{"start":{"line":69,"column":0},"end":{"line":69,"column":4}},"69":{"start":{"line":70,"column":0},"end":{"line":70,"column":66}},"70":{"start":{"line":71,"column":0},"end":{"line":71,"column":59}},"71":{"start":{"line":72,"column":0},"end":{"line":72,"column":4}},"72":{"start":{"line":73,"column":0},"end":{"line":73,"column":21}},"73":{"start":{"line":74,"column":0},"end":{"line":74,"column":28}},"74":{"start":{"line":75,"column":0},"end":{"line":75,"column":2}},"75":{"start":{"line":76,"column":0},"end":{"line":76,"column":0}},"76":{"start":{"line":77,"column":0},"end":{"line":77,"column":4}},"77":{"start":{"line":78,"column":0},"end":{"line":78,"column":95}},"78":{"start":{"line":79,"column":0},"end":{"line":79,"column":79}},"79":{"start":{"line":80,"column":0},"end":{"line":80,"column":4}},"80":{"start":{"line":81,"column":0},"end":{"line":81,"column":203}},"81":{"start":{"line":82,"column":0},"end":{"line":82,"column":4}},"82":{"start":{"line":83,"column":0},"end":{"line":83,"column":12}},"83":{"start":{"line":84,"column":0},"end":{"line":84,"column":23}},"84":{"start":{"line":85,"column":0},"end":{"line":85,"column":64}},"85":{"start":{"line":86,"column":0},"end":{"line":86,"column":30}},"86":{"start":{"line":87,"column":0},"end":{"line":87,"column":41}},"87":{"start":{"line":88,"column":0},"end":{"line":88,"column":4}},"88":{"start":{"line":89,"column":0},"end":{"line":89,"column":40}},"89":{"start":{"line":90,"column":0},"end":{"line":90,"column":28}},"90":{"start":{"line":91,"column":0},"end":{"line":91,"column":70}},"91":{"start":{"line":92,"column":0},"end":{"line":92,"column":27}},"92":{"start":{"line":93,"column":0},"end":{"line":93,"column":4}},"93":{"start":{"line":94,"column":0},"end":{"line":94,"column":57}},"94":{"start":{"line":95,"column":0},"end":{"line":95,"column":17}},"95":{"start":{"line":96,"column":0},"end":{"line":96,"column":22}},"96":{"start":{"line":97,"column":0},"end":{"line":97,"column":2}},"97":{"start":{"line":98,"column":0},"end":{"line":98,"column":4}},"98":{"start":{"line":99,"column":0},"end":{"line":99,"column":95}},"99":{"start":{"line":100,"column":0},"end":{"line":100,"column":83}},"100":{"start":{"line":101,"column":0},"end":{"line":101,"column":4}},"101":{"start":{"line":102,"column":0},"end":{"line":102,"column":211}},"102":{"start":{"line":103,"column":0},"end":{"line":103,"column":4}},"103":{"start":{"line":104,"column":0},"end":{"line":104,"column":12}},"104":{"start":{"line":105,"column":0},"end":{"line":105,"column":23}},"105":{"start":{"line":106,"column":0},"end":{"line":106,"column":79}},"106":{"start":{"line":107,"column":0},"end":{"line":107,"column":30}},"107":{"start":{"line":108,"column":0},"end":{"line":108,"column":41}},"108":{"start":{"line":109,"column":0},"end":{"line":109,"column":4}},"109":{"start":{"line":110,"column":0},"end":{"line":110,"column":40}},"110":{"start":{"line":111,"column":0},"end":{"line":111,"column":28}},"111":{"start":{"line":112,"column":0},"end":{"line":112,"column":70}},"112":{"start":{"line":113,"column":0},"end":{"line":113,"column":27}},"113":{"start":{"line":114,"column":0},"end":{"line":114,"column":4}},"114":{"start":{"line":115,"column":0},"end":{"line":115,"column":57}},"115":{"start":{"line":116,"column":0},"end":{"line":116,"column":16}},"116":{"start":{"line":117,"column":0},"end":{"line":117,"column":21}},"117":{"start":{"line":118,"column":0},"end":{"line":118,"column":2}},"118":{"start":{"line":119,"column":0},"end":{"line":119,"column":0}},"119":{"start":{"line":120,"column":0},"end":{"line":120,"column":4}},"120":{"start":{"line":121,"column":0},"end":{"line":121,"column":29}},"121":{"start":{"line":122,"column":0},"end":{"line":122,"column":40}},"122":{"start":{"line":123,"column":0},"end":{"line":123,"column":4}},"123":{"start":{"line":124,"column":0},"end":{"line":124,"column":13}},"124":{"start":{"line":125,"column":0},"end":{"line":125,"column":31}},"125":{"start":{"line":126,"column":0},"end":{"line":126,"column":2}},"126":{"start":{"line":127,"column":0},"end":{"line":127,"column":0}},"127":{"start":{"line":128,"column":0},"end":{"line":128,"column":4}},"128":{"start":{"line":129,"column":0},"end":{"line":129,"column":29}},"129":{"start":{"line":130,"column":0},"end":{"line":130,"column":39}},"130":{"start":{"line":131,"column":0},"end":{"line":131,"column":4}},"131":{"start":{"line":132,"column":0},"end":{"line":132,"column":12}},"132":{"start":{"line":133,"column":0},"end":{"line":133,"column":32}},"133":{"start":{"line":134,"column":0},"end":{"line":134,"column":2}},"134":{"start":{"line":135,"column":0},"end":{"line":135,"column":0}},"135":{"start":{"line":136,"column":0},"end":{"line":136,"column":4}},"136":{"start":{"line":137,"column":0},"end":{"line":137,"column":61}},"137":{"start":{"line":138,"column":0},"end":{"line":138,"column":34}},"138":{"start":{"line":139,"column":0},"end":{"line":139,"column":4}},"139":{"start":{"line":140,"column":0},"end":{"line":140,"column":25}},"140":{"start":{"line":141,"column":0},"end":{"line":141,"column":60}},"141":{"start":{"line":142,"column":0},"end":{"line":142,"column":26}},"142":{"start":{"line":143,"column":0},"end":{"line":143,"column":15}},"143":{"start":{"line":144,"column":0},"end":{"line":144,"column":3}},"144":{"start":{"line":145,"column":0},"end":{"line":145,"column":24}},"145":{"start":{"line":146,"column":0},"end":{"line":146,"column":14}},"146":{"start":{"line":147,"column":0},"end":{"line":147,"column":2}},"147":{"start":{"line":148,"column":0},"end":{"line":148,"column":0}},"148":{"start":{"line":149,"column":0},"end":{"line":149,"column":4}},"149":{"start":{"line":150,"column":0},"end":{"line":150,"column":60}},"150":{"start":{"line":151,"column":0},"end":{"line":151,"column":34}},"151":{"start":{"line":152,"column":0},"end":{"line":152,"column":4}},"152":{"start":{"line":153,"column":0},"end":{"line":153,"column":24}},"153":{"start":{"line":154,"column":0},"end":{"line":154,"column":75}},"154":{"start":{"line":155,"column":0},"end":{"line":155,"column":36}},"155":{"start":{"line":156,"column":0},"end":{"line":156,"column":15}},"156":{"start":{"line":157,"column":0},"end":{"line":157,"column":3}},"157":{"start":{"line":158,"column":0},"end":{"line":158,"column":39}},"158":{"start":{"line":159,"column":0},"end":{"line":159,"column":14}},"159":{"start":{"line":160,"column":0},"end":{"line":160,"column":2}},"160":{"start":{"line":161,"column":0},"end":{"line":161,"column":0}},"161":{"start":{"line":162,"column":0},"end":{"line":162,"column":4}},"162":{"start":{"line":163,"column":0},"end":{"line":163,"column":60}},"163":{"start":{"line":164,"column":0},"end":{"line":164,"column":34}},"164":{"start":{"line":165,"column":0},"end":{"line":165,"column":4}},"165":{"start":{"line":166,"column":0},"end":{"line":166,"column":23}},"166":{"start":{"line":167,"column":0},"end":{"line":167,"column":36}},"167":{"start":{"line":168,"column":0},"end":{"line":168,"column":25}},"168":{"start":{"line":169,"column":0},"end":{"line":169,"column":14}},"169":{"start":{"line":170,"column":0},"end":{"line":170,"column":2}},"170":{"start":{"line":171,"column":0},"end":{"line":171,"column":0}},"171":{"start":{"line":172,"column":0},"end":{"line":172,"column":4}},"172":{"start":{"line":173,"column":0},"end":{"line":173,"column":62}},"173":{"start":{"line":174,"column":0},"end":{"line":174,"column":27}},"174":{"start":{"line":175,"column":0},"end":{"line":175,"column":34}},"175":{"start":{"line":176,"column":0},"end":{"line":176,"column":4}},"176":{"start":{"line":177,"column":0},"end":{"line":177,"column":33}},"177":{"start":{"line":178,"column":0},"end":{"line":178,"column":24}},"178":{"start":{"line":179,"column":0},"end":{"line":179,"column":14}},"179":{"start":{"line":180,"column":0},"end":{"line":180,"column":2}},"180":{"start":{"line":181,"column":0},"end":{"line":181,"column":0}},"181":{"start":{"line":182,"column":0},"end":{"line":182,"column":4}},"182":{"start":{"line":183,"column":0},"end":{"line":183,"column":62}},"183":{"start":{"line":184,"column":0},"end":{"line":184,"column":27}},"184":{"start":{"line":185,"column":0},"end":{"line":185,"column":34}},"185":{"start":{"line":186,"column":0},"end":{"line":186,"column":4}},"186":{"start":{"line":187,"column":0},"end":{"line":187,"column":28}},"187":{"start":{"line":188,"column":0},"end":{"line":188,"column":29}},"188":{"start":{"line":189,"column":0},"end":{"line":189,"column":2}},"189":{"start":{"line":190,"column":0},"end":{"line":190,"column":0}},"190":{"start":{"line":191,"column":0},"end":{"line":191,"column":4}},"191":{"start":{"line":192,"column":0},"end":{"line":192,"column":64}},"192":{"start":{"line":193,"column":0},"end":{"line":193,"column":27}},"193":{"start":{"line":194,"column":0},"end":{"line":194,"column":34}},"194":{"start":{"line":195,"column":0},"end":{"line":195,"column":4}},"195":{"start":{"line":196,"column":0},"end":{"line":196,"column":35}},"196":{"start":{"line":197,"column":0},"end":{"line":197,"column":25}},"197":{"start":{"line":198,"column":0},"end":{"line":198,"column":27}},"198":{"start":{"line":199,"column":0},"end":{"line":199,"column":14}},"199":{"start":{"line":200,"column":0},"end":{"line":200,"column":2}},"200":{"start":{"line":201,"column":0},"end":{"line":201,"column":0}},"201":{"start":{"line":202,"column":0},"end":{"line":202,"column":4}},"202":{"start":{"line":203,"column":0},"end":{"line":203,"column":52}},"203":{"start":{"line":204,"column":0},"end":{"line":204,"column":34}},"204":{"start":{"line":205,"column":0},"end":{"line":205,"column":4}},"205":{"start":{"line":206,"column":0},"end":{"line":206,"column":28}},"206":{"start":{"line":207,"column":0},"end":{"line":207,"column":64}},"207":{"start":{"line":208,"column":0},"end":{"line":208,"column":19}},"208":{"start":{"line":209,"column":0},"end":{"line":209,"column":14}},"209":{"start":{"line":210,"column":0},"end":{"line":210,"column":2}},"210":{"start":{"line":211,"column":0},"end":{"line":211,"column":0}},"211":{"start":{"line":212,"column":0},"end":{"line":212,"column":4}},"212":{"start":{"line":213,"column":0},"end":{"line":213,"column":53}},"213":{"start":{"line":214,"column":0},"end":{"line":214,"column":34}},"214":{"start":{"line":215,"column":0},"end":{"line":215,"column":4}},"215":{"start":{"line":216,"column":0},"end":{"line":216,"column":29}},"216":{"start":{"line":217,"column":0},"end":{"line":217,"column":52}},"217":{"start":{"line":218,"column":0},"end":{"line":218,"column":21}},"218":{"start":{"line":219,"column":0},"end":{"line":219,"column":14}},"219":{"start":{"line":220,"column":0},"end":{"line":220,"column":2}},"220":{"start":{"line":221,"column":0},"end":{"line":221,"column":0}},"221":{"start":{"line":222,"column":0},"end":{"line":222,"column":4}},"222":{"start":{"line":223,"column":0},"end":{"line":223,"column":48}},"223":{"start":{"line":224,"column":0},"end":{"line":224,"column":37}},"224":{"start":{"line":225,"column":0},"end":{"line":225,"column":4}},"225":{"start":{"line":226,"column":0},"end":{"line":226,"column":22}},"226":{"start":{"line":227,"column":0},"end":{"line":227,"column":20}},"227":{"start":{"line":228,"column":0},"end":{"line":228,"column":2}},"228":{"start":{"line":229,"column":0},"end":{"line":229,"column":0}},"229":{"start":{"line":230,"column":0},"end":{"line":230,"column":4}},"230":{"start":{"line":231,"column":0},"end":{"line":231,"column":47}},"231":{"start":{"line":232,"column":0},"end":{"line":232,"column":37}},"232":{"start":{"line":233,"column":0},"end":{"line":233,"column":4}},"233":{"start":{"line":234,"column":0},"end":{"line":234,"column":18}},"234":{"start":{"line":235,"column":0},"end":{"line":235,"column":27}},"235":{"start":{"line":236,"column":0},"end":{"line":236,"column":2}},"236":{"start":{"line":237,"column":0},"end":{"line":237,"column":1}},"237":{"start":{"line":238,"column":0},"end":{"line":238,"column":0}},"238":{"start":{"line":239,"column":0},"end":{"line":239,"column":3}},"239":{"start":{"line":240,"column":0},"end":{"line":240,"column":83}},"240":{"start":{"line":241,"column":0},"end":{"line":241,"column":31}},"241":{"start":{"line":242,"column":0},"end":{"line":242,"column":96}},"242":{"start":{"line":243,"column":0},"end":{"line":243,"column":24}},"243":{"start":{"line":244,"column":0},"end":{"line":244,"column":33}},"244":{"start":{"line":245,"column":0},"end":{"line":245,"column":3}},"245":{"start":{"line":246,"column":0},"end":{"line":246,"column":72}},"246":{"start":{"line":247,"column":0},"end":{"line":247,"column":0}},"247":{"start":{"line":248,"column":0},"end":{"line":248,"column":38}},"248":{"start":{"line":249,"column":0},"end":{"line":249,"column":38}},"249":{"start":{"line":250,"column":0},"end":{"line":250,"column":34}},"250":{"start":{"line":251,"column":0},"end":{"line":251,"column":35}},"251":{"start":{"line":252,"column":0},"end":{"line":252,"column":31}},"252":{"start":{"line":253,"column":0},"end":{"line":253,"column":0}},"253":{"start":{"line":254,"column":0},"end":{"line":254,"column":77}},"254":{"start":{"line":255,"column":0},"end":{"line":255,"column":30}},"255":{"start":{"line":256,"column":0},"end":{"line":256,"column":31}},"256":{"start":{"line":257,"column":0},"end":{"line":257,"column":28}},"257":{"start":{"line":258,"column":0},"end":{"line":258,"column":30}},"258":{"start":{"line":259,"column":0},"end":{"line":259,"column":39}},"259":{"start":{"line":260,"column":0},"end":{"line":260,"column":2}},"260":{"start":{"line":261,"column":0},"end":{"line":261,"column":0}},"261":{"start":{"line":262,"column":0},"end":{"line":262,"column":4}},"262":{"start":{"line":263,"column":0},"end":{"line":263,"column":97}},"263":{"start":{"line":264,"column":0},"end":{"line":264,"column":32}},"264":{"start":{"line":265,"column":0},"end":{"line":265,"column":34}},"265":{"start":{"line":266,"column":0},"end":{"line":266,"column":32}},"266":{"start":{"line":267,"column":0},"end":{"line":267,"column":4}},"267":{"start":{"line":268,"column":0},"end":{"line":268,"column":73}},"268":{"start":{"line":269,"column":0},"end":{"line":269,"column":78}},"269":{"start":{"line":270,"column":0},"end":{"line":270,"column":2}},"270":{"start":{"line":271,"column":0},"end":{"line":271,"column":4}},"271":{"start":{"line":272,"column":0},"end":{"line":272,"column":98}},"272":{"start":{"line":273,"column":0},"end":{"line":273,"column":33}},"273":{"start":{"line":274,"column":0},"end":{"line":274,"column":34}},"274":{"start":{"line":275,"column":0},"end":{"line":275,"column":32}},"275":{"start":{"line":276,"column":0},"end":{"line":276,"column":4}},"276":{"start":{"line":277,"column":0},"end":{"line":277,"column":72}},"277":{"start":{"line":278,"column":0},"end":{"line":278,"column":80}},"278":{"start":{"line":279,"column":0},"end":{"line":279,"column":2}},"279":{"start":{"line":280,"column":0},"end":{"line":280,"column":4}},"280":{"start":{"line":281,"column":0},"end":{"line":281,"column":79}},"281":{"start":{"line":282,"column":0},"end":{"line":282,"column":38}},"282":{"start":{"line":283,"column":0},"end":{"line":283,"column":34}},"283":{"start":{"line":284,"column":0},"end":{"line":284,"column":4}},"284":{"start":{"line":285,"column":0},"end":{"line":285,"column":95}},"285":{"start":{"line":286,"column":0},"end":{"line":286,"column":100}},"286":{"start":{"line":287,"column":0},"end":{"line":287,"column":2}},"287":{"start":{"line":288,"column":0},"end":{"line":288,"column":0}},"288":{"start":{"line":289,"column":0},"end":{"line":289,"column":4}},"289":{"start":{"line":290,"column":0},"end":{"line":290,"column":112}},"290":{"start":{"line":291,"column":0},"end":{"line":291,"column":48}},"291":{"start":{"line":292,"column":0},"end":{"line":292,"column":32}},"292":{"start":{"line":293,"column":0},"end":{"line":293,"column":54}},"293":{"start":{"line":294,"column":0},"end":{"line":294,"column":4}},"294":{"start":{"line":295,"column":0},"end":{"line":295,"column":83}},"295":{"start":{"line":296,"column":0},"end":{"line":296,"column":41}},"296":{"start":{"line":297,"column":0},"end":{"line":297,"column":110}},"297":{"start":{"line":298,"column":0},"end":{"line":298,"column":30}},"298":{"start":{"line":299,"column":0},"end":{"line":299,"column":41}},"299":{"start":{"line":300,"column":0},"end":{"line":300,"column":55}},"300":{"start":{"line":301,"column":0},"end":{"line":301,"column":3}},"301":{"start":{"line":302,"column":0},"end":{"line":302,"column":26}},"302":{"start":{"line":303,"column":0},"end":{"line":303,"column":2}},"303":{"start":{"line":304,"column":0},"end":{"line":304,"column":0}},"304":{"start":{"line":305,"column":0},"end":{"line":305,"column":4}},"305":{"start":{"line":306,"column":0},"end":{"line":306,"column":56}},"306":{"start":{"line":307,"column":0},"end":{"line":307,"column":74}},"307":{"start":{"line":308,"column":0},"end":{"line":308,"column":39}},"308":{"start":{"line":309,"column":0},"end":{"line":309,"column":4}},"309":{"start":{"line":310,"column":0},"end":{"line":310,"column":68}},"310":{"start":{"line":311,"column":0},"end":{"line":311,"column":10}},"311":{"start":{"line":312,"column":0},"end":{"line":312,"column":6}},"312":{"start":{"line":313,"column":0},"end":{"line":313,"column":74}},"313":{"start":{"line":314,"column":0},"end":{"line":314,"column":39}},"314":{"start":{"line":315,"column":0},"end":{"line":315,"column":44}},"315":{"start":{"line":316,"column":0},"end":{"line":316,"column":6}},"316":{"start":{"line":317,"column":0},"end":{"line":317,"column":51}},"317":{"start":{"line":318,"column":0},"end":{"line":318,"column":75}},"318":{"start":{"line":319,"column":0},"end":{"line":319,"column":72}},"319":{"start":{"line":320,"column":0},"end":{"line":320,"column":5}},"320":{"start":{"line":321,"column":0},"end":{"line":321,"column":6}},"321":{"start":{"line":322,"column":0},"end":{"line":322,"column":65}},"322":{"start":{"line":323,"column":0},"end":{"line":323,"column":53}},"323":{"start":{"line":324,"column":0},"end":{"line":324,"column":27}},"324":{"start":{"line":325,"column":0},"end":{"line":325,"column":6}},"325":{"start":{"line":326,"column":0},"end":{"line":326,"column":43}},"326":{"start":{"line":327,"column":0},"end":{"line":327,"column":12}},"327":{"start":{"line":328,"column":0},"end":{"line":328,"column":8}},"328":{"start":{"line":329,"column":0},"end":{"line":329,"column":76}},"329":{"start":{"line":330,"column":0},"end":{"line":330,"column":41}},"330":{"start":{"line":331,"column":0},"end":{"line":331,"column":46}},"331":{"start":{"line":332,"column":0},"end":{"line":332,"column":8}},"332":{"start":{"line":333,"column":0},"end":{"line":333,"column":53}},"333":{"start":{"line":334,"column":0},"end":{"line":334,"column":81}},"334":{"start":{"line":335,"column":0},"end":{"line":335,"column":78}},"335":{"start":{"line":336,"column":0},"end":{"line":336,"column":6}},"336":{"start":{"line":337,"column":0},"end":{"line":337,"column":5}},"337":{"start":{"line":338,"column":0},"end":{"line":338,"column":4}},"338":{"start":{"line":339,"column":0},"end":{"line":339,"column":4}},"339":{"start":{"line":340,"column":0},"end":{"line":340,"column":2}},"340":{"start":{"line":341,"column":0},"end":{"line":341,"column":0}},"341":{"start":{"line":342,"column":0},"end":{"line":342,"column":4}},"342":{"start":{"line":343,"column":0},"end":{"line":343,"column":40}},"343":{"start":{"line":344,"column":0},"end":{"line":344,"column":55}},"344":{"start":{"line":345,"column":0},"end":{"line":345,"column":4}},"345":{"start":{"line":346,"column":0},"end":{"line":346,"column":13}},"346":{"start":{"line":347,"column":0},"end":{"line":347,"column":25}},"347":{"start":{"line":348,"column":0},"end":{"line":348,"column":2}},"348":{"start":{"line":349,"column":0},"end":{"line":349,"column":4}},"349":{"start":{"line":350,"column":0},"end":{"line":350,"column":40}},"350":{"start":{"line":351,"column":0},"end":{"line":351,"column":56}},"351":{"start":{"line":352,"column":0},"end":{"line":352,"column":4}},"352":{"start":{"line":353,"column":0},"end":{"line":353,"column":13}},"353":{"start":{"line":354,"column":0},"end":{"line":354,"column":26}},"354":{"start":{"line":355,"column":0},"end":{"line":355,"column":2}},"355":{"start":{"line":356,"column":0},"end":{"line":356,"column":0}},"356":{"start":{"line":357,"column":0},"end":{"line":357,"column":4}},"357":{"start":{"line":358,"column":0},"end":{"line":358,"column":53}},"358":{"start":{"line":359,"column":0},"end":{"line":359,"column":80}},"359":{"start":{"line":360,"column":0},"end":{"line":360,"column":4}},"360":{"start":{"line":361,"column":0},"end":{"line":361,"column":23}},"361":{"start":{"line":362,"column":0},"end":{"line":362,"column":25}},"362":{"start":{"line":363,"column":0},"end":{"line":363,"column":2}},"363":{"start":{"line":364,"column":0},"end":{"line":364,"column":0}},"364":{"start":{"line":365,"column":0},"end":{"line":365,"column":4}},"365":{"start":{"line":366,"column":0},"end":{"line":366,"column":53}},"366":{"start":{"line":367,"column":0},"end":{"line":367,"column":80}},"367":{"start":{"line":368,"column":0},"end":{"line":368,"column":4}},"368":{"start":{"line":369,"column":0},"end":{"line":369,"column":23}},"369":{"start":{"line":370,"column":0},"end":{"line":370,"column":25}},"370":{"start":{"line":371,"column":0},"end":{"line":371,"column":2}},"371":{"start":{"line":372,"column":0},"end":{"line":372,"column":0}},"372":{"start":{"line":373,"column":0},"end":{"line":373,"column":4}},"373":{"start":{"line":374,"column":0},"end":{"line":374,"column":43}},"374":{"start":{"line":375,"column":0},"end":{"line":375,"column":87}},"375":{"start":{"line":376,"column":0},"end":{"line":376,"column":4}},"376":{"start":{"line":377,"column":0},"end":{"line":377,"column":16}},"377":{"start":{"line":378,"column":0},"end":{"line":378,"column":24}},"378":{"start":{"line":379,"column":0},"end":{"line":379,"column":2}},"379":{"start":{"line":380,"column":0},"end":{"line":380,"column":0}},"380":{"start":{"line":381,"column":0},"end":{"line":381,"column":4}},"381":{"start":{"line":382,"column":0},"end":{"line":382,"column":44}},"382":{"start":{"line":383,"column":0},"end":{"line":383,"column":26}},"383":{"start":{"line":384,"column":0},"end":{"line":384,"column":13}},"384":{"start":{"line":385,"column":0},"end":{"line":385,"column":5}},"385":{"start":{"line":386,"column":0},"end":{"line":386,"column":24}},"386":{"start":{"line":387,"column":0},"end":{"line":387,"column":24}},"387":{"start":{"line":388,"column":0},"end":{"line":388,"column":20}},"388":{"start":{"line":389,"column":0},"end":{"line":389,"column":21}},"389":{"start":{"line":390,"column":0},"end":{"line":390,"column":22}},"390":{"start":{"line":391,"column":0},"end":{"line":391,"column":5}},"391":{"start":{"line":392,"column":0},"end":{"line":392,"column":4}},"392":{"start":{"line":393,"column":0},"end":{"line":393,"column":37}},"393":{"start":{"line":394,"column":0},"end":{"line":394,"column":10}},"394":{"start":{"line":395,"column":0},"end":{"line":395,"column":30}},"395":{"start":{"line":396,"column":0},"end":{"line":396,"column":30}},"396":{"start":{"line":397,"column":0},"end":{"line":397,"column":32}},"397":{"start":{"line":398,"column":0},"end":{"line":398,"column":34}},"398":{"start":{"line":399,"column":0},"end":{"line":399,"column":32}},"399":{"start":{"line":400,"column":0},"end":{"line":400,"column":3}},"400":{"start":{"line":401,"column":0},"end":{"line":401,"column":2}},"401":{"start":{"line":402,"column":0},"end":{"line":402,"column":1}},"402":{"start":{"line":403,"column":0},"end":{"line":403,"column":0}},"403":{"start":{"line":404,"column":0},"end":{"line":404,"column":39}},"404":{"start":{"line":405,"column":0},"end":{"line":405,"column":24}},"405":{"start":{"line":406,"column":0},"end":{"line":406,"column":43}},"406":{"start":{"line":407,"column":0},"end":{"line":407,"column":0}},"407":{"start":{"line":408,"column":0},"end":{"line":408,"column":62}},"408":{"start":{"line":409,"column":0},"end":{"line":409,"column":21}},"409":{"start":{"line":410,"column":0},"end":{"line":410,"column":27}},"410":{"start":{"line":411,"column":0},"end":{"line":411,"column":28}},"411":{"start":{"line":412,"column":0},"end":{"line":412,"column":28}},"412":{"start":{"line":413,"column":0},"end":{"line":413,"column":16}},"413":{"start":{"line":414,"column":0},"end":{"line":414,"column":3}},"414":{"start":{"line":415,"column":0},"end":{"line":415,"column":2}},"415":{"start":{"line":416,"column":0},"end":{"line":416,"column":0}},"416":{"start":{"line":417,"column":0},"end":{"line":417,"column":37}},"417":{"start":{"line":418,"column":0},"end":{"line":418,"column":25}},"418":{"start":{"line":419,"column":0},"end":{"line":419,"column":2}},"419":{"start":{"line":420,"column":0},"end":{"line":420,"column":0}},"420":{"start":{"line":421,"column":0},"end":{"line":421,"column":4}},"421":{"start":{"line":422,"column":0},"end":{"line":422,"column":4}},"422":{"start":{"line":423,"column":0},"end":{"line":423,"column":47}},"423":{"start":{"line":424,"column":0},"end":{"line":424,"column":34}},"424":{"start":{"line":425,"column":0},"end":{"line":425,"column":4}},"425":{"start":{"line":426,"column":0},"end":{"line":426,"column":24}},"426":{"start":{"line":427,"column":0},"end":{"line":427,"column":83}},"427":{"start":{"line":428,"column":0},"end":{"line":428,"column":25}},"428":{"start":{"line":429,"column":0},"end":{"line":429,"column":2}},"429":{"start":{"line":430,"column":0},"end":{"line":430,"column":0}},"430":{"start":{"line":431,"column":0},"end":{"line":431,"column":4}},"431":{"start":{"line":432,"column":0},"end":{"line":432,"column":4}},"432":{"start":{"line":433,"column":0},"end":{"line":433,"column":44}},"433":{"start":{"line":434,"column":0},"end":{"line":434,"column":63}},"434":{"start":{"line":435,"column":0},"end":{"line":435,"column":4}},"435":{"start":{"line":436,"column":0},"end":{"line":436,"column":41}},"436":{"start":{"line":437,"column":0},"end":{"line":437,"column":10}},"437":{"start":{"line":438,"column":0},"end":{"line":438,"column":6}},"438":{"start":{"line":439,"column":0},"end":{"line":439,"column":6}},"439":{"start":{"line":440,"column":0},"end":{"line":440,"column":47}},"440":{"start":{"line":441,"column":0},"end":{"line":441,"column":125}},"441":{"start":{"line":442,"column":0},"end":{"line":442,"column":15}},"442":{"start":{"line":443,"column":0},"end":{"line":443,"column":36}},"443":{"start":{"line":444,"column":0},"end":{"line":444,"column":32}},"444":{"start":{"line":445,"column":0},"end":{"line":445,"column":6}},"445":{"start":{"line":446,"column":0},"end":{"line":446,"column":81}},"446":{"start":{"line":447,"column":0},"end":{"line":447,"column":52}},"447":{"start":{"line":448,"column":0},"end":{"line":448,"column":43}},"448":{"start":{"line":449,"column":0},"end":{"line":449,"column":41}},"449":{"start":{"line":450,"column":0},"end":{"line":450,"column":5}},"450":{"start":{"line":451,"column":0},"end":{"line":451,"column":28}},"451":{"start":{"line":452,"column":0},"end":{"line":452,"column":16}},"452":{"start":{"line":453,"column":0},"end":{"line":453,"column":4}},"453":{"start":{"line":454,"column":0},"end":{"line":454,"column":3}},"454":{"start":{"line":455,"column":0},"end":{"line":455,"column":2}},"455":{"start":{"line":456,"column":0},"end":{"line":456,"column":4}},"456":{"start":{"line":457,"column":0},"end":{"line":457,"column":4}},"457":{"start":{"line":458,"column":0},"end":{"line":458,"column":44}},"458":{"start":{"line":459,"column":0},"end":{"line":459,"column":47}},"459":{"start":{"line":460,"column":0},"end":{"line":460,"column":109}},"460":{"start":{"line":461,"column":0},"end":{"line":461,"column":35}},"461":{"start":{"line":462,"column":0},"end":{"line":462,"column":4}},"462":{"start":{"line":463,"column":0},"end":{"line":463,"column":110}},"463":{"start":{"line":464,"column":0},"end":{"line":464,"column":50}},"464":{"start":{"line":465,"column":0},"end":{"line":465,"column":41}},"465":{"start":{"line":466,"column":0},"end":{"line":466,"column":39}},"466":{"start":{"line":467,"column":0},"end":{"line":467,"column":3}},"467":{"start":{"line":468,"column":0},"end":{"line":468,"column":26}},"468":{"start":{"line":469,"column":0},"end":{"line":469,"column":14}},"469":{"start":{"line":470,"column":0},"end":{"line":470,"column":2}},"470":{"start":{"line":471,"column":0},"end":{"line":471,"column":1}},"471":{"start":{"line":472,"column":0},"end":{"line":472,"column":0}},"472":{"start":{"line":473,"column":0},"end":{"line":473,"column":53}},"473":{"start":{"line":474,"column":0},"end":{"line":474,"column":19}},"474":{"start":{"line":475,"column":0},"end":{"line":475,"column":25}},"475":{"start":{"line":476,"column":0},"end":{"line":476,"column":26}},"476":{"start":{"line":477,"column":0},"end":{"line":477,"column":40}},"477":{"start":{"line":478,"column":0},"end":{"line":478,"column":0}},"478":{"start":{"line":479,"column":0},"end":{"line":479,"column":30}},"479":{"start":{"line":480,"column":0},"end":{"line":480,"column":31}},"480":{"start":{"line":481,"column":0},"end":{"line":481,"column":34}},"481":{"start":{"line":482,"column":0},"end":{"line":482,"column":29}},"482":{"start":{"line":483,"column":0},"end":{"line":483,"column":38}},"483":{"start":{"line":484,"column":0},"end":{"line":484,"column":22}},"484":{"start":{"line":485,"column":0},"end":{"line":485,"column":15}},"485":{"start":{"line":486,"column":0},"end":{"line":486,"column":3}},"486":{"start":{"line":487,"column":0},"end":{"line":487,"column":36}},"487":{"start":{"line":488,"column":0},"end":{"line":488,"column":22}},"488":{"start":{"line":489,"column":0},"end":{"line":489,"column":14}},"489":{"start":{"line":490,"column":0},"end":{"line":490,"column":3}},"490":{"start":{"line":491,"column":0},"end":{"line":491,"column":0}},"491":{"start":{"line":492,"column":0},"end":{"line":492,"column":27}},"492":{"start":{"line":493,"column":0},"end":{"line":493,"column":21}},"493":{"start":{"line":494,"column":0},"end":{"line":494,"column":2}},"494":{"start":{"line":495,"column":0},"end":{"line":495,"column":0}},"495":{"start":{"line":496,"column":0},"end":{"line":496,"column":4}},"496":{"start":{"line":497,"column":0},"end":{"line":497,"column":63}},"497":{"start":{"line":498,"column":0},"end":{"line":498,"column":53}},"498":{"start":{"line":499,"column":0},"end":{"line":499,"column":4}},"499":{"start":{"line":500,"column":0},"end":{"line":500,"column":25}},"500":{"start":{"line":501,"column":0},"end":{"line":501,"column":17}},"501":{"start":{"line":502,"column":0},"end":{"line":502,"column":51}},"502":{"start":{"line":503,"column":0},"end":{"line":503,"column":2}},"503":{"start":{"line":504,"column":0},"end":{"line":504,"column":41}},"504":{"start":{"line":505,"column":0},"end":{"line":505,"column":40}},"505":{"start":{"line":506,"column":0},"end":{"line":506,"column":3}},"506":{"start":{"line":507,"column":0},"end":{"line":507,"column":0}},"507":{"start":{"line":508,"column":0},"end":{"line":508,"column":56}},"508":{"start":{"line":509,"column":0},"end":{"line":509,"column":36}},"509":{"start":{"line":510,"column":0},"end":{"line":510,"column":0}},"510":{"start":{"line":511,"column":0},"end":{"line":511,"column":40}},"511":{"start":{"line":512,"column":0},"end":{"line":512,"column":32}},"512":{"start":{"line":513,"column":0},"end":{"line":513,"column":28}},"513":{"start":{"line":514,"column":0},"end":{"line":514,"column":3}},"514":{"start":{"line":515,"column":0},"end":{"line":515,"column":31}},"515":{"start":{"line":516,"column":0},"end":{"line":516,"column":38}},"516":{"start":{"line":517,"column":0},"end":{"line":517,"column":41}},"517":{"start":{"line":518,"column":0},"end":{"line":518,"column":2}},"518":{"start":{"line":519,"column":0},"end":{"line":519,"column":0}},"519":{"start":{"line":520,"column":0},"end":{"line":520,"column":4}},"520":{"start":{"line":521,"column":0},"end":{"line":521,"column":34}},"521":{"start":{"line":522,"column":0},"end":{"line":522,"column":42}},"522":{"start":{"line":523,"column":0},"end":{"line":523,"column":4}},"523":{"start":{"line":524,"column":0},"end":{"line":524,"column":17}},"524":{"start":{"line":525,"column":0},"end":{"line":525,"column":21}},"525":{"start":{"line":526,"column":0},"end":{"line":526,"column":2}},"526":{"start":{"line":527,"column":0},"end":{"line":527,"column":0}},"527":{"start":{"line":528,"column":0},"end":{"line":528,"column":4}},"528":{"start":{"line":529,"column":0},"end":{"line":529,"column":51}},"529":{"start":{"line":530,"column":0},"end":{"line":530,"column":60}},"530":{"start":{"line":531,"column":0},"end":{"line":531,"column":13}},"531":{"start":{"line":532,"column":0},"end":{"line":532,"column":102}},"532":{"start":{"line":533,"column":0},"end":{"line":533,"column":4}},"533":{"start":{"line":534,"column":0},"end":{"line":534,"column":13}},"534":{"start":{"line":535,"column":0},"end":{"line":535,"column":68}},"535":{"start":{"line":536,"column":0},"end":{"line":536,"column":4}},"536":{"start":{"line":537,"column":0},"end":{"line":537,"column":23}},"537":{"start":{"line":538,"column":0},"end":{"line":538,"column":21}},"538":{"start":{"line":539,"column":0},"end":{"line":539,"column":2}},"539":{"start":{"line":540,"column":0},"end":{"line":540,"column":0}},"540":{"start":{"line":541,"column":0},"end":{"line":541,"column":4}},"541":{"start":{"line":542,"column":0},"end":{"line":542,"column":33}},"542":{"start":{"line":543,"column":0},"end":{"line":543,"column":17}},"543":{"start":{"line":544,"column":0},"end":{"line":544,"column":4}},"544":{"start":{"line":545,"column":0},"end":{"line":545,"column":24}},"545":{"start":{"line":546,"column":0},"end":{"line":546,"column":25}},"546":{"start":{"line":547,"column":0},"end":{"line":547,"column":2}},"547":{"start":{"line":548,"column":0},"end":{"line":548,"column":0}},"548":{"start":{"line":549,"column":0},"end":{"line":549,"column":4}},"549":{"start":{"line":550,"column":0},"end":{"line":550,"column":55}},"550":{"start":{"line":551,"column":0},"end":{"line":551,"column":73}},"551":{"start":{"line":552,"column":0},"end":{"line":552,"column":4}},"552":{"start":{"line":553,"column":0},"end":{"line":553,"column":23}},"553":{"start":{"line":554,"column":0},"end":{"line":554,"column":52}},"554":{"start":{"line":555,"column":0},"end":{"line":555,"column":57}},"555":{"start":{"line":556,"column":0},"end":{"line":556,"column":2}},"556":{"start":{"line":557,"column":0},"end":{"line":557,"column":0}},"557":{"start":{"line":558,"column":0},"end":{"line":558,"column":4}},"558":{"start":{"line":559,"column":0},"end":{"line":559,"column":61}},"559":{"start":{"line":560,"column":0},"end":{"line":560,"column":28}},"560":{"start":{"line":561,"column":0},"end":{"line":561,"column":98}},"561":{"start":{"line":562,"column":0},"end":{"line":562,"column":4}},"562":{"start":{"line":563,"column":0},"end":{"line":563,"column":37}},"563":{"start":{"line":564,"column":0},"end":{"line":564,"column":46}},"564":{"start":{"line":565,"column":0},"end":{"line":565,"column":49}},"565":{"start":{"line":566,"column":0},"end":{"line":566,"column":15}},"566":{"start":{"line":567,"column":0},"end":{"line":567,"column":2}},"567":{"start":{"line":568,"column":0},"end":{"line":568,"column":1}},"568":{"start":{"line":569,"column":0},"end":{"line":569,"column":4}},"569":{"start":{"line":570,"column":0},"end":{"line":570,"column":74}},"570":{"start":{"line":571,"column":0},"end":{"line":571,"column":28}},"571":{"start":{"line":572,"column":0},"end":{"line":572,"column":76}},"572":{"start":{"line":573,"column":0},"end":{"line":573,"column":4}},"573":{"start":{"line":574,"column":0},"end":{"line":574,"column":41}},"574":{"start":{"line":575,"column":0},"end":{"line":575,"column":59}},"575":{"start":{"line":576,"column":0},"end":{"line":576,"column":33}},"576":{"start":{"line":577,"column":0},"end":{"line":577,"column":31}},"577":{"start":{"line":578,"column":0},"end":{"line":578,"column":17}},"578":{"start":{"line":579,"column":0},"end":{"line":579,"column":2}},"579":{"start":{"line":580,"column":0},"end":{"line":580,"column":0}},"580":{"start":{"line":581,"column":0},"end":{"line":581,"column":4}},"581":{"start":{"line":582,"column":0},"end":{"line":582,"column":92}},"582":{"start":{"line":583,"column":0},"end":{"line":583,"column":66}},"583":{"start":{"line":584,"column":0},"end":{"line":584,"column":4}},"584":{"start":{"line":585,"column":0},"end":{"line":585,"column":29}},"585":{"start":{"line":586,"column":0},"end":{"line":586,"column":41}},"586":{"start":{"line":587,"column":0},"end":{"line":587,"column":21}},"587":{"start":{"line":588,"column":0},"end":{"line":588,"column":44}},"588":{"start":{"line":589,"column":0},"end":{"line":589,"column":2}},"589":{"start":{"line":590,"column":0},"end":{"line":590,"column":4}},"590":{"start":{"line":591,"column":0},"end":{"line":591,"column":92}},"591":{"start":{"line":592,"column":0},"end":{"line":592,"column":51}},"592":{"start":{"line":593,"column":0},"end":{"line":593,"column":4}},"593":{"start":{"line":594,"column":0},"end":{"line":594,"column":24}},"594":{"start":{"line":595,"column":0},"end":{"line":595,"column":56}},"595":{"start":{"line":596,"column":0},"end":{"line":596,"column":2}},"596":{"start":{"line":597,"column":0},"end":{"line":597,"column":0}},"597":{"start":{"line":598,"column":0},"end":{"line":598,"column":4}},"598":{"start":{"line":599,"column":0},"end":{"line":599,"column":44}},"599":{"start":{"line":600,"column":0},"end":{"line":600,"column":102}},"600":{"start":{"line":601,"column":0},"end":{"line":601,"column":28}},"601":{"start":{"line":602,"column":0},"end":{"line":602,"column":4}},"602":{"start":{"line":603,"column":0},"end":{"line":603,"column":60}},"603":{"start":{"line":604,"column":0},"end":{"line":604,"column":25}},"604":{"start":{"line":605,"column":0},"end":{"line":605,"column":48}},"605":{"start":{"line":606,"column":0},"end":{"line":606,"column":16}},"606":{"start":{"line":607,"column":0},"end":{"line":607,"column":13}},"607":{"start":{"line":608,"column":0},"end":{"line":608,"column":3}},"608":{"start":{"line":609,"column":0},"end":{"line":609,"column":0}},"609":{"start":{"line":610,"column":0},"end":{"line":610,"column":4}},"610":{"start":{"line":611,"column":0},"end":{"line":611,"column":35}},"611":{"start":{"line":612,"column":0},"end":{"line":612,"column":104}},"612":{"start":{"line":613,"column":0},"end":{"line":613,"column":28}},"613":{"start":{"line":614,"column":0},"end":{"line":614,"column":4}},"614":{"start":{"line":615,"column":0},"end":{"line":615,"column":66}},"615":{"start":{"line":616,"column":0},"end":{"line":616,"column":47}},"616":{"start":{"line":617,"column":0},"end":{"line":617,"column":2}},"617":{"start":{"line":618,"column":0},"end":{"line":618,"column":1}},"618":{"start":{"line":619,"column":0},"end":{"line":619,"column":0}},"619":{"start":{"line":620,"column":0},"end":{"line":620,"column":3}},"620":{"start":{"line":621,"column":0},"end":{"line":621,"column":42}},"621":{"start":{"line":622,"column":0},"end":{"line":622,"column":3}},"622":{"start":{"line":623,"column":0},"end":{"line":623,"column":81}},"623":{"start":{"line":624,"column":0},"end":{"line":624,"column":24}},"624":{"start":{"line":625,"column":0},"end":{"line":625,"column":32}},"625":{"start":{"line":626,"column":0},"end":{"line":626,"column":63}},"626":{"start":{"line":627,"column":0},"end":{"line":627,"column":56}},"627":{"start":{"line":628,"column":0},"end":{"line":628,"column":0}},"628":{"start":{"line":629,"column":0},"end":{"line":629,"column":76}},"629":{"start":{"line":630,"column":0},"end":{"line":630,"column":23}},"630":{"start":{"line":631,"column":0},"end":{"line":631,"column":21}},"631":{"start":{"line":632,"column":0},"end":{"line":632,"column":27}},"632":{"start":{"line":633,"column":0},"end":{"line":633,"column":2}},"633":{"start":{"line":634,"column":0},"end":{"line":634,"column":0}},"634":{"start":{"line":635,"column":0},"end":{"line":635,"column":4}},"635":{"start":{"line":636,"column":0},"end":{"line":636,"column":38}},"636":{"start":{"line":637,"column":0},"end":{"line":637,"column":24}},"637":{"start":{"line":638,"column":0},"end":{"line":638,"column":4}},"638":{"start":{"line":639,"column":0},"end":{"line":639,"column":30}},"639":{"start":{"line":640,"column":0},"end":{"line":640,"column":18}},"640":{"start":{"line":641,"column":0},"end":{"line":641,"column":2}},"641":{"start":{"line":642,"column":0},"end":{"line":642,"column":0}},"642":{"start":{"line":643,"column":0},"end":{"line":643,"column":4}},"643":{"start":{"line":644,"column":0},"end":{"line":644,"column":49}},"644":{"start":{"line":645,"column":0},"end":{"line":645,"column":40}},"645":{"start":{"line":646,"column":0},"end":{"line":646,"column":13}},"646":{"start":{"line":647,"column":0},"end":{"line":647,"column":29}},"647":{"start":{"line":648,"column":0},"end":{"line":648,"column":4}},"648":{"start":{"line":649,"column":0},"end":{"line":649,"column":61}},"649":{"start":{"line":650,"column":0},"end":{"line":650,"column":4}},"650":{"start":{"line":651,"column":0},"end":{"line":651,"column":32}},"651":{"start":{"line":652,"column":0},"end":{"line":652,"column":78}},"652":{"start":{"line":653,"column":0},"end":{"line":653,"column":2}},"653":{"start":{"line":654,"column":0},"end":{"line":654,"column":0}},"654":{"start":{"line":655,"column":0},"end":{"line":655,"column":4}},"655":{"start":{"line":656,"column":0},"end":{"line":656,"column":54}},"656":{"start":{"line":657,"column":0},"end":{"line":657,"column":77}},"657":{"start":{"line":658,"column":0},"end":{"line":658,"column":53}},"658":{"start":{"line":659,"column":0},"end":{"line":659,"column":4}},"659":{"start":{"line":660,"column":0},"end":{"line":660,"column":19}},"660":{"start":{"line":661,"column":0},"end":{"line":661,"column":23}},"661":{"start":{"line":662,"column":0},"end":{"line":662,"column":2}},"662":{"start":{"line":663,"column":0},"end":{"line":663,"column":0}},"663":{"start":{"line":664,"column":0},"end":{"line":664,"column":4}},"664":{"start":{"line":665,"column":0},"end":{"line":665,"column":4}},"665":{"start":{"line":666,"column":0},"end":{"line":666,"column":32}},"666":{"start":{"line":667,"column":0},"end":{"line":667,"column":95}},"667":{"start":{"line":668,"column":0},"end":{"line":668,"column":70}},"668":{"start":{"line":669,"column":0},"end":{"line":669,"column":54}},"669":{"start":{"line":670,"column":0},"end":{"line":670,"column":4}},"670":{"start":{"line":671,"column":0},"end":{"line":671,"column":79}},"671":{"start":{"line":672,"column":0},"end":{"line":672,"column":86}},"672":{"start":{"line":673,"column":0},"end":{"line":673,"column":3}},"673":{"start":{"line":674,"column":0},"end":{"line":674,"column":1}},"674":{"start":{"line":675,"column":0},"end":{"line":675,"column":0}},"675":{"start":{"line":676,"column":0},"end":{"line":676,"column":3}},"676":{"start":{"line":677,"column":0},"end":{"line":677,"column":45}},"677":{"start":{"line":678,"column":0},"end":{"line":678,"column":3}},"678":{"start":{"line":679,"column":0},"end":{"line":679,"column":73}},"679":{"start":{"line":680,"column":0},"end":{"line":680,"column":0}},"680":{"start":{"line":681,"column":0},"end":{"line":681,"column":76}},"681":{"start":{"line":682,"column":0},"end":{"line":682,"column":27}},"682":{"start":{"line":683,"column":0},"end":{"line":683,"column":2}},"683":{"start":{"line":684,"column":0},"end":{"line":684,"column":0}},"684":{"start":{"line":685,"column":0},"end":{"line":685,"column":4}},"685":{"start":{"line":686,"column":0},"end":{"line":686,"column":52}},"686":{"start":{"line":687,"column":0},"end":{"line":687,"column":43}},"687":{"start":{"line":688,"column":0},"end":{"line":688,"column":13}},"688":{"start":{"line":689,"column":0},"end":{"line":689,"column":32}},"689":{"start":{"line":690,"column":0},"end":{"line":690,"column":4}},"690":{"start":{"line":691,"column":0},"end":{"line":691,"column":61}},"691":{"start":{"line":692,"column":0},"end":{"line":692,"column":4}},"692":{"start":{"line":693,"column":0},"end":{"line":693,"column":39}},"693":{"start":{"line":694,"column":0},"end":{"line":694,"column":81}},"694":{"start":{"line":695,"column":0},"end":{"line":695,"column":2}},"695":{"start":{"line":696,"column":0},"end":{"line":696,"column":1}},"696":{"start":{"line":697,"column":0},"end":{"line":697,"column":4}},"697":{"start":{"line":698,"column":0},"end":{"line":698,"column":4}},"698":{"start":{"line":699,"column":0},"end":{"line":699,"column":32}},"699":{"start":{"line":700,"column":0},"end":{"line":700,"column":95}},"700":{"start":{"line":701,"column":0},"end":{"line":701,"column":73}},"701":{"start":{"line":702,"column":0},"end":{"line":702,"column":54}},"702":{"start":{"line":703,"column":0},"end":{"line":703,"column":4}},"703":{"start":{"line":704,"column":0},"end":{"line":704,"column":82}},"704":{"start":{"line":705,"column":0},"end":{"line":705,"column":89}},"705":{"start":{"line":706,"column":0},"end":{"line":706,"column":3}},"706":{"start":{"line":707,"column":0},"end":{"line":707,"column":1}},"707":{"start":{"line":708,"column":0},"end":{"line":708,"column":0}},"708":{"start":{"line":709,"column":0},"end":{"line":709,"column":3}},"709":{"start":{"line":710,"column":0},"end":{"line":710,"column":65}},"710":{"start":{"line":711,"column":0},"end":{"line":711,"column":3}},"711":{"start":{"line":712,"column":0},"end":{"line":712,"column":75}},"712":{"start":{"line":713,"column":0},"end":{"line":713,"column":24}},"713":{"start":{"line":714,"column":0},"end":{"line":714,"column":63}},"714":{"start":{"line":715,"column":0},"end":{"line":715,"column":56}},"715":{"start":{"line":716,"column":0},"end":{"line":716,"column":0}},"716":{"start":{"line":717,"column":0},"end":{"line":717,"column":62}},"717":{"start":{"line":718,"column":0},"end":{"line":718,"column":23}},"718":{"start":{"line":719,"column":0},"end":{"line":719,"column":21}},"719":{"start":{"line":720,"column":0},"end":{"line":720,"column":2}},"720":{"start":{"line":721,"column":0},"end":{"line":721,"column":1}},"721":{"start":{"line":722,"column":0},"end":{"line":722,"column":4}},"722":{"start":{"line":723,"column":0},"end":{"line":723,"column":47}},"723":{"start":{"line":724,"column":0},"end":{"line":724,"column":34}},"724":{"start":{"line":725,"column":0},"end":{"line":725,"column":4}},"725":{"start":{"line":726,"column":0},"end":{"line":726,"column":50}},"726":{"start":{"line":727,"column":0},"end":{"line":727,"column":81}},"727":{"start":{"line":728,"column":0},"end":{"line":728,"column":3}},"728":{"start":{"line":729,"column":0},"end":{"line":729,"column":0}},"729":{"start":{"line":730,"column":0},"end":{"line":730,"column":4}},"730":{"start":{"line":731,"column":0},"end":{"line":731,"column":4}},"731":{"start":{"line":732,"column":0},"end":{"line":732,"column":32}},"732":{"start":{"line":733,"column":0},"end":{"line":733,"column":76}},"733":{"start":{"line":734,"column":0},"end":{"line":734,"column":54}},"734":{"start":{"line":735,"column":0},"end":{"line":735,"column":4}},"735":{"start":{"line":736,"column":0},"end":{"line":736,"column":72}},"736":{"start":{"line":737,"column":0},"end":{"line":737,"column":92}},"737":{"start":{"line":738,"column":0},"end":{"line":738,"column":3}},"738":{"start":{"line":739,"column":0},"end":{"line":739,"column":1}}},"s":{"0":1,"1":1,"2":1,"3":1,"4":1,"5":1,"6":1,"7":1,"8":1,"9":1,"10":1,"11":1,"12":1,"13":1,"14":1,"15":1,"16":1,"17":1,"18":1,"19":1,"20":1,"21":2,"22":2,"23":2,"24":1,"25":1,"26":1,"27":2,"28":2,"29":2,"30":2,"31":2,"32":2,"33":1,"34":1,"35":1,"36":1,"37":1,"38":1,"39":1,"40":1,"41":1,"42":1,"43":1,"44":1,"45":1,"46":1,"47":1,"48":1,"49":2,"50":2,"51":1,"52":1,"53":1,"54":1,"55":1,"56":1,"57":17,"58":17,"59":17,"60":1,"61":1,"62":1,"63":1,"64":1,"65":16,"66":16,"67":16,"68":1,"69":1,"70":1,"71":1,"72":1,"73":34,"74":34,"75":1,"76":1,"77":1,"78":1,"79":1,"80":1,"81":1,"82":1,"83":8,"84":8,"85":0,"86":0,"87":0,"88":8,"89":8,"90":8,"91":8,"92":8,"93":0,"94":0,"95":0,"96":0,"97":1,"98":1,"99":1,"100":1,"101":1,"102":1,"103":1,"104":7,"105":7,"106":1,"107":1,"108":1,"109":6,"110":6,"111":7,"112":7,"113":7,"114":0,"115":0,"116":0,"117":0,"118":1,"119":1,"120":1,"121":1,"122":1,"123":1,"124":0,"125":0,"126":1,"127":1,"128":1,"129":1,"130":1,"131":1,"132":0,"133":0,"134":1,"135":1,"136":1,"137":1,"138":1,"139":1,"140":0,"141":0,"142":0,"143":0,"144":0,"145":0,"146":0,"147":1,"148":1,"149":1,"150":1,"151":1,"152":1,"153":0,"154":0,"155":0,"156":0,"157":0,"158":0,"159":0,"160":1,"161":1,"162":1,"163":1,"164":1,"165":1,"166":0,"167":0,"168":0,"169":0,"170":1,"171":1,"172":1,"173":1,"174":1,"175":1,"176":1,"177":7,"178":7,"179":7,"180":1,"181":1,"182":1,"183":1,"184":1,"185":1,"186":1,"187":7,"188":7,"189":1,"190":1,"191":1,"192":1,"193":1,"194":1,"195":1,"196":0,"197":0,"198":0,"199":0,"200":1,"201":1,"202":1,"203":1,"204":1,"205":1,"206":0,"207":0,"208":0,"209":0,"210":1,"211":1,"212":1,"213":1,"214":1,"215":1,"216":0,"217":0,"218":0,"219":0,"220":1,"221":1,"222":1,"223":1,"224":1,"225":1,"226":0,"227":0,"228":1,"229":1,"230":1,"231":1,"232":1,"233":1,"234":36,"235":36,"236":1,"237":1,"238":1,"239":1,"240":1,"241":1,"242":1,"243":1,"244":1,"245":1,"246":1,"247":1,"248":46,"249":46,"250":46,"251":1,"252":1,"253":1,"254":46,"255":46,"256":46,"257":46,"258":46,"259":46,"260":1,"261":1,"262":1,"263":1,"264":1,"265":1,"266":1,"267":1,"268":44,"269":44,"270":1,"271":1,"272":1,"273":1,"274":1,"275":1,"276":1,"277":2,"278":2,"279":1,"280":1,"281":1,"282":1,"283":1,"284":1,"285":1,"286":1,"287":1,"288":1,"289":1,"290":1,"291":1,"292":1,"293":1,"294":1,"295":1,"296":1,"297":1,"298":1,"299":1,"300":1,"301":0,"302":0,"303":1,"304":1,"305":1,"306":1,"307":1,"308":1,"309":1,"310":3,"311":3,"312":3,"313":3,"314":3,"315":3,"316":3,"317":2,"318":2,"319":3,"320":3,"321":3,"322":3,"323":3,"324":3,"325":3,"326":1,"327":1,"328":1,"329":1,"330":1,"331":1,"332":1,"333":1,"334":1,"335":1,"336":1,"337":1,"338":3,"339":3,"340":1,"341":1,"342":1,"343":1,"344":1,"345":1,"346":56,"347":56,"348":1,"349":1,"350":1,"351":1,"352":1,"353":2,"354":2,"355":1,"356":1,"357":1,"358":1,"359":1,"360":1,"361":6,"362":6,"363":1,"364":1,"365":1,"366":1,"367":1,"368":1,"369":1,"370":1,"371":1,"372":1,"373":1,"374":1,"375":1,"376":1,"377":0,"378":0,"379":1,"380":1,"381":1,"382":1,"383":1,"384":1,"385":1,"386":1,"387":1,"388":1,"389":1,"390":1,"391":1,"392":1,"393":0,"394":0,"395":0,"396":0,"397":0,"398":0,"399":0,"400":0,"401":1,"402":1,"403":1,"404":1,"405":1,"406":1,"407":1,"408":44,"409":44,"410":44,"411":44,"412":44,"413":44,"414":44,"415":1,"416":1,"417":0,"418":0,"419":1,"420":1,"421":1,"422":1,"423":1,"424":1,"425":1,"426":10,"427":10,"428":10,"429":1,"430":1,"431":1,"432":1,"433":1,"434":1,"435":1,"436":3,"437":3,"438":3,"439":3,"440":3,"441":3,"442":3,"443":3,"444":3,"445":3,"446":3,"447":3,"448":0,"449":0,"450":3,"451":3,"452":3,"453":3,"454":3,"455":1,"456":1,"457":1,"458":1,"459":1,"460":1,"461":1,"462":1,"463":2,"464":2,"465":0,"466":0,"467":2,"468":2,"469":2,"470":1,"471":1,"472":1,"473":1,"474":50,"475":50,"476":1,"477":1,"478":1,"479":50,"480":50,"481":46,"482":46,"483":46,"484":46,"485":46,"486":4,"487":4,"488":4,"489":1,"490":1,"491":1,"492":1,"493":1,"494":1,"495":1,"496":1,"497":1,"498":1,"499":1,"500":1,"501":1,"502":1,"503":1,"504":0,"505":0,"506":1,"507":1,"508":1,"509":1,"510":1,"511":16,"512":16,"513":16,"514":1,"515":1,"516":1,"517":1,"518":1,"519":1,"520":1,"521":1,"522":1,"523":1,"524":9,"525":9,"526":1,"527":1,"528":1,"529":1,"530":1,"531":1,"532":1,"533":1,"534":1,"535":1,"536":1,"537":5,"538":5,"539":1,"540":1,"541":1,"542":1,"543":1,"544":1,"545":0,"546":0,"547":1,"548":1,"549":1,"550":1,"551":1,"552":1,"553":2,"554":2,"555":2,"556":1,"557":1,"558":1,"559":1,"560":1,"561":1,"562":1,"563":2,"564":2,"565":0,"566":0,"567":1,"568":1,"569":1,"570":1,"571":1,"572":1,"573":1,"574":1,"575":1,"576":1,"577":1,"578":1,"579":1,"580":1,"581":1,"582":1,"583":1,"584":1,"585":0,"586":0,"587":0,"588":0,"589":1,"590":1,"591":1,"592":1,"593":1,"594":1,"595":1,"596":1,"597":1,"598":1,"599":1,"600":1,"601":1,"602":1,"603":1,"604":1,"605":1,"606":1,"607":1,"608":1,"609":1,"610":1,"611":1,"612":1,"613":1,"614":1,"615":48,"616":48,"617":1,"618":1,"619":1,"620":1,"621":1,"622":1,"623":1,"624":29,"625":29,"626":1,"627":1,"628":1,"629":29,"630":29,"631":29,"632":29,"633":1,"634":1,"635":1,"636":1,"637":1,"638":1,"639":4,"640":4,"641":1,"642":1,"643":1,"644":1,"645":1,"646":1,"647":1,"648":1,"649":1,"650":1,"651":0,"652":0,"653":1,"654":1,"655":1,"656":1,"657":1,"658":1,"659":1,"660":2,"661":2,"662":1,"663":1,"664":1,"665":1,"666":1,"667":1,"668":1,"669":1,"670":1,"671":0,"672":1,"673":1,"674":1,"675":1,"676":1,"677":1,"678":1,"679":1,"680":1,"681":16,"682":16,"683":1,"684":1,"685":1,"686":1,"687":1,"688":1,"689":1,"690":1,"691":1,"692":1,"693":1,"694":1,"695":1,"696":1,"697":1,"698":1,"699":1,"700":1,"701":1,"702":1,"703":1,"704":1,"705":1,"706":1,"707":1,"708":1,"709":1,"710":1,"711":1,"712":1,"713":15,"714":1,"715":1,"716":1,"717":15,"718":15,"719":15,"720":1,"721":1,"722":1,"723":1,"724":1,"725":1,"726":0,"727":1,"728":1,"729":1,"730":1,"731":1,"732":1,"733":1,"734":1,"735":1,"736":0,"737":1,"738":1},"branchMap":{"0":{"type":"branch","line":21,"loc":{"start":{"line":21,"column":9},"end":{"line":25,"column":33}},"locations":[{"start":{"line":21,"column":9},"end":{"line":25,"column":33}}]},"1":{"type":"branch","line":27,"loc":{"start":{"line":27,"column":1},"end":{"line":33,"column":2}},"locations":[{"start":{"line":27,"column":1},"end":{"line":33,"column":2}}]},"2":{"type":"branch","line":29,"loc":{"start":{"line":29,"column":34},"end":{"line":29,"column":40}},"locations":[{"start":{"line":29,"column":34},"end":{"line":29,"column":40}}]},"3":{"type":"branch","line":31,"loc":{"start":{"line":31,"column":68},"end":{"line":31,"column":77}},"locations":[{"start":{"line":31,"column":68},"end":{"line":31,"column":77}}]},"4":{"type":"branch","line":32,"loc":{"start":{"line":32,"column":50},"end":{"line":32,"column":59}},"locations":[{"start":{"line":32,"column":50},"end":{"line":32,"column":59}}]},"5":{"type":"branch","line":49,"loc":{"start":{"line":49,"column":15},"end":{"line":51,"column":2}},"locations":[{"start":{"line":49,"column":15},"end":{"line":51,"column":2}}]},"6":{"type":"branch","line":57,"loc":{"start":{"line":57,"column":1},"end":{"line":60,"column":2}},"locations":[{"start":{"line":57,"column":1},"end":{"line":60,"column":2}}]},"7":{"type":"branch","line":58,"loc":{"start":{"line":58,"column":22},"end":{"line":58,"column":35}},"locations":[{"start":{"line":58,"column":22},"end":{"line":58,"column":35}}]},"8":{"type":"branch","line":65,"loc":{"start":{"line":65,"column":1},"end":{"line":68,"column":2}},"locations":[{"start":{"line":65,"column":1},"end":{"line":68,"column":2}}]},"9":{"type":"branch","line":66,"loc":{"start":{"line":66,"column":22},"end":{"line":66,"column":35}},"locations":[{"start":{"line":66,"column":22},"end":{"line":66,"column":35}}]},"10":{"type":"branch","line":73,"loc":{"start":{"line":73,"column":1},"end":{"line":75,"column":2}},"locations":[{"start":{"line":73,"column":1},"end":{"line":75,"column":2}}]},"11":{"type":"branch","line":83,"loc":{"start":{"line":83,"column":1},"end":{"line":97,"column":2}},"locations":[{"start":{"line":83,"column":1},"end":{"line":97,"column":2}}]},"12":{"type":"branch","line":85,"loc":{"start":{"line":85,"column":34},"end":{"line":85,"column":61}},"locations":[{"start":{"line":85,"column":34},"end":{"line":85,"column":61}}]},"13":{"type":"branch","line":85,"loc":{"start":{"line":85,"column":63},"end":{"line":88,"column":4}},"locations":[{"start":{"line":85,"column":63},"end":{"line":88,"column":4}}]},"14":{"type":"branch","line":91,"loc":{"start":{"line":91,"column":61},"end":{"line":91,"column":69}},"locations":[{"start":{"line":91,"column":61},"end":{"line":91,"column":69}}]},"15":{"type":"branch","line":93,"loc":{"start":{"line":93,"column":3},"end":{"line":97,"column":2}},"locations":[{"start":{"line":93,"column":3},"end":{"line":97,"column":2}}]},"16":{"type":"branch","line":104,"loc":{"start":{"line":104,"column":1},"end":{"line":118,"column":2}},"locations":[{"start":{"line":104,"column":1},"end":{"line":118,"column":2}}]},"17":{"type":"branch","line":106,"loc":{"start":{"line":106,"column":34},"end":{"line":106,"column":76}},"locations":[{"start":{"line":106,"column":34},"end":{"line":106,"column":76}}]},"18":{"type":"branch","line":106,"loc":{"start":{"line":106,"column":78},"end":{"line":109,"column":4}},"locations":[{"start":{"line":106,"column":78},"end":{"line":109,"column":4}}]},"19":{"type":"branch","line":110,"loc":{"start":{"line":110,"column":-1},"end":{"line":112,"column":60}},"locations":[{"start":{"line":110,"column":-1},"end":{"line":112,"column":60}}]},"20":{"type":"branch","line":112,"loc":{"start":{"line":112,"column":61},"end":{"line":112,"column":69}},"locations":[{"start":{"line":112,"column":61},"end":{"line":112,"column":69}}]},"21":{"type":"branch","line":114,"loc":{"start":{"line":114,"column":3},"end":{"line":118,"column":2}},"locations":[{"start":{"line":114,"column":3},"end":{"line":118,"column":2}}]},"22":{"type":"branch","line":177,"loc":{"start":{"line":177,"column":1},"end":{"line":180,"column":2}},"locations":[{"start":{"line":177,"column":1},"end":{"line":180,"column":2}}]},"23":{"type":"branch","line":187,"loc":{"start":{"line":187,"column":1},"end":{"line":189,"column":2}},"locations":[{"start":{"line":187,"column":1},"end":{"line":189,"column":2}}]},"24":{"type":"branch","line":234,"loc":{"start":{"line":234,"column":1},"end":{"line":236,"column":2}},"locations":[{"start":{"line":234,"column":1},"end":{"line":236,"column":2}}]},"25":{"type":"branch","line":248,"loc":{"start":{"line":248,"column":18},"end":{"line":252,"column":27}},"locations":[{"start":{"line":248,"column":18},"end":{"line":252,"column":27}}]},"26":{"type":"branch","line":254,"loc":{"start":{"line":254,"column":1},"end":{"line":260,"column":2}},"locations":[{"start":{"line":254,"column":1},"end":{"line":260,"column":2}}]},"27":{"type":"branch","line":257,"loc":{"start":{"line":257,"column":19},"end":{"line":257,"column":27}},"locations":[{"start":{"line":257,"column":19},"end":{"line":257,"column":27}}]},"28":{"type":"branch","line":258,"loc":{"start":{"line":258,"column":21},"end":{"line":258,"column":29}},"locations":[{"start":{"line":258,"column":21},"end":{"line":258,"column":29}}]},"29":{"type":"branch","line":259,"loc":{"start":{"line":259,"column":27},"end":{"line":259,"column":38}},"locations":[{"start":{"line":259,"column":27},"end":{"line":259,"column":38}}]},"30":{"type":"branch","line":268,"loc":{"start":{"line":268,"column":15},"end":{"line":270,"column":2}},"locations":[{"start":{"line":268,"column":15},"end":{"line":270,"column":2}}]},"31":{"type":"branch","line":277,"loc":{"start":{"line":277,"column":15},"end":{"line":279,"column":2}},"locations":[{"start":{"line":277,"column":15},"end":{"line":279,"column":2}}]},"32":{"type":"branch","line":285,"loc":{"start":{"line":285,"column":15},"end":{"line":287,"column":2}},"locations":[{"start":{"line":285,"column":15},"end":{"line":287,"column":2}}]},"33":{"type":"branch","line":295,"loc":{"start":{"line":295,"column":15},"end":{"line":303,"column":2}},"locations":[{"start":{"line":295,"column":15},"end":{"line":303,"column":2}}]},"34":{"type":"branch","line":297,"loc":{"start":{"line":297,"column":26},"end":{"line":297,"column":110}},"locations":[{"start":{"line":297,"column":26},"end":{"line":297,"column":110}}]},"35":{"type":"branch","line":302,"loc":{"start":{"line":302,"column":-1},"end":{"line":303,"column":2}},"locations":[{"start":{"line":302,"column":-1},"end":{"line":303,"column":2}}]},"36":{"type":"branch","line":310,"loc":{"start":{"line":310,"column":1},"end":{"line":340,"column":2}},"locations":[{"start":{"line":310,"column":1},"end":{"line":340,"column":2}}]},"37":{"type":"branch","line":317,"loc":{"start":{"line":317,"column":7},"end":{"line":320,"column":4}},"locations":[{"start":{"line":317,"column":7},"end":{"line":320,"column":4}}]},"38":{"type":"branch","line":318,"loc":{"start":{"line":318,"column":28},"end":{"line":318,"column":48}},"locations":[{"start":{"line":318,"column":28},"end":{"line":318,"column":48}}]},"39":{"type":"branch","line":318,"loc":{"start":{"line":318,"column":50},"end":{"line":318,"column":75}},"locations":[{"start":{"line":318,"column":50},"end":{"line":318,"column":75}}]},"40":{"type":"branch","line":326,"loc":{"start":{"line":326,"column":13},"end":{"line":338,"column":4}},"locations":[{"start":{"line":326,"column":13},"end":{"line":338,"column":4}}]},"41":{"type":"branch","line":333,"loc":{"start":{"line":333,"column":9},"end":{"line":336,"column":6}},"locations":[{"start":{"line":333,"column":9},"end":{"line":336,"column":6}}]},"42":{"type":"branch","line":334,"loc":{"start":{"line":334,"column":30},"end":{"line":334,"column":50}},"locations":[{"start":{"line":334,"column":30},"end":{"line":334,"column":50}}]},"43":{"type":"branch","line":334,"loc":{"start":{"line":334,"column":52},"end":{"line":334,"column":81}},"locations":[{"start":{"line":334,"column":52},"end":{"line":334,"column":81}}]},"44":{"type":"branch","line":346,"loc":{"start":{"line":346,"column":1},"end":{"line":348,"column":2}},"locations":[{"start":{"line":346,"column":1},"end":{"line":348,"column":2}}]},"45":{"type":"branch","line":353,"loc":{"start":{"line":353,"column":1},"end":{"line":355,"column":2}},"locations":[{"start":{"line":353,"column":1},"end":{"line":355,"column":2}}]},"46":{"type":"branch","line":361,"loc":{"start":{"line":361,"column":1},"end":{"line":363,"column":2}},"locations":[{"start":{"line":361,"column":1},"end":{"line":363,"column":2}}]},"47":{"type":"branch","line":369,"loc":{"start":{"line":369,"column":1},"end":{"line":371,"column":2}},"locations":[{"start":{"line":369,"column":1},"end":{"line":371,"column":2}}]},"48":{"type":"branch","line":405,"loc":{"start":{"line":405,"column":11},"end":{"line":406,"column":17}},"locations":[{"start":{"line":405,"column":11},"end":{"line":406,"column":17}}]},"49":{"type":"branch","line":408,"loc":{"start":{"line":408,"column":1},"end":{"line":415,"column":2}},"locations":[{"start":{"line":408,"column":1},"end":{"line":415,"column":2}}]},"50":{"type":"branch","line":426,"loc":{"start":{"line":426,"column":1},"end":{"line":429,"column":2}},"locations":[{"start":{"line":426,"column":1},"end":{"line":429,"column":2}}]},"51":{"type":"branch","line":427,"loc":{"start":{"line":427,"column":38},"end":{"line":427,"column":83}},"locations":[{"start":{"line":427,"column":38},"end":{"line":427,"column":83}}]},"52":{"type":"branch","line":436,"loc":{"start":{"line":436,"column":1},"end":{"line":455,"column":2}},"locations":[{"start":{"line":436,"column":1},"end":{"line":455,"column":2}}]},"53":{"type":"branch","line":446,"loc":{"start":{"line":446,"column":12},"end":{"line":453,"column":4}},"locations":[{"start":{"line":446,"column":12},"end":{"line":453,"column":4}}]},"54":{"type":"branch","line":447,"loc":{"start":{"line":447,"column":40},"end":{"line":447,"column":52}},"locations":[{"start":{"line":447,"column":40},"end":{"line":447,"column":52}}]},"55":{"type":"branch","line":448,"loc":{"start":{"line":448,"column":42},"end":{"line":450,"column":5}},"locations":[{"start":{"line":448,"column":42},"end":{"line":450,"column":5}}]},"56":{"type":"branch","line":463,"loc":{"start":{"line":463,"column":1},"end":{"line":470,"column":2}},"locations":[{"start":{"line":463,"column":1},"end":{"line":470,"column":2}}]},"57":{"type":"branch","line":464,"loc":{"start":{"line":464,"column":38},"end":{"line":464,"column":50}},"locations":[{"start":{"line":464,"column":38},"end":{"line":464,"column":50}}]},"58":{"type":"branch","line":465,"loc":{"start":{"line":465,"column":40},"end":{"line":467,"column":3}},"locations":[{"start":{"line":465,"column":40},"end":{"line":467,"column":3}}]},"59":{"type":"branch","line":474,"loc":{"start":{"line":474,"column":9},"end":{"line":477,"column":39}},"locations":[{"start":{"line":474,"column":9},"end":{"line":477,"column":39}}]},"60":{"type":"branch","line":479,"loc":{"start":{"line":479,"column":1},"end":{"line":490,"column":2}},"locations":[{"start":{"line":479,"column":1},"end":{"line":490,"column":2}}]},"61":{"type":"branch","line":481,"loc":{"start":{"line":481,"column":33},"end":{"line":490,"column":2}},"locations":[{"start":{"line":481,"column":33},"end":{"line":490,"column":2}}]},"62":{"type":"branch","line":481,"loc":{"start":{"line":481,"column":33},"end":{"line":486,"column":3}},"locations":[{"start":{"line":481,"column":33},"end":{"line":486,"column":3}}]},"63":{"type":"branch","line":487,"loc":{"start":{"line":487,"column":-1},"end":{"line":490,"column":2}},"locations":[{"start":{"line":487,"column":-1},"end":{"line":490,"column":2}}]},"64":{"type":"branch","line":492,"loc":{"start":{"line":492,"column":9},"end":{"line":494,"column":2}},"locations":[{"start":{"line":492,"column":9},"end":{"line":494,"column":2}}]},"65":{"type":"branch","line":500,"loc":{"start":{"line":500,"column":1},"end":{"line":518,"column":2}},"locations":[{"start":{"line":500,"column":1},"end":{"line":518,"column":2}}]},"66":{"type":"branch","line":504,"loc":{"start":{"line":504,"column":40},"end":{"line":506,"column":3}},"locations":[{"start":{"line":504,"column":40},"end":{"line":506,"column":3}}]},"67":{"type":"branch","line":511,"loc":{"start":{"line":511,"column":39},"end":{"line":514,"column":3}},"locations":[{"start":{"line":511,"column":39},"end":{"line":514,"column":3}}]},"68":{"type":"branch","line":524,"loc":{"start":{"line":524,"column":1},"end":{"line":526,"column":2}},"locations":[{"start":{"line":524,"column":1},"end":{"line":526,"column":2}}]},"69":{"type":"branch","line":537,"loc":{"start":{"line":537,"column":1},"end":{"line":539,"column":2}},"locations":[{"start":{"line":537,"column":1},"end":{"line":539,"column":2}}]},"70":{"type":"branch","line":553,"loc":{"start":{"line":553,"column":1},"end":{"line":556,"column":2}},"locations":[{"start":{"line":553,"column":1},"end":{"line":556,"column":2}}]},"71":{"type":"branch","line":554,"loc":{"start":{"line":554,"column":39},"end":{"line":554,"column":52}},"locations":[{"start":{"line":554,"column":39},"end":{"line":554,"column":52}}]},"72":{"type":"branch","line":563,"loc":{"start":{"line":563,"column":1},"end":{"line":567,"column":2}},"locations":[{"start":{"line":563,"column":1},"end":{"line":567,"column":2}}]},"73":{"type":"branch","line":566,"loc":{"start":{"line":566,"column":-1},"end":{"line":567,"column":2}},"locations":[{"start":{"line":566,"column":-1},"end":{"line":567,"column":2}}]},"74":{"type":"branch","line":574,"loc":{"start":{"line":574,"column":1},"end":{"line":579,"column":2}},"locations":[{"start":{"line":574,"column":1},"end":{"line":579,"column":2}}]},"75":{"type":"branch","line":575,"loc":{"start":{"line":575,"column":46},"end":{"line":575,"column":59}},"locations":[{"start":{"line":575,"column":46},"end":{"line":575,"column":59}}]},"76":{"type":"branch","line":594,"loc":{"start":{"line":594,"column":1},"end":{"line":596,"column":2}},"locations":[{"start":{"line":594,"column":1},"end":{"line":596,"column":2}}]},"77":{"type":"branch","line":603,"loc":{"start":{"line":603,"column":15},"end":{"line":608,"column":2}},"locations":[{"start":{"line":603,"column":15},"end":{"line":608,"column":2}}]},"78":{"type":"branch","line":615,"loc":{"start":{"line":615,"column":15},"end":{"line":617,"column":2}},"locations":[{"start":{"line":615,"column":15},"end":{"line":617,"column":2}}]},"79":{"type":"branch","line":624,"loc":{"start":{"line":624,"column":11},"end":{"line":627,"column":55}},"locations":[{"start":{"line":624,"column":11},"end":{"line":627,"column":55}}]},"80":{"type":"branch","line":626,"loc":{"start":{"line":626,"column":8},"end":{"line":626,"column":62}},"locations":[{"start":{"line":626,"column":8},"end":{"line":626,"column":62}}]},"81":{"type":"branch","line":629,"loc":{"start":{"line":629,"column":1},"end":{"line":633,"column":2}},"locations":[{"start":{"line":629,"column":1},"end":{"line":633,"column":2}}]},"82":{"type":"branch","line":639,"loc":{"start":{"line":639,"column":1},"end":{"line":641,"column":2}},"locations":[{"start":{"line":639,"column":1},"end":{"line":641,"column":2}}]},"83":{"type":"branch","line":660,"loc":{"start":{"line":660,"column":1},"end":{"line":662,"column":2}},"locations":[{"start":{"line":660,"column":1},"end":{"line":662,"column":2}}]},"84":{"type":"branch","line":681,"loc":{"start":{"line":681,"column":1},"end":{"line":683,"column":2}},"locations":[{"start":{"line":681,"column":1},"end":{"line":683,"column":2}}]},"85":{"type":"branch","line":693,"loc":{"start":{"line":693,"column":8},"end":{"line":695,"column":2}},"locations":[{"start":{"line":693,"column":8},"end":{"line":695,"column":2}}]},"86":{"type":"branch","line":694,"loc":{"start":{"line":694,"column":55},"end":{"line":694,"column":59}},"locations":[{"start":{"line":694,"column":55},"end":{"line":694,"column":59}}]},"87":{"type":"branch","line":704,"loc":{"start":{"line":704,"column":15},"end":{"line":706,"column":2}},"locations":[{"start":{"line":704,"column":15},"end":{"line":706,"column":2}}]},"88":{"type":"branch","line":713,"loc":{"start":{"line":713,"column":11},"end":{"line":715,"column":55}},"locations":[{"start":{"line":713,"column":11},"end":{"line":715,"column":55}}]},"89":{"type":"branch","line":714,"loc":{"start":{"line":714,"column":8},"end":{"line":714,"column":62}},"locations":[{"start":{"line":714,"column":8},"end":{"line":714,"column":62}}]},"90":{"type":"branch","line":717,"loc":{"start":{"line":717,"column":1},"end":{"line":720,"column":2}},"locations":[{"start":{"line":717,"column":1},"end":{"line":720,"column":2}}]}},"b":{"0":[2],"1":[2],"2":[1],"3":[0],"4":[0],"5":[2],"6":[17],"7":[0],"8":[16],"9":[0],"10":[34],"11":[8],"12":[0],"13":[0],"14":[0],"15":[0],"16":[7],"17":[1],"18":[1],"19":[6],"20":[0],"21":[0],"22":[7],"23":[7],"24":[36],"25":[46],"26":[46],"27":[2],"28":[44],"29":[45],"30":[44],"31":[2],"32":[1],"33":[1],"34":[0],"35":[0],"36":[3],"37":[2],"38":[0],"39":[0],"40":[1],"41":[1],"42":[0],"43":[0],"44":[56],"45":[2],"46":[6],"47":[1],"48":[44],"49":[44],"50":[10],"51":[0],"52":[3],"53":[3],"54":[0],"55":[0],"56":[2],"57":[0],"58":[0],"59":[50],"60":[50],"61":[48],"62":[46],"63":[4],"64":[1],"65":[1],"66":[0],"67":[16],"68":[9],"69":[5],"70":[2],"71":[0],"72":[2],"73":[0],"74":[1],"75":[0],"76":[1],"77":[1],"78":[48],"79":[29],"80":[6],"81":[29],"82":[4],"83":[2],"84":[16],"85":[1],"86":[0],"87":[1],"88":[15],"89":[6],"90":[15]},"fnMap":{"0":{"name":"<instance_members_initializer>","decl":{"start":{"line":21,"column":9},"end":{"line":25,"column":33}},"loc":{"start":{"line":21,"column":9},"end":{"line":25,"column":33}},"line":21},"1":{"name":"Iterator","decl":{"start":{"line":27,"column":1},"end":{"line":33,"column":2}},"loc":{"start":{"line":27,"column":1},"end":{"line":33,"column":2}},"line":27},"2":{"name":"create","decl":{"start":{"line":49,"column":15},"end":{"line":51,"column":2}},"loc":{"start":{"line":49,"column":15},"end":{"line":51,"column":2}},"line":49},"3":{"name":"hasNext","decl":{"start":{"line":57,"column":1},"end":{"line":60,"column":2}},"loc":{"start":{"line":57,"column":1},"end":{"line":60,"column":2}},"line":57},"4":{"name":"hasPrev","decl":{"start":{"line":65,"column":1},"end":{"line":68,"column":2}},"loc":{"start":{"line":65,"column":1},"end":{"line":68,"column":2}},"line":65},"5":{"name":"isEmpty","decl":{"start":{"line":73,"column":1},"end":{"line":75,"column":2}},"loc":{"start":{"line":73,"column":1},"end":{"line":75,"column":2}},"line":73},"6":{"name":"next","decl":{"start":{"line":83,"column":1},"end":{"line":97,"column":2}},"loc":{"start":{"line":83,"column":1},"end":{"line":97,"column":2}},"line":83},"7":{"name":"prev","decl":{"start":{"line":104,"column":1},"end":{"line":118,"column":2}},"loc":{"start":{"line":104,"column":1},"end":{"line":118,"column":2}},"line":104},"8":{"name":"first","decl":{"start":{"line":124,"column":1},"end":{"line":126,"column":2}},"loc":{"start":{"line":124,"column":1},"end":{"line":126,"column":2}},"line":124},"9":{"name":"last","decl":{"start":{"line":132,"column":1},"end":{"line":134,"column":2}},"loc":{"start":{"line":132,"column":1},"end":{"line":134,"column":2}},"line":132},"10":{"name":"toFirst","decl":{"start":{"line":140,"column":1},"end":{"line":147,"column":2}},"loc":{"start":{"line":140,"column":1},"end":{"line":147,"column":2}},"line":140},"11":{"name":"toLast","decl":{"start":{"line":153,"column":1},"end":{"line":160,"column":2}},"loc":{"start":{"line":153,"column":1},"end":{"line":160,"column":2}},"line":153},"12":{"name":"clear","decl":{"start":{"line":166,"column":1},"end":{"line":170,"column":2}},"loc":{"start":{"line":166,"column":1},"end":{"line":170,"column":2}},"line":166},"13":{"name":"addToEnd","decl":{"start":{"line":177,"column":1},"end":{"line":180,"column":2}},"loc":{"start":{"line":177,"column":1},"end":{"line":180,"column":2}},"line":177},"14":{"name":"add","decl":{"start":{"line":187,"column":1},"end":{"line":189,"column":2}},"loc":{"start":{"line":187,"column":1},"end":{"line":189,"column":2}},"line":187},"15":{"name":"addToStart","decl":{"start":{"line":196,"column":1},"end":{"line":200,"column":2}},"loc":{"start":{"line":196,"column":1},"end":{"line":200,"column":2}},"line":196},"16":{"name":"removeLast","decl":{"start":{"line":206,"column":1},"end":{"line":210,"column":2}},"loc":{"start":{"line":206,"column":1},"end":{"line":210,"column":2}},"line":206},"17":{"name":"removeFirst","decl":{"start":{"line":216,"column":1},"end":{"line":220,"column":2}},"loc":{"start":{"line":216,"column":1},"end":{"line":220,"column":2}},"line":216},"18":{"name":"toArray","decl":{"start":{"line":226,"column":1},"end":{"line":228,"column":2}},"loc":{"start":{"line":226,"column":1},"end":{"line":228,"column":2}},"line":226},"19":{"name":"total","decl":{"start":{"line":234,"column":1},"end":{"line":236,"column":2}},"loc":{"start":{"line":234,"column":1},"end":{"line":236,"column":2}},"line":234},"20":{"name":"<instance_members_initializer>","decl":{"start":{"line":248,"column":18},"end":{"line":252,"column":27}},"loc":{"start":{"line":248,"column":18},"end":{"line":252,"column":27}},"line":248},"21":{"name":"Result","decl":{"start":{"line":254,"column":1},"end":{"line":260,"column":2}},"loc":{"start":{"line":254,"column":1},"end":{"line":260,"column":2}},"line":254},"22":{"name":"success","decl":{"start":{"line":268,"column":15},"end":{"line":270,"column":2}},"loc":{"start":{"line":268,"column":15},"end":{"line":270,"column":2}},"line":268},"23":{"name":"fail","decl":{"start":{"line":277,"column":15},"end":{"line":279,"column":2}},"loc":{"start":{"line":277,"column":15},"end":{"line":279,"column":2}},"line":277},"24":{"name":"iterate","decl":{"start":{"line":285,"column":15},"end":{"line":287,"column":2}},"loc":{"start":{"line":285,"column":15},"end":{"line":287,"column":2}},"line":285},"25":{"name":"combine","decl":{"start":{"line":295,"column":15},"end":{"line":303,"column":2}},"loc":{"start":{"line":295,"column":15},"end":{"line":303,"column":2}},"line":295},"26":{"name":"execute","
[...]
ame":"hashCode","decl":{"start":{"line":651,"column":1},"end":{"line":653,"column":2}},"loc":{"start":{"line":651,"column":1},"end":{"line":653,"column":2}},"line":651},"62":{"name":"isNew","decl":{"start":{"line":660,"column":1},"end":{"line":662,"column":2}},"loc":{"start":{"line":660,"column":1},"end":{"line":662,"column":2}},"line":660},"63":{"name":"create","decl":{"start":{"line":671,"column":15},"end":{"line":673,"column":2}},"loc":{"start":{"line":671,"column":15},"end":{"line":673,"column":2}},"line":671},"64":{"name":"Aggregate","decl":{"start":{"line":681,"column":1},"end":{"line":683,"column":2}},"loc":{"start":{"line":681,"column":1},"end":{"line":683,"column":2}},"line":681},"65":{"name":"hashCode","decl":{"start":{"line":693,"column":8},"end":{"line":695,"column":2}},"loc":{"start":{"line":693,"column":8},"end":{"line":695,"column":2}},"line":693},"66":{"name":"create","decl":{"start":{"line":704,"column":15},"end":{"line":706,"column":2}},"loc":{"start":{"line":704,"column":15},"end":{"line":706,"column":2}},"line":704},"67":{"name":"<instance_members_initializer>","decl":{"start":{"line":713,"column":11},"end":{"line":715,"column":55}},"loc":{"start":{"line":713,"column":11},"end":{"line":715,"column":55}},"line":713},"68":{"name":"<static_initializer>","decl":{"start":{"line":714,"column":8},"end":{"line":714,"column":62}},"loc":{"start":{"line":714,"column":8},"end":{"line":714,"column":62}},"line":714},"69":{"name":"ValueObject","decl":{"start":{"line":717,"column":1},"end":{"line":720,"column":2}},"loc":{"start":{"line":717,"column":1},"end":{"line":720,"column":2}},"line":717},"70":{"name":"isValidValue","decl":{"start":{"line":726,"column":15},"end":{"line":728,"column":2}},"loc":{"start":{"line":726,"column":15},"end":{"line":728,"column":2}},"line":726},"71":{"name":"create","decl":{"start":{"line":736,"column":15},"end":{"line":738,"column":2}},"loc":{"start":{"line":736,"column":15},"end":{"line":738,"column":2}},"line":736}},"f":{"0":2,"1":2,"2":2,"3":17,"4":16,"5":34,"6":8,"7":7,"8":0,"9":0,"10":0,"11":0,"12":0,"13":7,"14":7,"15":0,"16":0,"17":0,"18":0,"19":36,"20":46,"21":46,"22":44,"23":2,"24":1,"25":1,"26":3,"27":2,"28":1,"29":1,"30":56,"31":2,"32":6,"33":1,"34":0,"35":0,"36":44,"37":44,"38":0,"39":10,"40":3,"41":3,"42":2,"43":50,"44":50,"45":1,"46":1,"47":9,"48":5,"49":0,"50":2,"51":2,"52":1,"53":0,"54":1,"55":1,"56":48,"57":29,"58":6,"59":29,"60":4,"61":0,"62":2,"63":0,"64":16,"65":1,"66":1,"67":15,"68":6,"69":15,"70":0,"71":0}}
,"/home/alessandrodev/Workspace/types-ddd-v2/lib/utils/check-types.ts": {"path":"/home/alessandrodev/Workspace/types-ddd-v2/lib/utils/check-types.ts","all":false,"statementMap":{"0":{"start":{"line":1,"column":0},"end":{"line":1,"column":61}},"1":{"start":{"line":2,"column":0},"end":{"line":2,"column":0}},"2":{"start":{"line":3,"column":0},"end":{"line":3,"column":27}},"3":{"start":{"line":4,"column":0},"end":{"line":4,"column":39}},"4":{"start":{"line":5,"column":0},"end":{"line":5,"column":25}},"5":{"start":{"line":6,"column":0},"end":{"line":6,"column":0}},"6":{"start":{"line":7,"column":0},"end":{"line":7,"column":39}},"7":{"start":{"line":8,"column":0},"end":{"line":8,"column":31}},"8":{"start":{"line":9,"column":0},"end":{"line":9,"column":38}},"9":{"start":{"line":10,"column":0},"end":{"line":10,"column":3}},"10":{"start":{"line":11,"column":0},"end":{"line":11,"column":23}},"11":{"start":{"line":12,"column":0},"end":{"line":12,"column":2}},"12":{"start":{"line":13,"column":0},"end":{"line":13,"column":0}},"13":{"start":{"line":14,"column":0},"end":{"line":14,"column":31}},"14":{"start":{"line":15,"column":0},"end":{"line":15,"column":30}},"15":{"start":{"line":16,"column":0},"end":{"line":16,"column":2}},"16":{"start":{"line":17,"column":0},"end":{"line":17,"column":32}},"17":{"start":{"line":18,"column":0},"end":{"line":18,"column":35}},"18":{"start":{"line":19,"column":0},"end":{"line":19,"column":2}},"19":{"start":{"line":20,"column":0},"end":{"line":20,"column":32}},"20":{"start":{"line":21,"column":0},"end":{"line":21,"column":35}},"21":{"start":{"line":22,"column":0},"end":{"line":22,"column":2}},"22":{"start":{"line":23,"column":0},"end":{"line":23,"column":30}},"23":{"start":{"line":24,"column":0},"end":{"line":24,"column":31}},"24":{"start":{"line":25,"column":0},"end":{"line":25,"column":2}},"25":{"start":{"line":26,"column":0},"end":{"line":26,"column":32}},"26":{"start":{"line":27,"column":0},"end":{"line":27,"column":7}},"27":{"start":{"line":28,"column":0},"end":{"line":28,"column":43}},"28":{"start":{"line":29,"column":0},"end":{"line":29,"column":46}},"29":{"start":{"line":30,"column":0},"end":{"line":30,"column":65}},"30":{"start":{"line":31,"column":0},"end":{"line":31,"column":49}},"31":{"start":{"line":32,"column":0},"end":{"line":32,"column":43}},"32":{"start":{"line":33,"column":0},"end":{"line":33,"column":45}},"33":{"start":{"line":34,"column":0},"end":{"line":34,"column":51}},"34":{"start":{"line":35,"column":0},"end":{"line":35,"column":55}},"35":{"start":{"line":36,"column":0},"end":{"line":36,"column":37}},"36":{"start":{"line":37,"column":0},"end":{"line":37,"column":96}},"37":{"start":{"line":38,"column":0},"end":{"line":38,"column":4}},"38":{"start":{"line":39,"column":0},"end":{"line":39,"column":19}},"39":{"start":{"line":40,"column":0},"end":{"line":40,"column":17}},"40":{"start":{"line":41,"column":0},"end":{"line":41,"column":3}},"41":{"start":{"line":42,"column":0},"end":{"line":42,"column":2}},"42":{"start":{"line":43,"column":0},"end":{"line":43,"column":30}},"43":{"start":{"line":44,"column":0},"end":{"line":44,"column":24}},"44":{"start":{"line":45,"column":0},"end":{"line":45,"column":2}},"45":{"start":{"line":46,"column":0},"end":{"line":46,"column":35}},"46":{"start":{"line":47,"column":0},"end":{"line":47,"column":38}},"47":{"start":{"line":48,"column":0},"end":{"line":48,"column":2}},"48":{"start":{"line":49,"column":0},"end":{"line":49,"column":33}},"49":{"start":{"line":50,"column":0},"end":{"line":50,"column":36}},"50":{"start":{"line":51,"column":0},"end":{"line":51,"column":2}},"51":{"start":{"line":52,"column":0},"end":{"line":52,"column":34}},"52":{"start":{"line":53,"column":0},"end":{"line":53,"column":37}},"53":{"start":{"line":54,"column":0},"end":{"line":54,"column":2}},"54":{"start":{"line":55,"column":0},"end":{"line":55,"column":32}},"55":{"start":{"line":56,"column":0},"end":{"line":56,"column":43}},"56":{"start":{"line":57,"column":0},"end":{"line":57,"column":46}},"57":{"start":{"line":58,"column":0},"end":{"line":58,"column":2}},"58":{"start":{"line":59,"column":0},"end":{"line":59,"column":35}},"59":{"start":{"line":60,"column":0},"end":{"line":60,"column":36}},"60":{"start":{"line":61,"column":0},"end":{"line":61,"column":2}},"61":{"start":{"line":62,"column":0},"end":{"line":62,"column":37}},"62":{"start":{"line":63,"column":0},"end":{"line":63,"column":38}},"63":{"start":{"line":64,"column":0},"end":{"line":64,"column":2}},"64":{"start":{"line":65,"column":0},"end":{"line":65,"column":32}},"65":{"start":{"line":66,"column":0},"end":{"line":66,"column":35}},"66":{"start":{"line":67,"column":0},"end":{"line":67,"column":2}},"67":{"start":{"line":68,"column":0},"end":{"line":68,"column":28}},"68":{"start":{"line":69,"column":0},"end":{"line":69,"column":29}},"69":{"start":{"line":70,"column":0},"end":{"line":70,"column":2}},"70":{"start":{"line":71,"column":0},"end":{"line":71,"column":25}},"71":{"start":{"line":72,"column":0},"end":{"line":72,"column":10}},"72":{"start":{"line":73,"column":0},"end":{"line":73,"column":59}},"73":{"start":{"line":74,"column":0},"end":{"line":74,"column":61}},"74":{"start":{"line":75,"column":0},"end":{"line":75,"column":58}},"75":{"start":{"line":76,"column":0},"end":{"line":76,"column":64}},"76":{"start":{"line":77,"column":0},"end":{"line":77,"column":67}},"77":{"start":{"line":78,"column":0},"end":{"line":78,"column":104}},"78":{"start":{"line":79,"column":0},"end":{"line":79,"column":42}},"79":{"start":{"line":80,"column":0},"end":{"line":80,"column":41}},"80":{"start":{"line":81,"column":0},"end":{"line":81,"column":43}},"81":{"start":{"line":82,"column":0},"end":{"line":82,"column":63}},"82":{"start":{"line":83,"column":0},"end":{"line":83,"column":3}},"83":{"start":{"line":84,"column":0},"end":{"line":84,"column":2}},"84":{"start":{"line":85,"column":0},"end":{"line":85,"column":25}},"85":{"start":{"line":86,"column":0},"end":{"line":86,"column":10}},"86":{"start":{"line":87,"column":0},"end":{"line":87,"column":77}},"87":{"start":{"line":88,"column":0},"end":{"line":88,"column":83}},"88":{"start":{"line":89,"column":0},"end":{"line":89,"column":74}},"89":{"start":{"line":90,"column":0},"end":{"line":90,"column":80}},"90":{"start":{"line":91,"column":0},"end":{"line":91,"column":75}},"91":{"start":{"line":92,"column":0},"end":{"line":92,"column":105}},"92":{"start":{"line":93,"column":0},"end":{"line":93,"column":135}},"93":{"start":{"line":94,"column":0},"end":{"line":94,"column":49}},"94":{"start":{"line":95,"column":0},"end":{"line":95,"column":3}},"95":{"start":{"line":96,"column":0},"end":{"line":96,"column":2}},"96":{"start":{"line":97,"column":0},"end":{"line":97,"column":21}},"97":{"start":{"line":98,"column":0},"end":{"line":98,"column":10}},"98":{"start":{"line":99,"column":0},"end":{"line":99,"column":78}},"99":{"start":{"line":100,"column":0},"end":{"line":100,"column":84}},"100":{"start":{"line":101,"column":0},"end":{"line":101,"column":59}},"101":{"start":{"line":102,"column":0},"end":{"line":102,"column":60}},"102":{"start":{"line":103,"column":0},"end":{"line":103,"column":88}},"103":{"start":{"line":104,"column":0},"end":{"line":104,"column":37}},"104":{"start":{"line":105,"column":0},"end":{"line":105,"column":76}},"105":{"start":{"line":106,"column":0},"end":{"line":106,"column":77}},"106":{"start":{"line":107,"column":0},"end":{"line":107,"column":83}},"107":{"start":{"line":108,"column":0},"end":{"line":108,"column":3}},"108":{"start":{"line":109,"column":0},"end":{"line":109,"column":2}},"109":{"start":{"line":110,"column":0},"end":{"line":110,"column":1}}},"s":{"0":1,"1":1,"2":1,"3":1,"4":1,"5":1,"6":1,"7":57,"8":6,"9":6,"10":57,"11":57,"12":1,"13":1,"14":21,"15":21,"16":1,"17":14,"18":14,"19":1,"20":14,"21":14,"22":1,"23":14,"24":14,"25":1,"26":15,"27":15,"28":15,"29":15,"30":7,"31":7,"32":7,"33":7,"34":7,"35":7,"36":15,"37":15,"38":15,"39":0,"40":0,"41":15,"42":1,"43":14,"44":14,"45":1,"46":14,"47":14,"48":1,"49":14,"50":14,"51":1,"52":14,"53":14,"54":1,"55":21,"56":21,"57":21,"58":1,"59":42,"60":42,"61":1,"62":21,"63":21,"64":1,"65":0,"66":0,"67":1,"68":22,"69":22,"70":1,"71":0,"72":0,"73":0,"74":0,"75":0,"76":0,"77":0,"78":0,"79":0,"80":0,"81":0,"82":0,"83":0,"84":1,"85":0,"86":0,"87":0,"88":0,"89":0,"90":0,"91":0,"92":0,"93":0,"94":0,"95":0,"96":1,"97":0,"98":0,"99":0,"100":0,"101":0,"102":0,"103":0,"104":0,"105":0,"106":0,"107":0,"108":0,"109":1},"branchMap":{"0":{"type":"branch","line":4,"loc":{"start":{"line":4,"column":9},"end":{"line":4,"column":24}},"locations":[{"start":{"line":4,"column":9},"end":{"line":4,"column":24}}]},"1":{"type":"branch","line":5,"loc":{"start":{"line":5,"column":1},"end":{"line":5,"column":25}},"locations":[{"start":{"line":5,"column":1},"end":{"line":5,"column":25}}]},"2":{"type":"branch","line":7,"loc":{"start":{"line":7,"column":15},"end":{"line":12,"column":2}},"locations":[{"start":{"line":7,"column":15},"end":{"line":12,"column":2}}]},"3":{"type":"branch","line":8,"loc":{"start":{"line":8,"column":30},"end":{"line":10,"column":3}},"locations":[{"start":{"line":8,"column":30},"end":{"line":10,"column":3}}]},"4":{"type":"branch","line":14,"loc":{"start":{"line":14,"column":1},"end":{"line":16,"column":2}},"locations":[{"start":{"line":14,"column":1},"end":{"line":16,"column":2}}]},"5":{"type":"branch","line":17,"loc":{"start":{"line":17,"column":1},"end":{"line":19,"column":2}},"locations":[{"start":{"line":17,"column":1},"end":{"line":19,"column":2}}]},"6":{"type":"branch","line":20,"loc":{"start":{"line":20,"column":1},"end":{"line":22,"column":2}},"locations":[{"start":{"line":20,"column":1},"end":{"line":22,"column":2}}]},"7":{"type":"branch","line":23,"loc":{"start":{"line":23,"column":1},"end":{"line":25,"column":2}},"locations":[{"start":{"line":23,"column":1},"end":{"line":25,"column":2}}]},"8":{"type":"branch","line":26,"loc":{"start":{"line":26,"column":1},"end":{"line":42,"column":2}},"locations":[{"start":{"line":26,"column":1},"end":{"line":42,"column":2}}]},"9":{"type":"branch","line":29,"loc":{"start":{"line":29,"column":13},"end":{"line":29,"column":31}},"locations":[{"start":{"line":29,"column":13},"end":{"line":29,"column":31}}]},"10":{"type":"branch","line":29,"loc":{"start":{"line":29,"column":33},"end":{"line":29,"column":46}},"locations":[{"start":{"line":29,"column":33},"end":{"line":29,"column":46}}]},"11":{"type":"branch","line":30,"loc":{"start":{"line":30,"column":-1},"end":{"line":30,"column":60}},"locations":[{"start":{"line":30,"column":-1},"end":{"line":30,"column":60}}]},"12":{"type":"branch","line":30,"loc":{"start":{"line":30,"column":53},"end":{"line":30,"column":65}},"locations":[{"start":{"line":30,"column":53},"end":{"line":30,"column":65}}]},"13":{"type":"branch","line":31,"loc":{"start":{"line":31,"column":-1},"end":{"line":37,"column":21}},"locations":[{"start":{"line":31,"column":-1},"end":{"line":37,"column":21}}]},"14":{"type":"branch","line":37,"loc":{"start":{"line":37,"column":17},"end":{"line":37,"column":35}},"locations":[{"start":{"line":37,"column":17},"end":{"line":37,"column":35}}]},"15":{"type":"branch","line":37,"loc":{"start":{"line":37,"column":35},"end":{"line":37,"column":49}},"locations":[{"start":{"line":37,"column":35},"end":{"line":37,"column":49}}]},"16":{"type":"branch","line":37,"loc":{"start":{"line":37,"column":49},"end":{"line":37,"column":64}},"locations":[{"start":{"line":37,"column":49},"end":{"line":37,"column":64}}]},"17":{"type":"branch","line":37,"loc":{"start":{"line":37,"column":64},"end":{"line":37,"column":84}},"locations":[{"start":{"line":37,"column":64},"end":{"line":37,"column":84}}]},"18":{"type":"branch","line":37,"loc":{"start":{"line":37,"column":84},"end":{"line":37,"column":95}},"locations":[{"start":{"line":37,"column":84},"end":{"line":37,"column":95}}]},"19":{"type":"branch","line":39,"loc":{"start":{"line":39,"column":4},"end":{"line":41,"column":3}},"locations":[{"start":{"line":39,"column":4},"end":{"line":41,"column":3}}]},"20":{"type":"branch","line":43,"loc":{"start":{"line":43,"column":1},"end":{"line":45,"column":2}},"locations":[{"start":{"line":43,"column":1},"end":{"line":45,"column":2}}]},"21":{"type":"branch","line":46,"loc":{"start":{"line":46,"column":1},"end":{"line":48,"column":2}},"locations":[{"start":{"line":46,"column":1},"end":{"line":48,"column":2}}]},"22":{"type":"branch","line":49,"loc":{"start":{"line":49,"column":1},"end":{"line":51,"column":2}},"locations":[{"start":{"line":49,"column":1},"end":{"line":51,"column":2}}]},"23":{"type":"branch","line":52,"loc":{"start":{"line":52,"column":1},"end":{"line":54,"column":2}},"locations":[{"start":{"line":52,"column":1},"end":{"line":54,"column":2}}]},"24":{"type":"branch","line":55,"loc":{"start":{"line":55,"column":1},"end":{"line":58,"column":2}},"locations":[{"start":{"line":55,"column":1},"end":{"line":58,"column":2}}]},"25":{"type":"branch","line":57,"loc":{"start":{"line":57,"column":33},"end":{"line":57,"column":45}},"locations":[{"start":{"line":57,"column":33},"end":{"line":57,"column":45}}]},"26":{"type":"branch","line":59,"loc":{"start":{"line":59,"column":1},"end":{"line":61,"column":2}},"locations":[{"start":{"line":59,"column":1},"end":{"line":61,"column":2}}]},"27":{"type":"branch","line":62,"loc":{"start":{"line":62,"column":1},"end":{"line":64,"column":2}},"locations":[{"start":{"line":62,"column":1},"end":{"line":64,"column":2}}]},"28":{"type":"branch","line":68,"loc":{"start":{"line":68,"column":1},"end":{"line":70,"column":2}},"locations":[{"start":{"line":68,"column":1},"end":{"line":70,"column":2}}]}},"b":{"0":[6],"1":[6],"2":[57],"3":[6],"4":[21],"5":[14],"6":[14],"7":[14],"8":[15],"9":[9],"10":[7],"11":[8],"12":[1],"13":[7],"14":[6],"15":[5],"16":[4],"17":[3],"18":[2],"19":[0],"20":[14],"21":[14],"22":[14],"23":[14],"24":[21],"25":[19],"26":[42],"27":[21],"28":[22]},"fnMap":{"0":{"name":"<static_initializer>","decl":{"start":{"line":4,"column":9},"end":{"line":4,"column":24}},"loc":{"start":{"line":4,"column":9},"end":{"line":4,"column":24}},"line":4},"1":{"name":"ValidateType","decl":{"start":{"line":5,"column":1},"end":{"line":5,"column":25}},"loc":{"start":{"line":5,"column":1},"end":{"line":5,"column":25}},"line":5},"2":{"name":"create","decl":{"start":{"line":7,"column":15},"end":{"line":12,"column":2}},"loc":{"start":{"line":7,"column":15},"end":{"line":12,"column":2}},"line":7},"3":{"name":"isArray","decl":{"start":{"line":14,"column":1},"end":{"line":16,"column":2}},"loc":{"start":{"line":14,"column":1},"end":{"line":16,"column":2}},"line":14},"4":{"name":"isString","decl":{"start":{"line":17,"column":1},"end":{"line":19,"column":2}},"loc":{"start":{"line":17,"column":1},"end":{"line":19,"column":2}},"line":17},"5":{"name":"isNumber","decl":{"start":{"line":20,"column":1},"end":{"line":22,"column":2}},"loc":{"start":{"line":20,"column":1},"end":{"line":22,"column":2}},"line":20},"6":{"name":"isDate","decl":{"start":{"line":23,"column":1},"end":{"line":25,"column":2}},"loc":{"start":{"line":23,"column":1},"end":{"line":25,"column":2}},"line":23},"7":{"name":"isObject","decl":{"start":{"line":26,"column":1},"end":{"line":42,"column":2}},"loc":{"start":{"line":26,"column":1},"end":{"line":42,"column":2}},"line":26},"8":{"name":"isNull","decl":{"start":{"line":43,"column":1},"end":{"line":45,"column":2}},"loc":{"start":{"line":43,"column":1},"end":{"line":45,"column":2}},"line":43},"9":{"name":"isUndefined","decl":{"start":{"line":46,"column":1},"end":{"line":48,"column":2}},"loc":{"start":{"line":46,"column":1},"end":{"line":48,"column":2}},"line":46},"10":{"name":"isBoolean","decl":{"start":{"line":49,"column":1},"end":{"line":51,"column":2}},"loc":{"start":{"line":49,"column":1},"end":{"line":51,"column":2}},"line":49},"11":{"name":"isFunction","decl":{"start":{"line":52,"column":1},"end":{"line":54,"column":2}},"loc":{"start":{"line":52,"column":1},"end":{"line":54,"column":2}},"line":52},"12":{"name":"isEntity","decl":{"start":{"line":55,"column":1},"end":{"line":58,"column":2}},"loc":{"start":{"line":55,"column":1},"end":{"line":58,"column":2}},"line":55},"13":{"name":"isAggregate","decl":{"start":{"line":59,"column":1},"end":{"line":61,"column":2}},"loc":{"start":{"line":59,"column":1},"end":{"line":61,"column":2}},"line":59},"14":{"name":"isValueObject","decl":{"start":{"line":62,"column":1},"end":{"line":64,"column":2}},"loc":{"start":{"line":62,"column":1},"end":{"line":64,"column":2}},"line":62},"15":{"name":"isSymbol","decl":{"start":{"line":65,"column":1},"end":{"line":67,"column":2}},"loc":{"start":{"line":65,"column":1},"end":{"line":67,"column":2}},"line":65},"16":{"name":"isID","decl":{"start":{"line":68,"column":1},"end":{"line":70,"column":2}},"loc":{"start":{"line":68,"column":1},"end":{"line":70,"column":2}},"line":68},"17":{"name":"number","decl":{"start":{"line":71,"column":1},"end":{"line":84,"column":2}},"loc":{"start":{"line":71,"column":1},"end":{"line":84,"column":2}},"line":71},"18":{"name":"string","decl":{"start":{"line":85,"column":1},"end":{"line":96,"column":2}},"loc":{"start":{"line":85,"column":1},"end":{"line":96,"column":2}},"line":85},"19":{"name":"date","decl":{"start":{"line":97,"column":1},"end":{"line":109,"column":2}},"loc":{"start":{"line":97,"column":1},"end":{"line":109,"column":2}},"line":97}},"f":{"0":6,"1":6,"2":57,"3":21,"4":14,"5":14,"6":14,"7":15,"8":14,"9":14,"10":14,"11":14,"12":21,"13":42,"14":21,"15":0,"16":22,"17":0,"18":0,"19":0}}
}
