TN:
SF:lib/core/index.ts
FN:6,<instance_members_initializer>
FN:12,Iterator
FN:20,create
FN:24,hasNext
FN:29,hasPrev
FN:34,isEmpty
FN:38,next
FN:54,prev
FN:70,first
FN:74,last
FN:78,toFirst
FN:87,toLast
FN:96,clear
FN:102,addToEnd
FN:107,add
FN:111,addToStart
FN:117,removeLast
FN:123,removeFirst
FN:129,toArray
FN:133,total
FN:145,<instance_members_initializer>
FN:151,Result
FN:159,success
FN:163,fail
FN:167,iterate
FN:171,combine
FN:181,execute
FN:198,value
FN:202,error
FN:206,isFailure
FN:210,isSuccess
FN:214,metaData
FN:218,toObject
FN:230,<instance_members_initializer>
FN:233,GettersAndSetters
FN:242,getter
FN:251,get
FN:261,set
FN:271,toValue
FN:282,updateTo
FN:292,<instance_members_initializer>
FN:297,ID
FN:310,setAsNew
FN:314,toShort
FN:334,get value
FN:338,get isNew
FN:342,get createdAt
FN:346,isShortID
FN:351,equal
FN:357,deepEqual
FN:364,cloneAsNew
FN:370,clone
FN:374,createShort
FN:381,create
FN:387,<instance_members_initializer>
FN:389,<static_initializer>
FN:392,Entity
FN:398,get id
FN:402,hashCode
FN:406,isNew
FN:410,create
FN:417,Aggregate
FN:421,hashCode
FN:425,create
FN:431,<instance_members_initializer>
FN:432,<static_initializer>
FN:435,ValueObject
FN:440,isValidValue
FN:444,create
FNF:69
FNH:26
FNDA:0,<instance_members_initializer>
FNDA:0,Iterator
FNDA:0,create
FNDA:0,hasNext
FNDA:0,hasPrev
FNDA:0,isEmpty
FNDA:0,next
FNDA:0,prev
FNDA:0,first
FNDA:0,last
FNDA:0,toFirst
FNDA:0,toLast
FNDA:0,clear
FNDA:0,addToEnd
FNDA:0,add
FNDA:0,addToStart
FNDA:0,removeLast
FNDA:0,removeFirst
FNDA:0,toArray
FNDA:0,total
FNDA:4,<instance_members_initializer>
FNDA:4,Result
FNDA:3,success
FNDA:1,fail
FNDA:0,iterate
FNDA:0,combine
FNDA:0,execute
FNDA:13,value
FNDA:1,error
FNDA:0,isFailure
FNDA:0,isSuccess
FNDA:0,metaData
FNDA:0,toObject
FNDA:3,<instance_members_initializer>
FNDA:3,GettersAndSetters
FNDA:0,getter
FNDA:7,get
FNDA:2,set
FNDA:2,toValue
FNDA:2,updateTo
FNDA:4,<instance_members_initializer>
FNDA:4,ID
FNDA:0,setAsNew
FNDA:0,toShort
FNDA:2,get value
FNDA:2,get isNew
FNDA:0,get createdAt
FNDA:0,isShortID
FNDA:0,equal
FNDA:0,deepEqual
FNDA:0,cloneAsNew
FNDA:0,clone
FNDA:0,createShort
FNDA:4,create
FNDA:3,<instance_members_initializer>
FNDA:1,<static_initializer>
FNDA:3,Entity
FNDA:4,get id
FNDA:0,hashCode
FNDA:2,isNew
FNDA:0,create
FNDA:3,Aggregate
FNDA:1,hashCode
FNDA:1,create
FNDA:0,<instance_members_initializer>
FNDA:1,<static_initializer>
FNDA:0,ValueObject
FNDA:0,isValidValue
FNDA:0,create
DA:1,1
DA:2,1
DA:3,1
DA:4,1
DA:5,1
DA:6,1
DA:7,0
DA:8,0
DA:9,0
DA:10,1
DA:11,1
DA:12,1
DA:13,0
DA:14,0
DA:15,0
DA:16,0
DA:17,0
DA:18,0
DA:19,1
DA:20,1
DA:21,0
DA:22,0
DA:23,1
DA:24,1
DA:25,0
DA:26,0
DA:27,0
DA:28,1
DA:29,1
DA:30,0
DA:31,0
DA:32,0
DA:33,1
DA:34,1
DA:35,0
DA:36,0
DA:37,1
DA:38,1
DA:39,0
DA:40,0
DA:41,0
DA:42,0
DA:43,0
DA:44,0
DA:45,0
DA:46,0
DA:47,0
DA:48,0
DA:49,0
DA:50,0
DA:51,0
DA:52,0
DA:53,1
DA:54,1
DA:55,0
DA:56,0
DA:57,0
DA:58,0
DA:59,0
DA:60,0
DA:61,0
DA:62,0
DA:63,0
DA:64,0
DA:65,0
DA:66,0
DA:67,0
DA:68,0
DA:69,1
DA:70,1
DA:71,0
DA:72,0
DA:73,1
DA:74,1
DA:75,0
DA:76,0
DA:77,1
DA:78,1
DA:79,0
DA:80,0
DA:81,0
DA:82,0
DA:83,0
DA:84,0
DA:85,0
DA:86,1
DA:87,1
DA:88,0
DA:89,0
DA:90,0
DA:91,0
DA:92,0
DA:93,0
DA:94,0
DA:95,1
DA:96,1
DA:97,0
DA:98,0
DA:99,0
DA:100,0
DA:101,1
DA:102,1
DA:103,0
DA:104,0
DA:105,0
DA:106,1
DA:107,1
DA:108,0
DA:109,0
DA:110,1
DA:111,1
DA:112,0
DA:113,0
DA:114,0
DA:115,0
DA:116,1
DA:117,1
DA:118,0
DA:119,0
DA:120,0
DA:121,0
DA:122,1
DA:123,1
DA:124,0
DA:125,0
DA:126,0
DA:127,0
DA:128,1
DA:129,1
DA:130,0
DA:131,0
DA:132,1
DA:133,1
DA:134,0
DA:135,0
DA:136,1
DA:137,1
DA:138,1
DA:139,1
DA:140,1
DA:141,1
DA:142,1
DA:143,1
DA:144,1
DA:145,1
DA:146,4
DA:147,4
DA:148,4
DA:149,1
DA:150,1
DA:151,1
DA:152,4
DA:153,4
DA:154,4
DA:155,4
DA:156,4
DA:157,4
DA:158,1
DA:159,1
DA:160,3
DA:161,3
DA:162,1
DA:163,1
DA:164,1
DA:165,1
DA:166,1
DA:167,1
DA:168,0
DA:169,0
DA:170,1
DA:171,1
DA:172,0
DA:173,0
DA:174,0
DA:175,0
DA:176,0
DA:177,0
DA:178,0
DA:179,0
DA:180,1
DA:181,1
DA:182,0
DA:183,0
DA:184,0
DA:185,0
DA:186,0
DA:187,0
DA:188,0
DA:189,0
DA:190,0
DA:191,0
DA:192,0
DA:193,0
DA:194,0
DA:195,0
DA:196,0
DA:197,1
DA:198,1
DA:199,13
DA:200,13
DA:201,1
DA:202,1
DA:203,1
DA:204,1
DA:205,1
DA:206,1
DA:207,0
DA:208,0
DA:209,1
DA:210,1
DA:211,0
DA:212,0
DA:213,1
DA:214,1
DA:215,0
DA:216,0
DA:217,1
DA:218,1
DA:219,0
DA:220,0
DA:221,0
DA:222,0
DA:223,0
DA:224,0
DA:225,0
DA:226,0
DA:227,1
DA:228,1
DA:229,1
DA:230,1
DA:231,1
DA:232,1
DA:233,1
DA:234,3
DA:235,3
DA:236,3
DA:237,3
DA:238,3
DA:239,3
DA:240,3
DA:241,1
DA:242,1
DA:243,0
DA:244,0
DA:245,1
DA:246,1
DA:247,1
DA:248,1
DA:249,1
DA:250,1
DA:251,1
DA:252,7
DA:253,7
DA:254,7
DA:255,1
DA:256,1
DA:257,1
DA:258,1
DA:259,1
DA:260,1
DA:261,1
DA:262,2
DA:263,2
DA:264,2
DA:265,2
DA:266,2
DA:267,2
DA:268,2
DA:269,2
DA:270,2
DA:271,2
DA:272,2
DA:273,2
DA:274,0
DA:275,0
DA:276,2
DA:277,2
DA:278,2
DA:279,2
DA:280,2
DA:281,1
DA:282,1
DA:283,2
DA:284,0
DA:285,0
DA:286,2
DA:287,2
DA:288,2
DA:289,1
DA:290,1
DA:291,1
DA:292,1
DA:293,4
DA:294,4
DA:295,1
DA:296,1
DA:297,1
DA:298,4
DA:299,4
DA:300,2
DA:301,2
DA:302,2
DA:303,2
DA:304,2
DA:305,2
DA:306,2
DA:307,2
DA:308,1
DA:309,1
DA:310,1
DA:311,0
DA:312,0
DA:313,1
DA:314,1
DA:315,0
DA:316,0
DA:317,0
DA:318,0
DA:319,0
DA:320,0
DA:321,0
DA:322,0
DA:323,0
DA:324,0
DA:325,0
DA:326,0
DA:327,0
DA:328,0
DA:329,0
DA:330,0
DA:331,0
DA:332,0
DA:333,1
DA:334,1
DA:335,2
DA:336,2
DA:337,1
DA:338,1
DA:339,2
DA:340,2
DA:341,1
DA:342,1
DA:343,0
DA:344,0
DA:345,1
DA:346,1
DA:347,0
DA:348,0
DA:349,0
DA:350,1
DA:351,1
DA:352,0
DA:353,0
DA:354,0
DA:355,0
DA:356,1
DA:357,1
DA:358,0
DA:359,0
DA:360,0
DA:361,0
DA:362,0
DA:363,1
DA:364,1
DA:365,0
DA:366,0
DA:367,0
DA:368,0
DA:369,1
DA:370,1
DA:371,0
DA:372,0
DA:373,1
DA:374,1
DA:375,0
DA:376,0
DA:377,0
DA:378,0
DA:379,1
DA:380,1
DA:381,1
DA:382,4
DA:383,4
DA:384,1
DA:385,1
DA:386,1
DA:387,1
DA:388,3
DA:389,3
DA:390,1
DA:391,1
DA:392,1
DA:393,3
DA:394,3
DA:395,3
DA:396,3
DA:397,1
DA:398,1
DA:399,4
DA:400,4
DA:401,1
DA:402,1
DA:403,0
DA:404,0
DA:405,1
DA:406,1
DA:407,2
DA:408,2
DA:409,1
DA:410,1
DA:411,0
DA:412,1
DA:413,1
DA:414,1
DA:415,1
DA:416,1
DA:417,1
DA:418,3
DA:419,3
DA:420,1
DA:421,1
DA:422,1
DA:423,1
DA:424,1
DA:425,1
DA:426,1
DA:427,1
DA:428,1
DA:429,1
DA:430,1
DA:431,1
DA:432,0
DA:433,1
DA:434,1
DA:435,1
DA:436,0
DA:437,0
DA:438,0
DA:439,1
DA:440,1
DA:441,0
DA:442,1
DA:443,1
DA:444,1
DA:445,0
DA:446,1
DA:447,1
LF:447
LH:259
BRDA:6,0,0,0
BRDA:145,1,0,4
BRDA:151,2,0,4
BRDA:154,3,0,1
BRDA:155,4,0,3
BRDA:159,5,0,3
BRDA:163,6,0,1
BRDA:198,7,0,13
BRDA:202,8,0,1
BRDA:230,9,0,3
BRDA:233,10,0,3
BRDA:251,11,0,7
BRDA:252,12,0,0
BRDA:261,13,0,2
BRDA:271,14,0,2
BRDA:272,15,0,0
BRDA:273,16,0,0
BRDA:282,17,0,2
BRDA:283,18,0,0
BRDA:292,19,0,4
BRDA:297,20,0,4
BRDA:299,21,0,2
BRDA:334,22,0,2
BRDA:338,23,0,2
BRDA:381,24,0,4
BRDA:387,25,0,3
BRDA:389,26,0,1
BRDA:392,27,0,3
BRDA:398,28,0,4
BRDA:406,29,0,2
BRDA:417,30,0,3
BRDA:421,31,0,1
BRDA:422,32,0,0
BRDA:425,33,0,1
BRDA:431,34,0,0
BRDA:432,35,0,1
BRF:36
BRH:29
end_of_record
TN:
SF:lib/utils/check-types.ts
FN:4,<static_initializer>
FN:5,ValidateType
FN:7,create
FN:14,isArray
FN:17,isString
FN:20,isNumber
FN:23,isDate
FN:26,isObject
FN:43,isNull
FN:46,isUndefined
FN:49,isBoolean
FN:52,isFunction
FN:55,isEntity
FN:59,isAggregate
FN:62,isValueObject
FN:65,isSymbol
FN:68,isID
FN:71,number
FN:85,string
FN:97,date
FNF:20
FNH:3
FNDA:1,<static_initializer>
FNDA:1,ValidateType
FNDA:5,create
FNDA:0,isArray
FNDA:0,isString
FNDA:0,isNumber
FNDA:0,isDate
FNDA:0,isObject
FNDA:0,isNull
FNDA:0,isUndefined
FNDA:0,isBoolean
FNDA:0,isFunction
FNDA:0,isEntity
FNDA:0,isAggregate
FNDA:0,isValueObject
FNDA:0,isSymbol
FNDA:0,isID
FNDA:0,number
FNDA:0,string
FNDA:0,date
DA:1,1
DA:2,1
DA:3,1
DA:4,1
DA:5,1
DA:6,1
DA:7,1
DA:8,5
DA:9,1
DA:10,1
DA:11,5
DA:12,5
DA:13,1
DA:14,1
DA:15,0
DA:16,0
DA:17,1
DA:18,0
DA:19,0
DA:20,1
DA:21,0
DA:22,0
DA:23,1
DA:24,0
DA:25,0
DA:26,1
DA:27,0
DA:28,0
DA:29,0
DA:30,0
DA:31,0
DA:32,0
DA:33,0
DA:34,0
DA:35,0
DA:36,0
DA:37,0
DA:38,0
DA:39,0
DA:40,0
DA:41,0
DA:42,0
DA:43,1
DA:44,0
DA:45,0
DA:46,1
DA:47,0
DA:48,0
DA:49,1
DA:50,0
DA:51,0
DA:52,1
DA:53,0
DA:54,0
DA:55,1
DA:56,0
DA:57,0
DA:58,0
DA:59,1
DA:60,0
DA:61,0
DA:62,1
DA:63,0
DA:64,0
DA:65,1
DA:66,0
DA:67,0
DA:68,1
DA:69,0
DA:70,0
DA:71,1
DA:72,0
DA:73,0
DA:74,0
DA:75,0
DA:76,0
DA:77,0
DA:78,0
DA:79,0
DA:80,0
DA:81,0
DA:82,0
DA:83,0
DA:84,0
DA:85,1
DA:86,0
DA:87,0
DA:88,0
DA:89,0
DA:90,0
DA:91,0
DA:92,0
DA:93,0
DA:94,0
DA:95,0
DA:96,0
DA:97,1
DA:98,0
DA:99,0
DA:100,0
DA:101,0
DA:102,0
DA:103,0
DA:104,0
DA:105,0
DA:106,0
DA:107,0
DA:108,0
DA:109,0
DA:110,1
LF:110
LH:31
BRDA:4,0,0,1
BRDA:5,1,0,1
BRDA:7,2,0,5
BRDA:8,3,0,1
BRF:4
BRH:4
end_of_record
