TN:
SF:lib/core/index.ts
FN:21,<instance_members_initializer>
FN:27,Iterator
FN:49,create
FN:57,hasNext
FN:65,hasPrev
FN:73,isEmpty
FN:83,next
FN:104,prev
FN:124,first
FN:132,last
FN:140,toFirst
FN:153,toLast
FN:166,clear
FN:177,addToEnd
FN:187,add
FN:196,addToStart
FN:206,removeLast
FN:216,removeFirst
FN:226,toArray
FN:234,total
FN:248,<instance_members_initializer>
FN:254,Result
FN:268,success
FN:277,fail
FN:285,iterate
FN:295,combine
FN:310,execute
FN:317,on
FN:326,withData
FN:333,on
FN:346,value
FN:353,error
FN:361,isFailure
FN:369,isSuccess
FN:377,metaData
FN:393,toObject
FN:405,<instance_members_initializer>
FN:408,GettersAndSetters
FN:417,getter
FN:426,get
FN:436,set
FN:446,toValue
FN:463,updateTo
FN:474,<instance_members_initializer>
FN:479,ID
FN:492,setAsNew
FN:500,toShort
FN:524,get value
FN:537,get isNew
FN:545,get createdAt
FN:553,isShortID
FN:563,equal
FN:574,deepEqual
FN:585,cloneAsNew
FN:594,clone
FN:603,createShort
FN:615,create
FN:624,<instance_members_initializer>
FN:626,<static_initializer>
FN:629,Entity
FN:639,get id
FN:651,hashCode
FN:660,isNew
FN:671,create
FN:681,Aggregate
FN:693,hashCode
FN:704,create
FN:713,<instance_members_initializer>
FN:714,<static_initializer>
FN:717,ValueObject
FN:726,isValidValue
FN:736,create
FNF:72
FNH:54
FNDA:2,<instance_members_initializer>
FNDA:2,Iterator
FNDA:2,create
FNDA:17,hasNext
FNDA:16,hasPrev
FNDA:34,isEmpty
FNDA:8,next
FNDA:7,prev
FNDA:0,first
FNDA:0,last
FNDA:0,toFirst
FNDA:0,toLast
FNDA:0,clear
FNDA:7,addToEnd
FNDA:7,add
FNDA:0,addToStart
FNDA:0,removeLast
FNDA:0,removeFirst
FNDA:0,toArray
FNDA:36,total
FNDA:46,<instance_members_initializer>
FNDA:46,Result
FNDA:44,success
FNDA:2,fail
FNDA:1,iterate
FNDA:1,combine
FNDA:3,execute
FNDA:2,on
FNDA:1,withData
FNDA:1,on
FNDA:56,value
FNDA:2,error
FNDA:6,isFailure
FNDA:1,isSuccess
FNDA:0,metaData
FNDA:0,toObject
FNDA:44,<instance_members_initializer>
FNDA:44,GettersAndSetters
FNDA:0,getter
FNDA:10,get
FNDA:3,set
FNDA:3,toValue
FNDA:2,updateTo
FNDA:50,<instance_members_initializer>
FNDA:50,ID
FNDA:1,setAsNew
FNDA:1,toShort
FNDA:9,get value
FNDA:5,get isNew
FNDA:0,get createdAt
FNDA:2,isShortID
FNDA:2,equal
FNDA:1,deepEqual
FNDA:0,cloneAsNew
FNDA:1,clone
FNDA:1,createShort
FNDA:48,create
FNDA:29,<instance_members_initializer>
FNDA:6,<static_initializer>
FNDA:29,Entity
FNDA:4,get id
FNDA:0,hashCode
FNDA:2,isNew
FNDA:0,create
FNDA:16,Aggregate
FNDA:1,hashCode
FNDA:1,create
FNDA:15,<instance_members_initializer>
FNDA:6,<static_initializer>
FNDA:15,ValueObject
FNDA:0,isValidValue
FNDA:0,create
DA:1,1
DA:2,1
DA:3,1
DA:4,1
DA:5,1
DA:6,1
DA:7,1
DA:8,1
DA:9,1
DA:10,1
DA:11,1
DA:12,1
DA:13,1
DA:14,1
DA:15,1
DA:16,1
DA:17,1
DA:18,1
DA:19,1
DA:20,1
DA:21,1
DA:22,2
DA:23,2
DA:24,2
DA:25,1
DA:26,1
DA:27,1
DA:28,2
DA:29,2
DA:30,2
DA:31,2
DA:32,2
DA:33,2
DA:34,1
DA:35,1
DA:36,1
DA:37,1
DA:38,1
DA:39,1
DA:40,1
DA:41,1
DA:42,1
DA:43,1
DA:44,1
DA:45,1
DA:46,1
DA:47,1
DA:48,1
DA:49,1
DA:50,2
DA:51,2
DA:52,1
DA:53,1
DA:54,1
DA:55,1
DA:56,1
DA:57,1
DA:58,17
DA:59,17
DA:60,17
DA:61,1
DA:62,1
DA:63,1
DA:64,1
DA:65,1
DA:66,16
DA:67,16
DA:68,16
DA:69,1
DA:70,1
DA:71,1
DA:72,1
DA:73,1
DA:74,34
DA:75,34
DA:76,1
DA:77,1
DA:78,1
DA:79,1
DA:80,1
DA:81,1
DA:82,1
DA:83,1
DA:84,8
DA:85,8
DA:86,0
DA:87,0
DA:88,0
DA:89,8
DA:90,8
DA:91,8
DA:92,8
DA:93,8
DA:94,0
DA:95,0
DA:96,0
DA:97,0
DA:98,1
DA:99,1
DA:100,1
DA:101,1
DA:102,1
DA:103,1
DA:104,1
DA:105,7
DA:106,7
DA:107,1
DA:108,1
DA:109,1
DA:110,6
DA:111,6
DA:112,7
DA:113,7
DA:114,7
DA:115,0
DA:116,0
DA:117,0
DA:118,0
DA:119,1
DA:120,1
DA:121,1
DA:122,1
DA:123,1
DA:124,1
DA:125,0
DA:126,0
DA:127,1
DA:128,1
DA:129,1
DA:130,1
DA:131,1
DA:132,1
DA:133,0
DA:134,0
DA:135,1
DA:136,1
DA:137,1
DA:138,1
DA:139,1
DA:140,1
DA:141,0
DA:142,0
DA:143,0
DA:144,0
DA:145,0
DA:146,0
DA:147,0
DA:148,1
DA:149,1
DA:150,1
DA:151,1
DA:152,1
DA:153,1
DA:154,0
DA:155,0
DA:156,0
DA:157,0
DA:158,0
DA:159,0
DA:160,0
DA:161,1
DA:162,1
DA:163,1
DA:164,1
DA:165,1
DA:166,1
DA:167,0
DA:168,0
DA:169,0
DA:170,0
DA:171,1
DA:172,1
DA:173,1
DA:174,1
DA:175,1
DA:176,1
DA:177,1
DA:178,7
DA:179,7
DA:180,7
DA:181,1
DA:182,1
DA:183,1
DA:184,1
DA:185,1
DA:186,1
DA:187,1
DA:188,7
DA:189,7
DA:190,1
DA:191,1
DA:192,1
DA:193,1
DA:194,1
DA:195,1
DA:196,1
DA:197,0
DA:198,0
DA:199,0
DA:200,0
DA:201,1
DA:202,1
DA:203,1
DA:204,1
DA:205,1
DA:206,1
DA:207,0
DA:208,0
DA:209,0
DA:210,0
DA:211,1
DA:212,1
DA:213,1
DA:214,1
DA:215,1
DA:216,1
DA:217,0
DA:218,0
DA:219,0
DA:220,0
DA:221,1
DA:222,1
DA:223,1
DA:224,1
DA:225,1
DA:226,1
DA:227,0
DA:228,0
DA:229,1
DA:230,1
DA:231,1
DA:232,1
DA:233,1
DA:234,1
DA:235,36
DA:236,36
DA:237,1
DA:238,1
DA:239,1
DA:240,1
DA:241,1
DA:242,1
DA:243,1
DA:244,1
DA:245,1
DA:246,1
DA:247,1
DA:248,1
DA:249,46
DA:250,46
DA:251,46
DA:252,1
DA:253,1
DA:254,1
DA:255,46
DA:256,46
DA:257,46
DA:258,46
DA:259,46
DA:260,46
DA:261,1
DA:262,1
DA:263,1
DA:264,1
DA:265,1
DA:266,1
DA:267,1
DA:268,1
DA:269,44
DA:270,44
DA:271,1
DA:272,1
DA:273,1
DA:274,1
DA:275,1
DA:276,1
DA:277,1
DA:278,2
DA:279,2
DA:280,1
DA:281,1
DA:282,1
DA:283,1
DA:284,1
DA:285,1
DA:286,1
DA:287,1
DA:288,1
DA:289,1
DA:290,1
DA:291,1
DA:292,1
DA:293,1
DA:294,1
DA:295,1
DA:296,1
DA:297,1
DA:298,1
DA:299,1
DA:300,1
DA:301,1
DA:302,0
DA:303,0
DA:304,1
DA:305,1
DA:306,1
DA:307,1
DA:308,1
DA:309,1
DA:310,1
DA:311,3
DA:312,3
DA:313,3
DA:314,3
DA:315,3
DA:316,3
DA:317,3
DA:318,2
DA:319,2
DA:320,3
DA:321,3
DA:322,3
DA:323,3
DA:324,3
DA:325,3
DA:326,3
DA:327,1
DA:328,1
DA:329,1
DA:330,1
DA:331,1
DA:332,1
DA:333,1
DA:334,1
DA:335,1
DA:336,1
DA:337,1
DA:338,1
DA:339,3
DA:340,3
DA:341,1
DA:342,1
DA:343,1
DA:344,1
DA:345,1
DA:346,1
DA:347,56
DA:348,56
DA:349,1
DA:350,1
DA:351,1
DA:352,1
DA:353,1
DA:354,2
DA:355,2
DA:356,1
DA:357,1
DA:358,1
DA:359,1
DA:360,1
DA:361,1
DA:362,6
DA:363,6
DA:364,1
DA:365,1
DA:366,1
DA:367,1
DA:368,1
DA:369,1
DA:370,1
DA:371,1
DA:372,1
DA:373,1
DA:374,1
DA:375,1
DA:376,1
DA:377,1
DA:378,0
DA:379,0
DA:380,1
DA:381,1
DA:382,1
DA:383,1
DA:384,1
DA:385,1
DA:386,1
DA:387,1
DA:388,1
DA:389,1
DA:390,1
DA:391,1
DA:392,1
DA:393,1
DA:394,0
DA:395,0
DA:396,0
DA:397,0
DA:398,0
DA:399,0
DA:400,0
DA:401,0
DA:402,1
DA:403,1
DA:404,1
DA:405,1
DA:406,1
DA:407,1
DA:408,1
DA:409,44
DA:410,44
DA:411,44
DA:412,44
DA:413,44
DA:414,44
DA:415,44
DA:416,1
DA:417,1
DA:418,0
DA:419,0
DA:420,1
DA:421,1
DA:422,1
DA:423,1
DA:424,1
DA:425,1
DA:426,1
DA:427,10
DA:428,10
DA:429,10
DA:430,1
DA:431,1
DA:432,1
DA:433,1
DA:434,1
DA:435,1
DA:436,1
DA:437,3
DA:438,3
DA:439,3
DA:440,3
DA:441,3
DA:442,3
DA:443,3
DA:444,3
DA:445,3
DA:446,3
DA:447,3
DA:448,3
DA:449,0
DA:450,0
DA:451,3
DA:452,3
DA:453,3
DA:454,3
DA:455,3
DA:456,1
DA:457,1
DA:458,1
DA:459,1
DA:460,1
DA:461,1
DA:462,1
DA:463,1
DA:464,2
DA:465,2
DA:466,0
DA:467,0
DA:468,2
DA:469,2
DA:470,2
DA:471,1
DA:472,1
DA:473,1
DA:474,1
DA:475,50
DA:476,50
DA:477,1
DA:478,1
DA:479,1
DA:480,50
DA:481,50
DA:482,46
DA:483,46
DA:484,46
DA:485,46
DA:486,46
DA:487,4
DA:488,4
DA:489,4
DA:490,1
DA:491,1
DA:492,1
DA:493,1
DA:494,1
DA:495,1
DA:496,1
DA:497,1
DA:498,1
DA:499,1
DA:500,1
DA:501,1
DA:502,1
DA:503,1
DA:504,1
DA:505,0
DA:506,0
DA:507,1
DA:508,1
DA:509,1
DA:510,1
DA:511,1
DA:512,16
DA:513,16
DA:514,16
DA:515,1
DA:516,1
DA:517,1
DA:518,1
DA:519,1
DA:520,1
DA:521,1
DA:522,1
DA:523,1
DA:524,1
DA:525,9
DA:526,9
DA:527,1
DA:528,1
DA:529,1
DA:530,1
DA:531,1
DA:532,1
DA:533,1
DA:534,1
DA:535,1
DA:536,1
DA:537,1
DA:538,5
DA:539,5
DA:540,1
DA:541,1
DA:542,1
DA:543,1
DA:544,1
DA:545,1
DA:546,0
DA:547,0
DA:548,1
DA:549,1
DA:550,1
DA:551,1
DA:552,1
DA:553,1
DA:554,2
DA:555,2
DA:556,2
DA:557,1
DA:558,1
DA:559,1
DA:560,1
DA:561,1
DA:562,1
DA:563,1
DA:564,2
DA:565,2
DA:566,0
DA:567,0
DA:568,1
DA:569,1
DA:570,1
DA:571,1
DA:572,1
DA:573,1
DA:574,1
DA:575,1
DA:576,1
DA:577,1
DA:578,1
DA:579,1
DA:580,1
DA:581,1
DA:582,1
DA:583,1
DA:584,1
DA:585,1
DA:586,0
DA:587,0
DA:588,0
DA:589,0
DA:590,1
DA:591,1
DA:592,1
DA:593,1
DA:594,1
DA:595,1
DA:596,1
DA:597,1
DA:598,1
DA:599,1
DA:600,1
DA:601,1
DA:602,1
DA:603,1
DA:604,1
DA:605,1
DA:606,1
DA:607,1
DA:608,1
DA:609,1
DA:610,1
DA:611,1
DA:612,1
DA:613,1
DA:614,1
DA:615,1
DA:616,48
DA:617,48
DA:618,1
DA:619,1
DA:620,1
DA:621,1
DA:622,1
DA:623,1
DA:624,1
DA:625,29
DA:626,29
DA:627,1
DA:628,1
DA:629,1
DA:630,29
DA:631,29
DA:632,29
DA:633,29
DA:634,1
DA:635,1
DA:636,1
DA:637,1
DA:638,1
DA:639,1
DA:640,4
DA:641,4
DA:642,1
DA:643,1
DA:644,1
DA:645,1
DA:646,1
DA:647,1
DA:648,1
DA:649,1
DA:650,1
DA:651,1
DA:652,0
DA:653,0
DA:654,1
DA:655,1
DA:656,1
DA:657,1
DA:658,1
DA:659,1
DA:660,1
DA:661,2
DA:662,2
DA:663,1
DA:664,1
DA:665,1
DA:666,1
DA:667,1
DA:668,1
DA:669,1
DA:670,1
DA:671,1
DA:672,0
DA:673,1
DA:674,1
DA:675,1
DA:676,1
DA:677,1
DA:678,1
DA:679,1
DA:680,1
DA:681,1
DA:682,16
DA:683,16
DA:684,1
DA:685,1
DA:686,1
DA:687,1
DA:688,1
DA:689,1
DA:690,1
DA:691,1
DA:692,1
DA:693,1
DA:694,1
DA:695,1
DA:696,1
DA:697,1
DA:698,1
DA:699,1
DA:700,1
DA:701,1
DA:702,1
DA:703,1
DA:704,1
DA:705,1
DA:706,1
DA:707,1
DA:708,1
DA:709,1
DA:710,1
DA:711,1
DA:712,1
DA:713,1
DA:714,15
DA:715,1
DA:716,1
DA:717,1
DA:718,15
DA:719,15
DA:720,15
DA:721,1
DA:722,1
DA:723,1
DA:724,1
DA:725,1
DA:726,1
DA:727,0
DA:728,1
DA:729,1
DA:730,1
DA:731,1
DA:732,1
DA:733,1
DA:734,1
DA:735,1
DA:736,1
DA:737,0
DA:738,1
DA:739,1
LF:739
LH:659
BRDA:21,0,0,2
BRDA:27,1,0,2
BRDA:29,2,0,1
BRDA:31,3,0,0
BRDA:32,4,0,0
BRDA:49,5,0,2
BRDA:57,6,0,17
BRDA:58,7,0,0
BRDA:65,8,0,16
BRDA:66,9,0,0
BRDA:73,10,0,34
BRDA:83,11,0,8
BRDA:85,12,0,0
BRDA:85,13,0,0
BRDA:91,14,0,0
BRDA:93,15,0,0
BRDA:104,16,0,7
BRDA:106,17,0,1
BRDA:106,18,0,1
BRDA:110,19,0,6
BRDA:112,20,0,0
BRDA:114,21,0,0
BRDA:177,22,0,7
BRDA:187,23,0,7
BRDA:234,24,0,36
BRDA:248,25,0,46
BRDA:254,26,0,46
BRDA:257,27,0,2
BRDA:258,28,0,44
BRDA:259,29,0,45
BRDA:268,30,0,44
BRDA:277,31,0,2
BRDA:285,32,0,1
BRDA:295,33,0,1
BRDA:297,34,0,0
BRDA:302,35,0,0
BRDA:310,36,0,3
BRDA:317,37,0,2
BRDA:318,38,0,0
BRDA:318,39,0,0
BRDA:326,40,0,1
BRDA:333,41,0,1
BRDA:334,42,0,0
BRDA:334,43,0,0
BRDA:346,44,0,56
BRDA:353,45,0,2
BRDA:361,46,0,6
BRDA:369,47,0,1
BRDA:405,48,0,44
BRDA:408,49,0,44
BRDA:426,50,0,10
BRDA:427,51,0,0
BRDA:436,52,0,3
BRDA:446,53,0,3
BRDA:447,54,0,0
BRDA:448,55,0,0
BRDA:463,56,0,2
BRDA:464,57,0,0
BRDA:465,58,0,0
BRDA:474,59,0,50
BRDA:479,60,0,50
BRDA:481,61,0,48
BRDA:481,62,0,46
BRDA:487,63,0,4
BRDA:492,64,0,1
BRDA:500,65,0,1
BRDA:504,66,0,0
BRDA:511,67,0,16
BRDA:524,68,0,9
BRDA:537,69,0,5
BRDA:553,70,0,2
BRDA:554,71,0,0
BRDA:563,72,0,2
BRDA:566,73,0,0
BRDA:574,74,0,1
BRDA:575,75,0,0
BRDA:594,76,0,1
BRDA:603,77,0,1
BRDA:615,78,0,48
BRDA:624,79,0,29
BRDA:626,80,0,6
BRDA:629,81,0,29
BRDA:639,82,0,4
BRDA:660,83,0,2
BRDA:681,84,0,16
BRDA:693,85,0,1
BRDA:694,86,0,0
BRDA:704,87,0,1
BRDA:713,88,0,15
BRDA:714,89,0,6
BRDA:717,90,0,15
BRF:91
BRH:65
end_of_record
TN:
SF:lib/utils/check-types.ts
FN:4,<static_initializer>
FN:5,ValidateType
FN:7,create
FN:14,isArray
FN:17,isString
FN:20,isNumber
FN:23,isDate
FN:26,isObject
FN:43,isNull
FN:46,isUndefined
FN:49,isBoolean
FN:52,isFunction
FN:55,isEntity
FN:59,isAggregate
FN:62,isValueObject
FN:65,isSymbol
FN:68,isID
FN:71,number
FN:85,string
FN:97,date
FNF:20
FNH:16
FNDA:6,<static_initializer>
FNDA:6,ValidateType
FNDA:57,create
FNDA:21,isArray
FNDA:14,isString
FNDA:14,isNumber
FNDA:14,isDate
FNDA:15,isObject
FNDA:14,isNull
FNDA:14,isUndefined
FNDA:14,isBoolean
FNDA:14,isFunction
FNDA:21,isEntity
FNDA:42,isAggregate
FNDA:21,isValueObject
FNDA:0,isSymbol
FNDA:22,isID
FNDA:0,number
FNDA:0,string
FNDA:0,date
DA:1,1
DA:2,1
DA:3,1
DA:4,1
DA:5,1
DA:6,1
DA:7,1
DA:8,57
DA:9,6
DA:10,6
DA:11,57
DA:12,57
DA:13,1
DA:14,1
DA:15,21
DA:16,21
DA:17,1
DA:18,14
DA:19,14
DA:20,1
DA:21,14
DA:22,14
DA:23,1
DA:24,14
DA:25,14
DA:26,1
DA:27,15
DA:28,15
DA:29,15
DA:30,15
DA:31,7
DA:32,7
DA:33,7
DA:34,7
DA:35,7
DA:36,7
DA:37,15
DA:38,15
DA:39,15
DA:40,0
DA:41,0
DA:42,15
DA:43,1
DA:44,14
DA:45,14
DA:46,1
DA:47,14
DA:48,14
DA:49,1
DA:50,14
DA:51,14
DA:52,1
DA:53,14
DA:54,14
DA:55,1
DA:56,21
DA:57,21
DA:58,21
DA:59,1
DA:60,42
DA:61,42
DA:62,1
DA:63,21
DA:64,21
DA:65,1
DA:66,0
DA:67,0
DA:68,1
DA:69,22
DA:70,22
DA:71,1
DA:72,0
DA:73,0
DA:74,0
DA:75,0
DA:76,0
DA:77,0
DA:78,0
DA:79,0
DA:80,0
DA:81,0
DA:82,0
DA:83,0
DA:84,0
DA:85,1
DA:86,0
DA:87,0
DA:88,0
DA:89,0
DA:90,0
DA:91,0
DA:92,0
DA:93,0
DA:94,0
DA:95,0
DA:96,0
DA:97,1
DA:98,0
DA:99,0
DA:100,0
DA:101,0
DA:102,0
DA:103,0
DA:104,0
DA:105,0
DA:106,0
DA:107,0
DA:108,0
DA:109,0
DA:110,1
LF:110
LH:70
BRDA:4,0,0,6
BRDA:5,1,0,6
BRDA:7,2,0,57
BRDA:8,3,0,6
BRDA:14,4,0,21
BRDA:17,5,0,14
BRDA:20,6,0,14
BRDA:23,7,0,14
BRDA:26,8,0,15
BRDA:29,9,0,9
BRDA:29,10,0,7
BRDA:30,11,0,8
BRDA:30,12,0,1
BRDA:31,13,0,7
BRDA:37,14,0,6
BRDA:37,15,0,5
BRDA:37,16,0,4
BRDA:37,17,0,3
BRDA:37,18,0,2
BRDA:39,19,0,0
BRDA:43,20,0,14
BRDA:46,21,0,14
BRDA:49,22,0,14
BRDA:52,23,0,14
BRDA:55,24,0,21
BRDA:57,25,0,19
BRDA:59,26,0,42
BRDA:62,27,0,21
BRDA:68,28,0,22
BRF:29
BRH:28
end_of_record
